Copyright 1986-2020 Xilinx, Inc. All Rights Reserved.
-----------------------------------------------------------------------------------------------------
| Tool Version : Vivado v.2020.1 (win64) Build 2902540 Wed May 27 19:54:49 MDT 2020
| Date         : Sun May 31 20:37:56 2026
| Host         : LAPTOP-NHP826N0 running 64-bit major release  (build 9200)
| Command      : report_control_sets -verbose -file diagrama_bloques_wrapper_control_sets_placed.rpt
| Design       : diagrama_bloques_wrapper
| Device       : xc7z010
-----------------------------------------------------------------------------------------------------

Control Set Information

Table of Contents
-----------------
1. Summary
2. Histogram
3. Flip-Flop Distribution
4. Detailed Control Set Information

1. Summary
----------

+----------------------------------------------------------+-------+
|                          Status                          | Count |
+----------------------------------------------------------+-------+
| Total control sets                                       |    85 |
|    Minimum number of control sets                        |    85 |
|    Addition due to synthesis replication                 |     0 |
|    Addition due to physical synthesis replication        |     0 |
| Unused register locations in slices containing registers |   282 |
+----------------------------------------------------------+-------+
* Control sets can be merged at opt_design using control_set_merge or merge_equivalent_drivers
** Run report_qor_suggestions for automated merging and remapping suggestions


2. Histogram
------------

+--------------------+-------+
|       Fanout       | Count |
+--------------------+-------+
| Total control sets |    85 |
| >= 0 to < 4        |     3 |
| >= 4 to < 6        |    16 |
| >= 6 to < 8        |     5 |
| >= 8 to < 10       |    20 |
| >= 10 to < 12      |     6 |
| >= 12 to < 14      |     9 |
| >= 14 to < 16      |     3 |
| >= 16              |    23 |
+--------------------+-------+
* Control sets can be remapped at either synth_design or opt_design


3. Flip-Flop Distribution
-------------------------

+--------------+-----------------------+------------------------+-----------------+--------------+
| Clock Enable | Synchronous Set/Reset | Asynchronous Set/Reset | Total Registers | Total Slices |
+--------------+-----------------------+------------------------+-----------------+--------------+
| No           | No                    | No                     |             206 |           66 |
| No           | No                    | Yes                    |               0 |            0 |
| No           | Yes                   | No                     |             230 |           86 |
| Yes          | No                    | No                     |             535 |          122 |
| Yes          | No                    | Yes                    |               0 |            0 |
| Yes          | Yes                   | No                     |             371 |          113 |
+--------------+-----------------------+------------------------+-----------------+--------------+


4. Detailed Control Set Information
-----------------------------------

+---------------------------------------------------------+------------------------------------------------------------------------------------------------------------------------------------------------------------------------+---------------------------------------------------------------------------------------------------------------------------------------------+------------------+----------------+--------------+
|                       Clock Signal                      |                                                                              Enable Signal                                                                             |                                                               Set/Reset Signal                                                              | Slice Load Count | Bel Load Count | Bels / Slice |
+---------------------------------------------------------+------------------------------------------------------------------------------------------------------------------------------------------------------------------------+---------------------------------------------------------------------------------------------------------------------------------------------+------------------+----------------+--------------+
|  diagrama_bloques_i/processing_system7_0/inst/FCLK_CLK0 | diagrama_bloques_i/axi_iic_0/U0/X_IIC/REG_INTERFACE_I/p_3_in                                                                                                           | diagrama_bloques_i/axi_iic_0/U0/X_IIC/REG_INTERFACE_I/Tx_fifo_rst                                                                           |                1 |              1 |         1.00 |
|  diagrama_bloques_i/processing_system7_0/inst/FCLK_CLK0 | diagrama_bloques_i/ps7_0_axi_periph/s00_couplers/auto_pc/inst/gen_axilite.gen_b2s_conv.axilite_b2s/WR.b_channel_0/bid_fifo_0/bresp_push                                |                                                                                                                                             |                1 |              2 |         2.00 |
|  diagrama_bloques_i/processing_system7_0/inst/FCLK_CLK0 | diagrama_bloques_i/axi_iic_0/U0/X_IIC/WRITE_FIFO_CTRL_I/CI                                                                                                             |                                                                                                                                             |                1 |              2 |         2.00 |
|  diagrama_bloques_i/processing_system7_0/inst/FCLK_CLK0 |                                                                                                                                                                        | diagrama_bloques_i/ps7_0_axi_periph/s00_couplers/auto_pc/inst/gen_axilite.gen_b2s_conv.axilite_b2s/SI_REG/ar.ar_pipe/aresetn_d_reg[1]_inv_0 |                3 |              4 |         1.33 |
|  diagrama_bloques_i/processing_system7_0/inst/FCLK_CLK0 | diagrama_bloques_i/axi_iic_0/U0/X_IIC/IIC_CONTROL_I/BITCNT/q_int[0]_i_1__1_n_0                                                                                         | diagrama_bloques_i/axi_iic_0/U0/X_IIC/REG_INTERFACE_I/cr_i_reg[7]_0                                                                         |                1 |              4 |         4.00 |
|  diagrama_bloques_i/processing_system7_0/inst/FCLK_CLK0 |                                                                                                                                                                        | diagrama_bloques_i/rst_ps7_0_50M/U0/EXT_LPF/lpf_int                                                                                         |                2 |              4 |         2.00 |
|  diagrama_bloques_i/processing_system7_0/inst/FCLK_CLK0 | diagrama_bloques_i/axi_gpio_0/U0/AXI_LITE_IPIF_I/I_SLAVE_ATTACHMENT/bus2ip_addr_i[8]_i_1_n_0                                                                           | diagrama_bloques_i/axi_gpio_0/U0/AXI_LITE_IPIF_I/I_SLAVE_ATTACHMENT/SR[0]                                                                   |                1 |              4 |         4.00 |
|  diagrama_bloques_i/processing_system7_0/inst/FCLK_CLK0 | diagrama_bloques_i/axi_gpio_0/U0/AXI_LITE_IPIF_I/I_SLAVE_ATTACHMENT/start2                                                                                             | diagrama_bloques_i/axi_gpio_0/U0/AXI_LITE_IPIF_I/I_SLAVE_ATTACHMENT/I_DECODER/cs_ce_clr                                                     |                1 |              4 |         4.00 |
|  diagrama_bloques_i/processing_system7_0/inst/FCLK_CLK0 | diagrama_bloques_i/axi_iic_0/U0/X_IIC/WRITE_FIFO_I/Tx_data_exists                                                                                                      | diagrama_bloques_i/axi_iic_0/U0/X_IIC/REG_INTERFACE_I/Tx_fifo_rst                                                                           |                1 |              4 |         4.00 |
|  diagrama_bloques_i/processing_system7_0/inst/FCLK_CLK0 |                                                                                                                                                                        | diagrama_bloques_i/axi_iic_0/U0/X_IIC/X_AXI_IPIF_SSP1/AXI_LITE_IPIF_I/I_SLAVE_ATTACHMENT/INCLUDE_DPHASE_TIMER.dpto_cnt[3]_i_1_n_0           |                1 |              4 |         4.00 |
|  diagrama_bloques_i/processing_system7_0/inst/FCLK_CLK0 | diagrama_bloques_i/axi_iic_0/U0/X_IIC/WRITE_FIFO_CTRL_I/Data_Exists_DFF_0                                                                                              | diagrama_bloques_i/axi_iic_0/U0/X_IIC/REG_INTERFACE_I/Tx_fifo_rst                                                                           |                1 |              4 |         4.00 |
|  diagrama_bloques_i/processing_system7_0/inst/FCLK_CLK0 | diagrama_bloques_i/axi_iic_0/U0/X_IIC/READ_FIFO_I/Rc_Data_Exists                                                                                                       | diagrama_bloques_i/axi_iic_0/U0/X_IIC/X_AXI_IPIF_SSP1/X_SOFT_RESET/SR[0]                                                                    |                1 |              4 |         4.00 |
|  diagrama_bloques_i/processing_system7_0/inst/FCLK_CLK0 |                                                                                                                                                                        | diagrama_bloques_i/ps7_0_axi_periph/s00_couplers/auto_pc/inst/gen_axilite.gen_b2s_conv.axilite_b2s/SI_REG/aw.aw_pipe/aresetn_d_reg[0]_0     |                3 |              4 |         1.33 |
|  diagrama_bloques_i/processing_system7_0/inst/FCLK_CLK0 |                                                                                                                                                                        | diagrama_bloques_i/axi_gpio_0/U0/AXI_LITE_IPIF_I/I_SLAVE_ATTACHMENT/clear                                                                   |                1 |              4 |         4.00 |
|  diagrama_bloques_i/processing_system7_0/inst/FCLK_CLK0 | diagrama_bloques_i/axi_iic_0/U0/X_IIC/X_AXI_IPIF_SSP1/AXI_LITE_IPIF_I/I_SLAVE_ATTACHMENT/I_DECODER/Bus2IIC_WrCE[8]                                                     | diagrama_bloques_i/axi_iic_0/U0/X_IIC/X_AXI_IPIF_SSP1/X_SOFT_RESET/SR[0]                                                                    |                1 |              4 |         4.00 |
|  diagrama_bloques_i/processing_system7_0/inst/FCLK_CLK0 | diagrama_bloques_i/axi_gpio_0/U0/AXI_LITE_IPIF_I/I_SLAVE_ATTACHMENT/s_axi_rresp_i                                                                                      | diagrama_bloques_i/axi_gpio_0/U0/AXI_LITE_IPIF_I/I_SLAVE_ATTACHMENT/SR[0]                                                                   |                1 |              4 |         4.00 |
|  diagrama_bloques_i/processing_system7_0/inst/FCLK_CLK0 | diagrama_bloques_i/axi_iic_0/U0/X_IIC/X_AXI_IPIF_SSP1/AXI_LITE_IPIF_I/I_SLAVE_ATTACHMENT/I_DECODER/Bus2IIC_WrCE[11]                                                    | diagrama_bloques_i/axi_iic_0/U0/X_IIC/X_AXI_IPIF_SSP1/X_SOFT_RESET/SR[0]                                                                    |                2 |              5 |         2.50 |
|  diagrama_bloques_i/processing_system7_0/inst/FCLK_CLK0 | diagrama_bloques_i/ps7_0_axi_periph/s00_couplers/auto_pc/inst/gen_axilite.gen_b2s_conv.axilite_b2s/RD.r_channel_0/transaction_fifo_0/cnt_read[4]_i_1__0_n_0            | diagrama_bloques_i/ps7_0_axi_periph/s00_couplers/auto_pc/inst/gen_axilite.gen_b2s_conv.axilite_b2s/areset_d1                                |                2 |              5 |         2.50 |
|  diagrama_bloques_i/processing_system7_0/inst/FCLK_CLK0 | diagrama_bloques_i/ps7_0_axi_periph/s00_couplers/auto_pc/inst/gen_axilite.gen_b2s_conv.axilite_b2s/RD.r_channel_0/rd_data_fifo_0/cnt_read[4]_i_1_n_0                   | diagrama_bloques_i/ps7_0_axi_periph/s00_couplers/auto_pc/inst/gen_axilite.gen_b2s_conv.axilite_b2s/areset_d1                                |                1 |              5 |         5.00 |
|  diagrama_bloques_i/processing_system7_0/inst/FCLK_CLK0 |                                                                                                                                                                        | diagrama_bloques_i/axi_gpio_0/U0/gpio_core_1/Read_Reg_Rst                                                                                   |                2 |              6 |         3.00 |
|  diagrama_bloques_i/processing_system7_0/inst/FCLK_CLK0 |                                                                                                                                                                        | diagrama_bloques_i/axi_iic_0/U0/X_IIC/X_AXI_IPIF_SSP1/X_SOFT_RESET/AXI_Bus2IP_Reset                                                         |                1 |              6 |         6.00 |
|  diagrama_bloques_i/processing_system7_0/inst/FCLK_CLK0 | diagrama_bloques_i/rst_ps7_0_50M/U0/SEQ/seq_cnt_en                                                                                                                     | diagrama_bloques_i/rst_ps7_0_50M/U0/SEQ/SEQ_COUNTER/clear                                                                                   |                1 |              6 |         6.00 |
|  diagrama_bloques_i/processing_system7_0/inst/FCLK_CLK0 |                                                                                                                                                                        | diagrama_bloques_i/axi_iic_0/U0/X_IIC/REG_INTERFACE_I/Tx_fifo_rst                                                                           |                3 |              6 |         2.00 |
|  diagrama_bloques_i/processing_system7_0/inst/FCLK_CLK0 | diagrama_bloques_i/axi_iic_0/U0/X_IIC/X_AXI_IPIF_SSP1/AXI_LITE_IPIF_I/I_SLAVE_ATTACHMENT/I_DECODER/Bus2IIC_WrCE[9]                                                     | diagrama_bloques_i/axi_iic_0/U0/X_IIC/X_AXI_IPIF_SSP1/X_SOFT_RESET/SR[0]                                                                    |                2 |              7 |         3.50 |
|  diagrama_bloques_i/processing_system7_0/inst/FCLK_CLK0 | diagrama_bloques_i/axi_iic_0/U0/X_IIC/IIC_CONTROL_I/I2CDATA_REG/data_int[7]_i_1_n_0                                                                                    | diagrama_bloques_i/axi_iic_0/U0/X_IIC/REG_INTERFACE_I/cr_i_reg[7]_0                                                                         |                2 |              8 |         4.00 |
|  diagrama_bloques_i/processing_system7_0/inst/FCLK_CLK0 | diagrama_bloques_i/axi_iic_0/U0/X_IIC/READ_FIFO_I/CI                                                                                                                   |                                                                                                                                             |                1 |              8 |         8.00 |
|  diagrama_bloques_i/processing_system7_0/inst/FCLK_CLK0 | diagrama_bloques_i/axi_iic_0/U0/X_IIC/DYN_MASTER_I/rdByteCntr[0]_i_1_n_0                                                                                               | diagrama_bloques_i/axi_iic_0/U0/X_IIC/REG_INTERFACE_I/Tx_fifo_rst                                                                           |                2 |              8 |         4.00 |
|  diagrama_bloques_i/processing_system7_0/inst/FCLK_CLK0 | diagrama_bloques_i/axi_iic_0/U0/X_IIC/WRITE_FIFO_I/CI                                                                                                                  |                                                                                                                                             |                1 |              8 |         8.00 |
|  diagrama_bloques_i/processing_system7_0/inst/FCLK_CLK0 | diagrama_bloques_i/ps7_0_axi_periph/s00_couplers/auto_pc/inst/gen_axilite.gen_b2s_conv.axilite_b2s/WR.b_channel_0/mhandshake_r                                         | diagrama_bloques_i/ps7_0_axi_periph/s00_couplers/auto_pc/inst/gen_axilite.gen_b2s_conv.axilite_b2s/WR.b_channel_0/bid_fifo_0/SR[0]          |                2 |              8 |         4.00 |
|  diagrama_bloques_i/processing_system7_0/inst/FCLK_CLK0 | diagrama_bloques_i/axi_iic_0/U0/X_IIC/X_AXI_IPIF_SSP1/AXI_LITE_IPIF_I/I_SLAVE_ATTACHMENT/I_DECODER/E[0]                                                                | diagrama_bloques_i/axi_iic_0/U0/X_IIC/X_AXI_IPIF_SSP1/X_SOFT_RESET/SR[0]                                                                    |                2 |              8 |         4.00 |
|  diagrama_bloques_i/processing_system7_0/inst/FCLK_CLK0 | diagrama_bloques_i/BUZZER_AXI_0/U0/BUZZER_AXI_v1_0_S00_AXI_inst/sample_actual0                                                                                         | diagrama_bloques_i/BUZZER_AXI_0/U0/BUZZER_AXI_v1_0_S00_AXI_inst/sample_actual[7]_i_1_n_0                                                    |                2 |              8 |         4.00 |
|  diagrama_bloques_i/processing_system7_0/inst/FCLK_CLK0 | diagrama_bloques_i/axi_iic_0/U0/X_IIC/IIC_CONTROL_I/data_i2c_i0                                                                                                        | diagrama_bloques_i/axi_iic_0/U0/X_IIC/REG_INTERFACE_I/cr_i_reg[7]_0                                                                         |                1 |              8 |         8.00 |
|  diagrama_bloques_i/processing_system7_0/inst/FCLK_CLK0 | diagrama_bloques_i/axi_iic_0/U0/X_IIC/IIC_CONTROL_I/i2c_header_en                                                                                                      | diagrama_bloques_i/axi_iic_0/U0/X_IIC/REG_INTERFACE_I/cr_i_reg[7]_0                                                                         |                2 |              8 |         4.00 |
|  clk_IBUF_BUFG                                          |                                                                                                                                                                        |                                                                                                                                             |                4 |              9 |         2.25 |
|  diagrama_bloques_i/processing_system7_0/inst/FCLK_CLK0 | diagrama_bloques_i/axi_iic_0/U0/X_IIC/X_AXI_IPIF_SSP1/AXI_LITE_IPIF_I/I_SLAVE_ATTACHMENT/I_DECODER/Bus2IIC_WrCE[0]                                                     | diagrama_bloques_i/axi_iic_0/U0/X_IIC/X_AXI_IPIF_SSP1/X_SOFT_RESET/SR[0]                                                                    |                2 |              9 |         4.50 |
|  diagrama_bloques_i/processing_system7_0/inst/FCLK_CLK0 | diagrama_bloques_i/axi_iic_0/U0/X_IIC/X_AXI_IPIF_SSP1/AXI_LITE_IPIF_I/I_SLAVE_ATTACHMENT/I_DECODER/Bus2IIC_WrCE[2]                                                     | diagrama_bloques_i/axi_iic_0/U0/X_IIC/X_AXI_IPIF_SSP1/X_SOFT_RESET/SR[0]                                                                    |                3 |              9 |         3.00 |
|  diagrama_bloques_i/processing_system7_0/inst/FCLK_CLK0 | diagrama_bloques_i/axi_iic_0/U0/X_IIC/X_AXI_IPIF_SSP1/AXI_LITE_IPIF_I/I_SLAVE_ATTACHMENT/I_DECODER/Bus2IIC_WrCE[7]                                                     | diagrama_bloques_i/axi_iic_0/U0/X_IIC/X_AXI_IPIF_SSP1/X_SOFT_RESET/SR[0]                                                                    |                3 |              9 |         3.00 |
|  diagrama_bloques_i/processing_system7_0/inst/FCLK_CLK0 | diagrama_bloques_i/axi_iic_0/U0/X_IIC/X_AXI_IPIF_SSP1/AXI_LITE_IPIF_I/I_SLAVE_ATTACHMENT/I_DECODER/Bus2IIC_WrCE[5]                                                     | diagrama_bloques_i/axi_iic_0/U0/X_IIC/X_AXI_IPIF_SSP1/X_SOFT_RESET/SR[0]                                                                    |                3 |              9 |         3.00 |
|  diagrama_bloques_i/processing_system7_0/inst/FCLK_CLK0 | diagrama_bloques_i/axi_iic_0/U0/X_IIC/X_AXI_IPIF_SSP1/AXI_LITE_IPIF_I/I_SLAVE_ATTACHMENT/I_DECODER/Bus2IIC_WrCE[4]                                                     | diagrama_bloques_i/axi_iic_0/U0/X_IIC/X_AXI_IPIF_SSP1/X_SOFT_RESET/SR[0]                                                                    |                4 |              9 |         2.25 |
|  diagrama_bloques_i/processing_system7_0/inst/FCLK_CLK0 | diagrama_bloques_i/axi_iic_0/U0/X_IIC/X_AXI_IPIF_SSP1/AXI_LITE_IPIF_I/I_SLAVE_ATTACHMENT/I_DECODER/Bus2IIC_WrCE[3]                                                     | diagrama_bloques_i/axi_iic_0/U0/X_IIC/X_AXI_IPIF_SSP1/X_SOFT_RESET/SR[0]                                                                    |                2 |              9 |         4.50 |
|  diagrama_bloques_i/processing_system7_0/inst/FCLK_CLK0 | diagrama_bloques_i/axi_iic_0/U0/X_IIC/X_AXI_IPIF_SSP1/AXI_LITE_IPIF_I/I_SLAVE_ATTACHMENT/I_DECODER/Bus2IIC_WrCE[6]                                                     | diagrama_bloques_i/axi_iic_0/U0/X_IIC/X_AXI_IPIF_SSP1/X_SOFT_RESET/SR[0]                                                                    |                6 |              9 |         1.50 |
|  diagrama_bloques_i/processing_system7_0/inst/FCLK_CLK0 | diagrama_bloques_i/axi_iic_0/U0/X_IIC/X_AXI_IPIF_SSP1/AXI_LITE_IPIF_I/I_SLAVE_ATTACHMENT/I_DECODER/Bus2IIC_WrCE[1]                                                     | diagrama_bloques_i/axi_iic_0/U0/X_IIC/X_AXI_IPIF_SSP1/X_SOFT_RESET/SR[0]                                                                    |                3 |              9 |         3.00 |
|  diagrama_bloques_i/processing_system7_0/inst/FCLK_CLK0 | diagrama_bloques_i/axi_iic_0/U0/X_IIC/IIC_CONTROL_I/SETUP_CNT/q_int[0]_i_1_n_0                                                                                         | diagrama_bloques_i/axi_iic_0/U0/X_IIC/REG_INTERFACE_I/cr_i_reg[7]_0                                                                         |                2 |              9 |         4.50 |
|  diagrama_bloques_i/processing_system7_0/inst/FCLK_CLK0 | diagrama_bloques_i/axi_iic_0/U0/X_IIC/IIC_CONTROL_I/CLKCNT/q_int[0]_i_1__0_n_0                                                                                         | diagrama_bloques_i/axi_iic_0/U0/X_IIC/REG_INTERFACE_I/cr_i_reg[7]_0                                                                         |                4 |              9 |         2.25 |
|  diagrama_bloques_i/processing_system7_0/inst/FCLK_CLK0 | diagrama_bloques_i/BUZZER_AXI_0/U0/BUZZER_AXI_v1_0_S00_AXI_inst/fifo_read_puntero[0]_i_1_n_0                                                                           | diagrama_bloques_i/BUZZER_AXI_0/U0/BUZZER_AXI_v1_0_S00_AXI_inst/play_counter                                                                |                2 |             10 |         5.00 |
|  diagrama_bloques_i/processing_system7_0/inst/FCLK_CLK0 | diagrama_bloques_i/axi_iic_0/U0/X_IIC/X_AXI_IPIF_SSP1/AXI_LITE_IPIF_I/I_SLAVE_ATTACHMENT/bus2ip_addr_i[8]_i_1_n_0                                                      | diagrama_bloques_i/axi_iic_0/U0/X_IIC/X_AXI_IPIF_SSP1/AXI_LITE_IPIF_I/I_SLAVE_ATTACHMENT/rst                                                |                3 |             10 |         3.33 |
|  diagrama_bloques_i/processing_system7_0/inst/FCLK_CLK0 | diagrama_bloques_i/BUZZER_AXI_0/U0/BUZZER_AXI_v1_0_S00_AXI_inst/fifo_write_puntero[9]_i_1_n_0                                                                          | diagrama_bloques_i/BUZZER_AXI_0/U0/BUZZER_AXI_v1_0_S00_AXI_inst/play_counter                                                                |                2 |             10 |         5.00 |
|  diagrama_bloques_i/processing_system7_0/inst/FCLK_CLK0 | diagrama_bloques_i/axi_iic_0/U0/X_IIC/IIC_CONTROL_I/FSM_onehot_scl_state[9]_i_2_n_0                                                                                    | diagrama_bloques_i/axi_iic_0/U0/X_IIC/REG_INTERFACE_I/cr_i_reg[7]_0                                                                         |                4 |             10 |         2.50 |
|  diagrama_bloques_i/processing_system7_0/inst/FCLK_CLK0 |                                                                                                                                                                        | diagrama_bloques_i/ps7_0_axi_periph/s00_couplers/auto_pc/inst/gen_axilite.gen_b2s_conv.axilite_b2s/areset_d1                                |                4 |             10 |         2.50 |
|  diagrama_bloques_i/processing_system7_0/inst/FCLK_CLK0 | diagrama_bloques_i/axi_iic_0/U0/X_IIC/X_AXI_IPIF_SSP1/AXI_LITE_IPIF_I/I_SLAVE_ATTACHMENT/s_axi_rresp_i                                                                 | diagrama_bloques_i/axi_iic_0/U0/X_IIC/X_AXI_IPIF_SSP1/AXI_LITE_IPIF_I/I_SLAVE_ATTACHMENT/rst                                                |                5 |             11 |         2.20 |
|  diagrama_bloques_i/processing_system7_0/inst/FCLK_CLK0 | diagrama_bloques_i/ps7_0_axi_periph/s00_couplers/auto_pc/inst/gen_axilite.gen_b2s_conv.axilite_b2s/WR.aw_channel_0/aw_cmd_fsm_0/FSM_sequential_state_reg[1]_0[0]       |                                                                                                                                             |                5 |             12 |         2.40 |
|  diagrama_bloques_i/processing_system7_0/inst/FCLK_CLK0 | diagrama_bloques_i/ps7_0_axi_periph/s00_couplers/auto_pc/inst/gen_axilite.gen_b2s_conv.axilite_b2s/WR.aw_channel_0/cmd_translator_0/incr_cmd_0/axaddr_incr[11]_i_1_n_0 |                                                                                                                                             |                3 |             12 |         4.00 |
|  diagrama_bloques_i/processing_system7_0/inst/FCLK_CLK0 |                                                                                                                                                                        | diagrama_bloques_i/axi_iic_0/U0/X_IIC/X_AXI_IPIF_SSP1/AXI_LITE_IPIF_I/I_SLAVE_ATTACHMENT/rst                                                |                4 |             12 |         3.00 |
|  diagrama_bloques_i/processing_system7_0/inst/FCLK_CLK0 | diagrama_bloques_i/ps7_0_axi_periph/s00_couplers/auto_pc/inst/gen_axilite.gen_b2s_conv.axilite_b2s/RD.ar_channel_0/ar_cmd_fsm_0/E[0]                                   |                                                                                                                                             |                4 |             12 |         3.00 |
|  diagrama_bloques_i/processing_system7_0/inst/FCLK_CLK0 | diagrama_bloques_i/ps7_0_axi_periph/s00_couplers/auto_pc/inst/gen_axilite.gen_b2s_conv.axilite_b2s/RD.ar_channel_0/ar_cmd_fsm_0/sel_first_reg[0]                       |                                                                                                                                             |                3 |             12 |         4.00 |
|  diagrama_bloques_i/processing_system7_0/inst/FCLK_CLK0 |                                                                                                                                                                        | diagrama_bloques_i/BUZZER_AXI_0/U0/BUZZER_AXI_v1_0_S00_AXI_inst/play_counter                                                                |                4 |             13 |         3.25 |
|  diagrama_bloques_i/processing_system7_0/inst/FCLK_CLK0 |                                                                                                                                                                        | diagrama_bloques_i/ps7_0_axi_periph/xbar/inst/gen_sasd.crossbar_sasd_0/addr_arbiter_inst/SR[0]                                              |                6 |             13 |         2.17 |
|  diagrama_bloques_i/processing_system7_0/inst/FCLK_CLK0 |                                                                                                                                                                        | diagrama_bloques_i/BUZZER_AXI_0/U0/BUZZER_AXI_v1_0_S00_AXI_inst/sample_counter[0]_i_1_n_0                                                   |                4 |             13 |         3.25 |
|  diagrama_bloques_i/processing_system7_0/inst/FCLK_CLK0 | diagrama_bloques_i/ps7_0_axi_periph/s00_couplers/auto_pc/inst/gen_axilite.gen_b2s_conv.axilite_b2s/RD.r_channel_0/r_push_r                                             |                                                                                                                                             |                4 |             13 |         3.25 |
|  diagrama_bloques_i/processing_system7_0/inst/FCLK_CLK0 | diagrama_bloques_i/ps7_0_axi_periph/s00_couplers/auto_pc/inst/gen_axilite.gen_b2s_conv.axilite_b2s/SI_REG/b.b_pipe/s_ready_i_reg_0                                     |                                                                                                                                             |                3 |             14 |         4.67 |
|  diagrama_bloques_i/processing_system7_0/inst/FCLK_CLK0 | diagrama_bloques_i/ps7_0_axi_periph/s00_couplers/auto_pc/inst/gen_axilite.gen_b2s_conv.axilite_b2s/SI_REG/b.b_pipe/p_1_in                                              |                                                                                                                                             |                4 |             14 |         3.50 |
|  diagrama_bloques_i/processing_system7_0/inst/FCLK_CLK0 | diagrama_bloques_i/ps7_0_axi_periph/xbar/inst/gen_sasd.crossbar_sasd_0/reg_slice_r/aa_rready                                                                           |                                                                                                                                             |                4 |             15 |         3.75 |
|  diagrama_bloques_i/processing_system7_0/inst/FCLK_CLK0 | diagrama_bloques_i/ps7_0_axi_periph/s00_couplers/auto_pc/inst/gen_axilite.gen_b2s_conv.axilite_b2s/WR.b_channel_0/bid_fifo_0/sel                                       |                                                                                                                                             |                3 |             16 |         5.33 |
|  diagrama_bloques_i/processing_system7_0/inst/FCLK_CLK0 |                                                                                                                                                                        | diagrama_bloques_i/BUZZER_AXI_0/U0/BUZZER_AXI_v1_0_S00_AXI_inst/clear                                                                       |               10 |             23 |         2.30 |
|  diagrama_bloques_i/processing_system7_0/inst/FCLK_CLK0 | diagrama_bloques_i/axi_iic_0/U0/X_IIC/X_AXI_IPIF_SSP1/AXI_LITE_IPIF_I/I_SLAVE_ATTACHMENT/start2                                                                        | diagrama_bloques_i/axi_iic_0/U0/X_IIC/X_AXI_IPIF_SSP1/AXI_LITE_IPIF_I/I_SLAVE_ATTACHMENT/I_DECODER/cs_ce_clr                                |                7 |             24 |         3.43 |
|  diagrama_bloques_i/processing_system7_0/inst/FCLK_CLK0 | diagrama_bloques_i/ps7_0_axi_periph/s00_couplers/auto_pc/inst/gen_axilite.gen_b2s_conv.axilite_b2s/RD.ar_channel_0/ar_cmd_fsm_0/m_valid_i_reg[0]                       |                                                                                                                                             |                9 |             24 |         2.67 |
|  diagrama_bloques_i/processing_system7_0/inst/FCLK_CLK0 | diagrama_bloques_i/ps7_0_axi_periph/s00_couplers/auto_pc/inst/gen_axilite.gen_b2s_conv.axilite_b2s/WR.aw_channel_0/aw_cmd_fsm_0/E[0]                                   |                                                                                                                                             |                8 |             24 |         3.00 |
|  diagrama_bloques_i/processing_system7_0/inst/FCLK_CLK0 | diagrama_bloques_i/ps7_0_axi_periph/xbar/inst/gen_sasd.crossbar_sasd_0/addr_arbiter_inst/p_0_in1_in                                                                    | diagrama_bloques_i/ps7_0_axi_periph/xbar/inst/gen_sasd.crossbar_sasd_0/addr_arbiter_inst/SR[0]                                              |                8 |             25 |         3.12 |
|  clk_IBUF_BUFG                                          | diagrama_bloques_i/Debouncer_1/U0/timer_0                                                                                                                              |                                                                                                                                             |                4 |             25 |         6.25 |
|  clk_IBUF_BUFG                                          | diagrama_bloques_i/Debouncer_2/U0/timer_0                                                                                                                              |                                                                                                                                             |                4 |             25 |         6.25 |
|  diagrama_bloques_i/processing_system7_0/inst/FCLK_CLK0 |                                                                                                                                                                        | diagrama_bloques_i/axi_gpio_0/U0/AXI_LITE_IPIF_I/I_SLAVE_ATTACHMENT/SR[0]                                                                   |                7 |             25 |         3.57 |
|  clk_IBUF_BUFG                                          | diagrama_bloques_i/Debouncer_0/U0/timer_0                                                                                                                              |                                                                                                                                             |                5 |             25 |         5.00 |
|  diagrama_bloques_i/processing_system7_0/inst/FCLK_CLK0 | diagrama_bloques_i/BUZZER_AXI_0/U0/BUZZER_AXI_v1_0_S00_AXI_inst/play_counter[0]_i_1_n_0                                                                                | diagrama_bloques_i/BUZZER_AXI_0/U0/BUZZER_AXI_v1_0_S00_AXI_inst/play_counter                                                                |                8 |             32 |         4.00 |
|  diagrama_bloques_i/processing_system7_0/inst/FCLK_CLK0 | diagrama_bloques_i/BUZZER_AXI_0/U0/BUZZER_AXI_v1_0_S00_AXI_inst/slv_reg_rden                                                                                           | diagrama_bloques_i/BUZZER_AXI_0/U0/BUZZER_AXI_v1_0_S00_AXI_inst/clear                                                                       |               12 |             32 |         2.67 |
|  diagrama_bloques_i/processing_system7_0/inst/FCLK_CLK0 | diagrama_bloques_i/ps7_0_axi_periph/s00_couplers/auto_pc/inst/gen_axilite.gen_b2s_conv.axilite_b2s/RD.r_channel_0/rd_data_fifo_0/wr_en0                                |                                                                                                                                             |                9 |             34 |         3.78 |
|  diagrama_bloques_i/processing_system7_0/inst/FCLK_CLK0 | diagrama_bloques_i/ps7_0_axi_periph/xbar/inst/gen_sasd.crossbar_sasd_0/addr_arbiter_inst/E[0]                                                                          |                                                                                                                                             |                8 |             35 |         4.38 |
|  diagrama_bloques_i/processing_system7_0/inst/FCLK_CLK0 |                                                                                                                                                                        | diagrama_bloques_i/axi_iic_0/U0/X_IIC/REG_INTERFACE_I/cr_i_reg[7]_0                                                                         |               14 |             41 |         2.93 |
|  diagrama_bloques_i/processing_system7_0/inst/FCLK_CLK0 |                                                                                                                                                                        | diagrama_bloques_i/axi_iic_0/U0/X_IIC/X_AXI_IPIF_SSP1/X_SOFT_RESET/SR[0]                                                                    |               17 |             42 |         2.47 |
|  diagrama_bloques_i/processing_system7_0/inst/FCLK_CLK0 | diagrama_bloques_i/ps7_0_axi_periph/s00_couplers/auto_pc/inst/gen_axilite.gen_b2s_conv.axilite_b2s/SI_REG/r.r_pipe/p_1_in                                              |                                                                                                                                             |                7 |             47 |         6.71 |
|  diagrama_bloques_i/processing_system7_0/inst/FCLK_CLK0 | diagrama_bloques_i/ps7_0_axi_periph/s00_couplers/auto_pc/inst/gen_axilite.gen_b2s_conv.axilite_b2s/SI_REG/r.r_pipe/s_ready_i_reg_0                                     |                                                                                                                                             |               11 |             47 |         4.27 |
|  diagrama_bloques_i/processing_system7_0/inst/FCLK_CLK0 | diagrama_bloques_i/ps7_0_axi_periph/s00_couplers/auto_pc/inst/gen_axilite.gen_b2s_conv.axilite_b2s/SI_REG/aw.aw_pipe/s_ready_i_reg_0                                   |                                                                                                                                             |               10 |             48 |         4.80 |
|  diagrama_bloques_i/processing_system7_0/inst/FCLK_CLK0 | diagrama_bloques_i/ps7_0_axi_periph/s00_couplers/auto_pc/inst/gen_axilite.gen_b2s_conv.axilite_b2s/WR.b_channel_0/bid_fifo_0/E[0]                                      |                                                                                                                                             |               10 |             48 |         4.80 |
|  diagrama_bloques_i/processing_system7_0/inst/FCLK_CLK0 | diagrama_bloques_i/ps7_0_axi_periph/s00_couplers/auto_pc/inst/gen_axilite.gen_b2s_conv.axilite_b2s/RD.ar_channel_0/ar_cmd_fsm_0/m_valid_i_reg_1[0]                     |                                                                                                                                             |               10 |             48 |         4.80 |
|  diagrama_bloques_i/processing_system7_0/inst/FCLK_CLK0 | diagrama_bloques_i/ps7_0_axi_periph/s00_couplers/auto_pc/inst/gen_axilite.gen_b2s_conv.axilite_b2s/SI_REG/ar.ar_pipe/s_ready_i_reg_0                                   |                                                                                                                                             |               10 |             48 |         4.80 |
|  diagrama_bloques_i/processing_system7_0/inst/FCLK_CLK0 |                                                                                                                                                                        |                                                                                                                                             |               63 |            198 |         3.14 |
+---------------------------------------------------------+------------------------------------------------------------------------------------------------------------------------------------------------------------------------+---------------------------------------------------------------------------------------------------------------------------------------------+------------------+----------------+--------------+


