13:00:51 INFO  : Launching XSCT server: xsct.bat -n  -interactive D:\Proyecto-02-SEP\Vitis\temp_xsdb_launch_script.tcl
13:00:51 INFO  : Registering command handlers for Vitis TCF services
13:00:54 INFO  : Platform repository initialization has completed.
13:00:55 INFO  : XSCT server has started successfully.
13:00:55 INFO  : plnx-install-location is set to ''
13:00:55 INFO  : Successfully done setting XSCT server connection channel  
13:00:55 INFO  : Successfully done query RDI_DATADIR 
13:00:55 INFO  : Successfully done setting workspace for the tool. 
13:01:39 INFO  : Result from executing command 'getProjects': GH_HW
13:01:39 INFO  : Result from executing command 'getPlatforms': 
13:02:42 INFO  : Result from executing command 'getProjects': GH_HW
13:02:42 INFO  : Result from executing command 'getPlatforms': GH_HW|D:/Proyecto-02-SEP/Vitis/GH_HW/export/GH_HW/GH_HW.xpfm
13:04:08 INFO  : Checking for BSP changes to sync application flags for project 'GH_SW'...
13:15:50 INFO  : Successfully done sdx_reload_mss "D:/Proyecto-02-SEP/Vitis/GH_HW/zynq_fsbl/zynq_fsbl_bsp/system.mss"
13:16:04 INFO  : (SwPlatform)  Successfully done add_library 
13:16:13 INFO  : (SwPlatform) Successfully done removeLibrary 
13:16:16 INFO  : Successfully done sdx_reload_mss "D:/Proyecto-02-SEP/Vitis/GH_HW/zynq_fsbl/zynq_fsbl_bsp/system.mss"
13:16:16 INFO  : No changes in MSS file content so sources will not be generated.
13:16:17 INFO  : Successfully done sdx_reload_mss "D:/Proyecto-02-SEP/Vitis/GH_HW/ps7_cortexa9_0/standalone_domain/bsp/system.mss"
13:16:23 INFO  : (SwPlatform)  Successfully done add_library 
13:16:28 INFO  : (SwPlatform) Successfully done update_mss 
13:16:28 INFO  : Successfully done sdx_reload_mss "D:/Proyecto-02-SEP/Vitis/GH_HW/ps7_cortexa9_0/standalone_domain/bsp/system.mss"
13:17:55 INFO  : Result from executing command 'getProjects': GH_HW
13:17:55 INFO  : Result from executing command 'getPlatforms': GH_HW|D:/Proyecto-02-SEP/Vitis/GH_HW/export/GH_HW/GH_HW.xpfm
13:17:59 INFO  : Checking for BSP changes to sync application flags for project 'GH_SW'...
13:17:59 INFO  : Updating application flags with new BSP settings...
13:17:59 INFO  : Successfully updated application flags for project GH_SW.
13:18:08 INFO  : Checking for BSP changes to sync application flags for project 'GH_SW'...
13:18:25 INFO  : Checking for BSP changes to sync application flags for project 'GH_SW'...
13:19:16 INFO  : Checking for BSP changes to sync application flags for project 'GH_SW'...
13:19:40 INFO  : Connected to target on host '127.0.0.1' and port '3121'.
13:19:41 INFO  : Jtag cable 'Digilent Zybo Z7 210351B3FB80A' is selected.
13:19:41 INFO  : 'jtag frequency' command is executed.
13:19:41 INFO  : Context for 'APU' is selected.
13:19:41 INFO  : System reset is completed.
13:19:44 INFO  : 'after 3000' command is executed.
13:19:45 INFO  : 'targets -set -filter {jtag_cable_name =~ "Digilent Zybo Z7 210351B3FB80A" && level==0 && jtag_device_ctx=="jsn-Zybo Z7-210351B3FB80A-13722093-0"}' command is executed.
13:19:46 INFO  : FPGA configured successfully with bitstream "D:/Proyecto-02-SEP/Vitis/GH_SW/_ide/bitstream/diagrama_bloques_wrapper.bit"
13:19:46 INFO  : Context for 'APU' is selected.
13:19:46 INFO  : Hardware design and registers information is loaded from 'D:/Proyecto-02-SEP/Vitis/GH_HW/export/GH_HW/hw/diagrama_bloques_wrapper.xsa'.
13:19:46 INFO  : 'configparams force-mem-access 1' command is executed.
13:19:46 INFO  : Context for 'APU' is selected.
13:19:46 INFO  : Sourcing of 'D:/Proyecto-02-SEP/Vitis/GH_SW/_ide/psinit/ps7_init.tcl' is done.
13:19:47 INFO  : 'ps7_init' command is executed.
13:19:47 INFO  : 'ps7_post_config' command is executed.
13:19:47 INFO  : Context for processor 'ps7_cortexa9_0' is selected.
13:19:48 INFO  : The application 'D:/Proyecto-02-SEP/Vitis/GH_SW/Debug/GH_SW.elf' is downloaded to processor 'ps7_cortexa9_0'.
13:19:48 INFO  : 'configparams force-mem-access 0' command is executed.
13:19:48 INFO  : ----------------XSDB Script----------------
connect -url tcp:127.0.0.1:3121
targets -set -nocase -filter {name =~"APU*"}
rst -system
after 3000
targets -set -filter {jtag_cable_name =~ "Digilent Zybo Z7 210351B3FB80A" && level==0 && jtag_device_ctx=="jsn-Zybo Z7-210351B3FB80A-13722093-0"}
fpga -file D:/Proyecto-02-SEP/Vitis/GH_SW/_ide/bitstream/diagrama_bloques_wrapper.bit
targets -set -nocase -filter {name =~"APU*"}
loadhw -hw D:/Proyecto-02-SEP/Vitis/GH_HW/export/GH_HW/hw/diagrama_bloques_wrapper.xsa -mem-ranges [list {0x40000000 0xbfffffff}] -regs
configparams force-mem-access 1
targets -set -nocase -filter {name =~"APU*"}
source D:/Proyecto-02-SEP/Vitis/GH_SW/_ide/psinit/ps7_init.tcl
ps7_init
ps7_post_config
targets -set -nocase -filter {name =~ "*A9*#0"}
dow D:/Proyecto-02-SEP/Vitis/GH_SW/Debug/GH_SW.elf
configparams force-mem-access 0
----------------End of Script----------------

13:19:48 INFO  : Context for processor 'ps7_cortexa9_0' is selected.
13:19:48 INFO  : 'con' command is executed.
13:19:48 INFO  : ----------------XSDB Script (After Launch)----------------
targets -set -nocase -filter {name =~ "*A9*#0"}
con
----------------End of Script----------------

13:19:48 INFO  : Launch script is exported to file 'D:\Proyecto-02-SEP\Vitis\.sdk\launch_scripts\single_application_debug\debugger_gh_sw-default.tcl'
13:20:24 INFO  : Disconnected from the channel tcfchan#6.
13:20:25 INFO  : Connected to target on host '127.0.0.1' and port '3121'.
13:20:25 INFO  : Jtag cable 'Digilent Zybo Z7 210351B3FB80A' is selected.
13:20:25 INFO  : 'jtag frequency' command is executed.
13:20:25 INFO  : Context for 'APU' is selected.
13:20:26 INFO  : System reset is completed.
13:20:29 INFO  : 'after 3000' command is executed.
13:20:29 INFO  : 'targets -set -filter {jtag_cable_name =~ "Digilent Zybo Z7 210351B3FB80A" && level==0 && jtag_device_ctx=="jsn-Zybo Z7-210351B3FB80A-13722093-0"}' command is executed.
13:20:30 INFO  : FPGA configured successfully with bitstream "D:/Proyecto-02-SEP/Vitis/GH_SW/_ide/bitstream/diagrama_bloques_wrapper.bit"
13:20:30 INFO  : Context for 'APU' is selected.
13:20:30 INFO  : Hardware design and registers information is loaded from 'D:/Proyecto-02-SEP/Vitis/GH_HW/export/GH_HW/hw/diagrama_bloques_wrapper.xsa'.
13:20:30 INFO  : 'configparams force-mem-access 1' command is executed.
13:20:30 INFO  : Context for 'APU' is selected.
13:20:30 INFO  : Sourcing of 'D:/Proyecto-02-SEP/Vitis/GH_SW/_ide/psinit/ps7_init.tcl' is done.
13:20:31 INFO  : 'ps7_init' command is executed.
13:20:31 INFO  : 'ps7_post_config' command is executed.
13:20:31 INFO  : Context for processor 'ps7_cortexa9_0' is selected.
13:20:31 INFO  : The application 'D:/Proyecto-02-SEP/Vitis/GH_SW/Debug/GH_SW.elf' is downloaded to processor 'ps7_cortexa9_0'.
13:20:31 INFO  : 'configparams force-mem-access 0' command is executed.
13:20:31 INFO  : ----------------XSDB Script----------------
connect -url tcp:127.0.0.1:3121
targets -set -nocase -filter {name =~"APU*"}
rst -system
after 3000
targets -set -filter {jtag_cable_name =~ "Digilent Zybo Z7 210351B3FB80A" && level==0 && jtag_device_ctx=="jsn-Zybo Z7-210351B3FB80A-13722093-0"}
fpga -file D:/Proyecto-02-SEP/Vitis/GH_SW/_ide/bitstream/diagrama_bloques_wrapper.bit
targets -set -nocase -filter {name =~"APU*"}
loadhw -hw D:/Proyecto-02-SEP/Vitis/GH_HW/export/GH_HW/hw/diagrama_bloques_wrapper.xsa -mem-ranges [list {0x40000000 0xbfffffff}] -regs
configparams force-mem-access 1
targets -set -nocase -filter {name =~"APU*"}
source D:/Proyecto-02-SEP/Vitis/GH_SW/_ide/psinit/ps7_init.tcl
ps7_init
ps7_post_config
targets -set -nocase -filter {name =~ "*A9*#0"}
dow D:/Proyecto-02-SEP/Vitis/GH_SW/Debug/GH_SW.elf
configparams force-mem-access 0
----------------End of Script----------------

13:20:31 INFO  : Context for processor 'ps7_cortexa9_0' is selected.
13:20:31 INFO  : 'con' command is executed.
13:20:31 INFO  : ----------------XSDB Script (After Launch)----------------
targets -set -nocase -filter {name =~ "*A9*#0"}
con
----------------End of Script----------------

13:20:31 INFO  : Launch script is exported to file 'D:\Proyecto-02-SEP\Vitis\.sdk\launch_scripts\single_application_debug\debugger_gh_sw-default.tcl'
13:23:36 INFO  : Checking for BSP changes to sync application flags for project 'GH_SW'...
13:23:49 INFO  : Checking for BSP changes to sync application flags for project 'GH_SW'...
13:25:39 INFO  : Checking for BSP changes to sync application flags for project 'GH_SW'...
13:25:52 INFO  : Checking for BSP changes to sync application flags for project 'GH_SW'...
13:26:06 INFO  : Disconnected from the channel tcfchan#7.
13:26:07 INFO  : Connected to target on host '127.0.0.1' and port '3121'.
13:26:08 INFO  : Jtag cable 'Digilent Zybo Z7 210351B3FB80A' is selected.
13:26:08 INFO  : 'jtag frequency' command is executed.
13:26:08 INFO  : Context for 'APU' is selected.
13:26:08 INFO  : System reset is completed.
13:26:11 INFO  : 'after 3000' command is executed.
13:26:11 INFO  : 'targets -set -filter {jtag_cable_name =~ "Digilent Zybo Z7 210351B3FB80A" && level==0 && jtag_device_ctx=="jsn-Zybo Z7-210351B3FB80A-13722093-0"}' command is executed.
13:26:12 INFO  : FPGA configured successfully with bitstream "D:/Proyecto-02-SEP/Vitis/GH_SW/_ide/bitstream/diagrama_bloques_wrapper.bit"
13:26:12 INFO  : Context for 'APU' is selected.
13:26:12 INFO  : Hardware design and registers information is loaded from 'D:/Proyecto-02-SEP/Vitis/GH_HW/export/GH_HW/hw/diagrama_bloques_wrapper.xsa'.
13:26:12 INFO  : 'configparams force-mem-access 1' command is executed.
13:26:12 INFO  : Context for 'APU' is selected.
13:26:12 INFO  : Sourcing of 'D:/Proyecto-02-SEP/Vitis/GH_SW/_ide/psinit/ps7_init.tcl' is done.
13:26:13 INFO  : 'ps7_init' command is executed.
13:26:13 INFO  : 'ps7_post_config' command is executed.
13:26:13 INFO  : Context for processor 'ps7_cortexa9_0' is selected.
13:26:13 INFO  : The application 'D:/Proyecto-02-SEP/Vitis/GH_SW/Debug/GH_SW.elf' is downloaded to processor 'ps7_cortexa9_0'.
13:26:13 INFO  : 'configparams force-mem-access 0' command is executed.
13:26:13 INFO  : ----------------XSDB Script----------------
connect -url tcp:127.0.0.1:3121
targets -set -nocase -filter {name =~"APU*"}
rst -system
after 3000
targets -set -filter {jtag_cable_name =~ "Digilent Zybo Z7 210351B3FB80A" && level==0 && jtag_device_ctx=="jsn-Zybo Z7-210351B3FB80A-13722093-0"}
fpga -file D:/Proyecto-02-SEP/Vitis/GH_SW/_ide/bitstream/diagrama_bloques_wrapper.bit
targets -set -nocase -filter {name =~"APU*"}
loadhw -hw D:/Proyecto-02-SEP/Vitis/GH_HW/export/GH_HW/hw/diagrama_bloques_wrapper.xsa -mem-ranges [list {0x40000000 0xbfffffff}] -regs
configparams force-mem-access 1
targets -set -nocase -filter {name =~"APU*"}
source D:/Proyecto-02-SEP/Vitis/GH_SW/_ide/psinit/ps7_init.tcl
ps7_init
ps7_post_config
targets -set -nocase -filter {name =~ "*A9*#0"}
dow D:/Proyecto-02-SEP/Vitis/GH_SW/Debug/GH_SW.elf
configparams force-mem-access 0
----------------End of Script----------------

13:26:13 INFO  : Context for processor 'ps7_cortexa9_0' is selected.
13:26:13 INFO  : 'con' command is executed.
13:26:13 INFO  : ----------------XSDB Script (After Launch)----------------
targets -set -nocase -filter {name =~ "*A9*#0"}
con
----------------End of Script----------------

13:26:13 INFO  : Launch script is exported to file 'D:\Proyecto-02-SEP\Vitis\.sdk\launch_scripts\single_application_debug\debugger_gh_sw-default.tcl'
13:27:20 INFO  : Disconnected from the channel tcfchan#10.
13:27:21 INFO  : Connected to target on host '127.0.0.1' and port '3121'.
13:27:21 INFO  : Jtag cable 'Digilent Zybo Z7 210351B3FB80A' is selected.
13:27:21 INFO  : 'jtag frequency' command is executed.
13:27:21 INFO  : Context for 'APU' is selected.
13:27:21 INFO  : System reset is completed.
13:27:24 INFO  : 'after 3000' command is executed.
13:27:24 INFO  : 'targets -set -filter {jtag_cable_name =~ "Digilent Zybo Z7 210351B3FB80A" && level==0 && jtag_device_ctx=="jsn-Zybo Z7-210351B3FB80A-13722093-0"}' command is executed.
13:27:26 INFO  : FPGA configured successfully with bitstream "D:/Proyecto-02-SEP/Vitis/GH_SW/_ide/bitstream/diagrama_bloques_wrapper.bit"
13:27:26 INFO  : Context for 'APU' is selected.
13:27:26 INFO  : Hardware design and registers information is loaded from 'D:/Proyecto-02-SEP/Vitis/GH_HW/export/GH_HW/hw/diagrama_bloques_wrapper.xsa'.
13:27:26 INFO  : 'configparams force-mem-access 1' command is executed.
13:27:26 INFO  : Context for 'APU' is selected.
13:27:26 INFO  : Sourcing of 'D:/Proyecto-02-SEP/Vitis/GH_SW/_ide/psinit/ps7_init.tcl' is done.
13:27:26 ERROR : Memory write error at 0xF8000114. Cannot flush JTAG server queue. FT_Read failed: io error
13:27:26 INFO  : ----------------XSDB Script----------------
connect -url tcp:127.0.0.1:3121
targets -set -nocase -filter {name =~"APU*"}
rst -system
after 3000
targets -set -filter {jtag_cable_name =~ "Digilent Zybo Z7 210351B3FB80A" && level==0 && jtag_device_ctx=="jsn-Zybo Z7-210351B3FB80A-13722093-0"}
fpga -file D:/Proyecto-02-SEP/Vitis/GH_SW/_ide/bitstream/diagrama_bloques_wrapper.bit
targets -set -nocase -filter {name =~"APU*"}
loadhw -hw D:/Proyecto-02-SEP/Vitis/GH_HW/export/GH_HW/hw/diagrama_bloques_wrapper.xsa -mem-ranges [list {0x40000000 0xbfffffff}] -regs
configparams force-mem-access 1
targets -set -nocase -filter {name =~"APU*"}
source D:/Proyecto-02-SEP/Vitis/GH_SW/_ide/psinit/ps7_init.tcl
ps7_init
----------------End of Script----------------

13:27:26 ERROR : Memory write error at 0xF8000114. Cannot flush JTAG server queue. FT_Read failed: io error
13:28:40 INFO  : Connected to target on host '127.0.0.1' and port '3121'.
13:30:26 INFO  : ----------------XSDB Script----------------
connect -url tcp:127.0.0.1:3121
----------------End of Script----------------

13:30:26 ERROR : Unexpected exception occurred.
15:54:55 INFO  : Launching XSCT server: xsct.bat -n  -interactive D:\Proyecto-02-SEP\Vitis\temp_xsdb_launch_script.tcl
15:54:58 INFO  : XSCT server has started successfully.
15:54:58 INFO  : plnx-install-location is set to ''
15:54:58 INFO  : Successfully done setting XSCT server connection channel  
15:54:58 INFO  : Successfully done setting workspace for the tool. 
15:55:09 INFO  : Platform repository initialization has completed.
15:55:10 INFO  : Registering command handlers for Vitis TCF services
15:55:11 INFO  : Successfully done query RDI_DATADIR 
15:56:06 INFO  : Result from executing command 'getProjects': GH_HW
15:56:06 INFO  : Result from executing command 'getPlatforms': GH_HW|D:/Proyecto-02-SEP/Vitis/GH_HW/export/GH_HW/GH_HW.xpfm
15:56:58 INFO  : Checking for BSP changes to sync application flags for project 'GH_SW'...
15:57:08 INFO  : Checking for BSP changes to sync application flags for project 'GH_SW'...
16:00:03 INFO  : Launching XSCT server: xsct.bat -n  -interactive D:\Proyecto-02-SEP\Vitis\temp_xsdb_launch_script.tcl
16:00:06 INFO  : XSCT server has started successfully.
16:00:06 INFO  : Successfully done setting XSCT server connection channel  
16:00:06 INFO  : plnx-install-location is set to ''
16:00:06 INFO  : Successfully done setting workspace for the tool. 
16:00:09 INFO  : Platform repository initialization has completed.
16:00:09 INFO  : Successfully done query RDI_DATADIR 
16:00:10 INFO  : Registering command handlers for Vitis TCF services
16:00:54 INFO  : Result from executing command 'getProjects': GH_HW
16:00:54 INFO  : Result from executing command 'getPlatforms': GH_HW|D:/Proyecto-02-SEP/Vitis/GH_HW/export/GH_HW/GH_HW.xpfm
16:08:01 ERROR : Failed to connect to hardware server on host '127.0.0.1' and port '3121'.
Reason: 'connect -url tcp:127.0.0.1:3121' is cancelled.
16:08:01 INFO  : ----------------XSDB Script----------------
connect -url tcp:127.0.0.1:3121
----------------End of Script----------------

16:09:18 INFO  : Launching XSCT server: xsct.bat -n  -interactive D:\Proyecto-02-SEP\Vitis\temp_xsdb_launch_script.tcl
16:09:21 INFO  : XSCT server has started successfully.
16:09:21 INFO  : plnx-install-location is set to ''
16:09:21 INFO  : Successfully done setting XSCT server connection channel  
16:09:21 INFO  : Successfully done setting workspace for the tool. 
16:09:33 INFO  : Platform repository initialization has completed.
16:09:33 INFO  : Successfully done query RDI_DATADIR 
16:09:34 INFO  : Registering command handlers for Vitis TCF services
16:12:59 ERROR : Failed to connect to hardware server on host '127.0.0.1' and port '3121'.
Reason: 'connect -url tcp:127.0.0.1:3121' is cancelled.
16:42:01 INFO  : Launching XSCT server: xsct.bat -n  -interactive D:\Proyecto-02-SEP\Vitis\temp_xsdb_launch_script.tcl
16:42:04 INFO  : XSCT server has started successfully.
16:42:04 INFO  : Successfully done setting XSCT server connection channel  
16:42:04 INFO  : plnx-install-location is set to ''
16:42:04 INFO  : Successfully done setting workspace for the tool. 
16:42:18 INFO  : Platform repository initialization has completed.
16:42:18 INFO  : Successfully done query RDI_DATADIR 
16:42:19 INFO  : Registering command handlers for Vitis TCF services
16:42:31 INFO  : Connected to target on host '127.0.0.1' and port '3121'.
16:42:32 INFO  : Jtag cable 'Digilent Zybo Z7 210351B3FB80A' is selected.
16:42:32 INFO  : 'jtag frequency' command is executed.
16:42:32 INFO  : Context for 'APU' is selected.
16:42:32 INFO  : System reset is completed.
16:42:35 INFO  : 'after 3000' command is executed.
16:42:36 INFO  : 'targets -set -filter {jtag_cable_name =~ "Digilent Zybo Z7 210351B3FB80A" && level==0 && jtag_device_ctx=="jsn-Zybo Z7-210351B3FB80A-13722093-0"}' command is executed.
16:42:37 INFO  : FPGA configured successfully with bitstream "D:/Proyecto-02-SEP/Vitis/GH_SW/_ide/bitstream/diagrama_bloques_wrapper.bit"
16:42:37 INFO  : Context for 'APU' is selected.
16:42:38 INFO  : Hardware design and registers information is loaded from 'D:/Proyecto-02-SEP/Vitis/GH_HW/export/GH_HW/hw/diagrama_bloques_wrapper.xsa'.
16:42:38 INFO  : 'configparams force-mem-access 1' command is executed.
16:42:38 INFO  : Context for 'APU' is selected.
16:42:38 INFO  : Sourcing of 'D:/Proyecto-02-SEP/Vitis/GH_SW/_ide/psinit/ps7_init.tcl' is done.
16:42:38 INFO  : 'ps7_init' command is executed.
16:42:39 INFO  : 'ps7_post_config' command is executed.
16:42:39 INFO  : Context for processor 'ps7_cortexa9_0' is selected.
16:42:39 INFO  : The application 'D:/Proyecto-02-SEP/Vitis/GH_SW/Debug/GH_SW.elf' is downloaded to processor 'ps7_cortexa9_0'.
16:42:39 INFO  : 'configparams force-mem-access 0' command is executed.
16:42:39 INFO  : ----------------XSDB Script----------------
connect -url tcp:127.0.0.1:3121
targets -set -nocase -filter {name =~"APU*"}
rst -system
after 3000
targets -set -filter {jtag_cable_name =~ "Digilent Zybo Z7 210351B3FB80A" && level==0 && jtag_device_ctx=="jsn-Zybo Z7-210351B3FB80A-13722093-0"}
fpga -file D:/Proyecto-02-SEP/Vitis/GH_SW/_ide/bitstream/diagrama_bloques_wrapper.bit
targets -set -nocase -filter {name =~"APU*"}
loadhw -hw D:/Proyecto-02-SEP/Vitis/GH_HW/export/GH_HW/hw/diagrama_bloques_wrapper.xsa -mem-ranges [list {0x40000000 0xbfffffff}] -regs
configparams force-mem-access 1
targets -set -nocase -filter {name =~"APU*"}
source D:/Proyecto-02-SEP/Vitis/GH_SW/_ide/psinit/ps7_init.tcl
ps7_init
ps7_post_config
targets -set -nocase -filter {name =~ "*A9*#0"}
dow D:/Proyecto-02-SEP/Vitis/GH_SW/Debug/GH_SW.elf
configparams force-mem-access 0
----------------End of Script----------------

16:42:40 INFO  : Context for processor 'ps7_cortexa9_0' is selected.
16:42:40 INFO  : 'con' command is executed.
16:42:40 INFO  : ----------------XSDB Script (After Launch)----------------
targets -set -nocase -filter {name =~ "*A9*#0"}
con
----------------End of Script----------------

16:42:40 INFO  : Launch script is exported to file 'D:\Proyecto-02-SEP\Vitis\.sdk\launch_scripts\single_application_debug\debugger_gh_sw-default.tcl'
16:44:42 INFO  : Disconnected from the channel tcfchan#1.
16:44:43 INFO  : Connected to target on host '127.0.0.1' and port '3121'.
16:44:43 INFO  : Jtag cable 'Digilent Zybo Z7 210351B3FB80A' is selected.
16:44:43 INFO  : 'jtag frequency' command is executed.
16:44:44 INFO  : Context for 'APU' is selected.
16:44:44 INFO  : System reset is completed.
16:44:47 INFO  : 'after 3000' command is executed.
16:44:47 INFO  : 'targets -set -filter {jtag_cable_name =~ "Digilent Zybo Z7 210351B3FB80A" && level==0 && jtag_device_ctx=="jsn-Zybo Z7-210351B3FB80A-13722093-0"}' command is executed.
16:44:48 INFO  : FPGA configured successfully with bitstream "D:/Proyecto-02-SEP/Vitis/GH_SW/_ide/bitstream/diagrama_bloques_wrapper.bit"
16:44:48 INFO  : Context for 'APU' is selected.
16:44:51 INFO  : Hardware design and registers information is loaded from 'D:/Proyecto-02-SEP/Vitis/GH_HW/export/GH_HW/hw/diagrama_bloques_wrapper.xsa'.
16:44:51 INFO  : 'configparams force-mem-access 1' command is executed.
16:44:51 INFO  : Context for 'APU' is selected.
16:44:51 INFO  : Sourcing of 'D:/Proyecto-02-SEP/Vitis/GH_SW/_ide/psinit/ps7_init.tcl' is done.
16:44:51 INFO  : 'ps7_init' command is executed.
16:44:51 INFO  : 'ps7_post_config' command is executed.
16:44:51 INFO  : Context for processor 'ps7_cortexa9_0' is selected.
16:44:52 INFO  : The application 'D:/Proyecto-02-SEP/Vitis/GH_SW/Debug/GH_SW.elf' is downloaded to processor 'ps7_cortexa9_0'.
16:44:52 INFO  : 'configparams force-mem-access 0' command is executed.
16:44:52 INFO  : ----------------XSDB Script----------------
connect -url tcp:127.0.0.1:3121
targets -set -nocase -filter {name =~"APU*"}
rst -system
after 3000
targets -set -filter {jtag_cable_name =~ "Digilent Zybo Z7 210351B3FB80A" && level==0 && jtag_device_ctx=="jsn-Zybo Z7-210351B3FB80A-13722093-0"}
fpga -file D:/Proyecto-02-SEP/Vitis/GH_SW/_ide/bitstream/diagrama_bloques_wrapper.bit
targets -set -nocase -filter {name =~"APU*"}
loadhw -hw D:/Proyecto-02-SEP/Vitis/GH_HW/export/GH_HW/hw/diagrama_bloques_wrapper.xsa -mem-ranges [list {0x40000000 0xbfffffff}] -regs
configparams force-mem-access 1
targets -set -nocase -filter {name =~"APU*"}
source D:/Proyecto-02-SEP/Vitis/GH_SW/_ide/psinit/ps7_init.tcl
ps7_init
ps7_post_config
targets -set -nocase -filter {name =~ "*A9*#0"}
dow D:/Proyecto-02-SEP/Vitis/GH_SW/Debug/GH_SW.elf
configparams force-mem-access 0
----------------End of Script----------------

16:44:52 INFO  : Context for processor 'ps7_cortexa9_0' is selected.
16:44:52 INFO  : 'con' command is executed.
16:44:52 INFO  : ----------------XSDB Script (After Launch)----------------
targets -set -nocase -filter {name =~ "*A9*#0"}
con
----------------End of Script----------------

16:44:52 INFO  : Launch script is exported to file 'D:\Proyecto-02-SEP\Vitis\.sdk\launch_scripts\single_application_debug\debugger_gh_sw-default.tcl'
16:51:35 INFO  : Result from executing command 'getProjects': GH_HW
16:51:35 INFO  : Result from executing command 'getPlatforms': GH_HW|D:/Proyecto-02-SEP/Vitis/GH_HW/export/GH_HW/GH_HW.xpfm
16:51:36 INFO  : Checking for BSP changes to sync application flags for project 'GH_SW'...
16:51:47 INFO  : Checking for BSP changes to sync application flags for project 'GH_SW'...
16:52:06 INFO  : Disconnected from the channel tcfchan#2.
16:52:07 INFO  : Connected to target on host '127.0.0.1' and port '3121'.
16:52:07 INFO  : Jtag cable 'Digilent Zybo Z7 210351B3FB80A' is selected.
16:52:07 INFO  : 'jtag frequency' command is executed.
16:52:07 INFO  : Context for 'APU' is selected.
16:52:07 INFO  : System reset is completed.
16:52:10 INFO  : 'after 3000' command is executed.
16:52:10 INFO  : 'targets -set -filter {jtag_cable_name =~ "Digilent Zybo Z7 210351B3FB80A" && level==0 && jtag_device_ctx=="jsn-Zybo Z7-210351B3FB80A-13722093-0"}' command is executed.
16:52:12 INFO  : FPGA configured successfully with bitstream "D:/Proyecto-02-SEP/Vitis/GH_SW/_ide/bitstream/diagrama_bloques_wrapper.bit"
16:52:12 INFO  : Context for 'APU' is selected.
16:52:15 INFO  : Hardware design and registers information is loaded from 'D:/Proyecto-02-SEP/Vitis/GH_HW/export/GH_HW/hw/diagrama_bloques_wrapper.xsa'.
16:52:15 INFO  : 'configparams force-mem-access 1' command is executed.
16:52:15 INFO  : Context for 'APU' is selected.
16:52:15 INFO  : Sourcing of 'D:/Proyecto-02-SEP/Vitis/GH_SW/_ide/psinit/ps7_init.tcl' is done.
16:52:15 INFO  : 'ps7_init' command is executed.
16:52:15 INFO  : 'ps7_post_config' command is executed.
16:52:15 INFO  : Context for processor 'ps7_cortexa9_0' is selected.
16:52:16 INFO  : The application 'D:/Proyecto-02-SEP/Vitis/GH_SW/Debug/GH_SW.elf' is downloaded to processor 'ps7_cortexa9_0'.
16:52:16 INFO  : 'configparams force-mem-access 0' command is executed.
16:52:16 INFO  : ----------------XSDB Script----------------
connect -url tcp:127.0.0.1:3121
targets -set -nocase -filter {name =~"APU*"}
rst -system
after 3000
targets -set -filter {jtag_cable_name =~ "Digilent Zybo Z7 210351B3FB80A" && level==0 && jtag_device_ctx=="jsn-Zybo Z7-210351B3FB80A-13722093-0"}
fpga -file D:/Proyecto-02-SEP/Vitis/GH_SW/_ide/bitstream/diagrama_bloques_wrapper.bit
targets -set -nocase -filter {name =~"APU*"}
loadhw -hw D:/Proyecto-02-SEP/Vitis/GH_HW/export/GH_HW/hw/diagrama_bloques_wrapper.xsa -mem-ranges [list {0x40000000 0xbfffffff}] -regs
configparams force-mem-access 1
targets -set -nocase -filter {name =~"APU*"}
source D:/Proyecto-02-SEP/Vitis/GH_SW/_ide/psinit/ps7_init.tcl
ps7_init
ps7_post_config
targets -set -nocase -filter {name =~ "*A9*#0"}
dow D:/Proyecto-02-SEP/Vitis/GH_SW/Debug/GH_SW.elf
configparams force-mem-access 0
----------------End of Script----------------

16:52:16 INFO  : Context for processor 'ps7_cortexa9_0' is selected.
16:52:16 INFO  : 'con' command is executed.
16:52:16 INFO  : ----------------XSDB Script (After Launch)----------------
targets -set -nocase -filter {name =~ "*A9*#0"}
con
----------------End of Script----------------

16:52:16 INFO  : Launch script is exported to file 'D:\Proyecto-02-SEP\Vitis\.sdk\launch_scripts\single_application_debug\debugger_gh_sw-default.tcl'
17:03:32 INFO  : Checking for BSP changes to sync application flags for project 'GH_SW'...
17:03:58 INFO  : Checking for BSP changes to sync application flags for project 'GH_SW'...
17:11:14 INFO  : Checking for BSP changes to sync application flags for project 'GH_SW'...
17:11:20 INFO  : Checking for BSP changes to sync application flags for project 'GH_SW'...
17:11:44 INFO  : Disconnected from the channel tcfchan#5.
17:11:45 INFO  : Connected to target on host '127.0.0.1' and port '3121'.
17:11:46 INFO  : Jtag cable 'Digilent Zybo Z7 210351B3FB80A' is selected.
17:11:46 INFO  : 'jtag frequency' command is executed.
17:11:46 INFO  : Context for 'APU' is selected.
17:11:46 INFO  : System reset is completed.
17:11:49 INFO  : 'after 3000' command is executed.
17:11:49 INFO  : 'targets -set -filter {jtag_cable_name =~ "Digilent Zybo Z7 210351B3FB80A" && level==0 && jtag_device_ctx=="jsn-Zybo Z7-210351B3FB80A-13722093-0"}' command is executed.
17:11:50 INFO  : FPGA configured successfully with bitstream "D:/Proyecto-02-SEP/Vitis/GH_SW/_ide/bitstream/diagrama_bloques_wrapper.bit"
17:11:50 INFO  : Context for 'APU' is selected.
17:11:50 INFO  : Hardware design and registers information is loaded from 'D:/Proyecto-02-SEP/Vitis/GH_HW/export/GH_HW/hw/diagrama_bloques_wrapper.xsa'.
17:11:50 INFO  : 'configparams force-mem-access 1' command is executed.
17:11:50 INFO  : Context for 'APU' is selected.
17:11:50 INFO  : Sourcing of 'D:/Proyecto-02-SEP/Vitis/GH_SW/_ide/psinit/ps7_init.tcl' is done.
17:11:51 INFO  : 'ps7_init' command is executed.
17:11:51 INFO  : 'ps7_post_config' command is executed.
17:11:51 INFO  : Context for processor 'ps7_cortexa9_0' is selected.
17:11:52 INFO  : The application 'D:/Proyecto-02-SEP/Vitis/GH_SW/Debug/GH_SW.elf' is downloaded to processor 'ps7_cortexa9_0'.
17:11:52 INFO  : 'configparams force-mem-access 0' command is executed.
17:11:52 INFO  : ----------------XSDB Script----------------
connect -url tcp:127.0.0.1:3121
targets -set -nocase -filter {name =~"APU*"}
rst -system
after 3000
targets -set -filter {jtag_cable_name =~ "Digilent Zybo Z7 210351B3FB80A" && level==0 && jtag_device_ctx=="jsn-Zybo Z7-210351B3FB80A-13722093-0"}
fpga -file D:/Proyecto-02-SEP/Vitis/GH_SW/_ide/bitstream/diagrama_bloques_wrapper.bit
targets -set -nocase -filter {name =~"APU*"}
loadhw -hw D:/Proyecto-02-SEP/Vitis/GH_HW/export/GH_HW/hw/diagrama_bloques_wrapper.xsa -mem-ranges [list {0x40000000 0xbfffffff}] -regs
configparams force-mem-access 1
targets -set -nocase -filter {name =~"APU*"}
source D:/Proyecto-02-SEP/Vitis/GH_SW/_ide/psinit/ps7_init.tcl
ps7_init
ps7_post_config
targets -set -nocase -filter {name =~ "*A9*#0"}
dow D:/Proyecto-02-SEP/Vitis/GH_SW/Debug/GH_SW.elf
configparams force-mem-access 0
----------------End of Script----------------

17:11:52 INFO  : Context for processor 'ps7_cortexa9_0' is selected.
17:11:52 INFO  : 'con' command is executed.
17:11:52 INFO  : ----------------XSDB Script (After Launch)----------------
targets -set -nocase -filter {name =~ "*A9*#0"}
con
----------------End of Script----------------

17:11:52 INFO  : Launch script is exported to file 'D:\Proyecto-02-SEP\Vitis\.sdk\launch_scripts\single_application_debug\debugger_gh_sw-default.tcl'
17:25:42 INFO  : Checking for BSP changes to sync application flags for project 'GH_SW'...
17:26:55 INFO  : Checking for BSP changes to sync application flags for project 'GH_SW'...
17:28:53 INFO  : Checking for BSP changes to sync application flags for project 'GH_SW'...
17:30:47 INFO  : Checking for BSP changes to sync application flags for project 'GH_SW'...
17:32:46 INFO  : Checking for BSP changes to sync application flags for project 'GH_SW'...
17:33:00 INFO  : Checking for BSP changes to sync application flags for project 'GH_SW'...
17:34:17 INFO  : Disconnected from the channel tcfchan#8.
17:34:18 INFO  : Connected to target on host '127.0.0.1' and port '3121'.
17:34:18 INFO  : Jtag cable 'Digilent Zybo Z7 210351B3FB80A' is selected.
17:34:18 INFO  : 'jtag frequency' command is executed.
17:34:18 INFO  : Context for 'APU' is selected.
17:34:18 INFO  : System reset is completed.
17:34:21 INFO  : 'after 3000' command is executed.
17:34:21 INFO  : 'targets -set -filter {jtag_cable_name =~ "Digilent Zybo Z7 210351B3FB80A" && level==0 && jtag_device_ctx=="jsn-Zybo Z7-210351B3FB80A-13722093-0"}' command is executed.
17:34:23 INFO  : FPGA configured successfully with bitstream "D:/Proyecto-02-SEP/Vitis/GH_SW/_ide/bitstream/diagrama_bloques_wrapper.bit"
17:34:23 INFO  : Context for 'APU' is selected.
17:34:23 INFO  : Hardware design and registers information is loaded from 'D:/Proyecto-02-SEP/Vitis/GH_HW/export/GH_HW/hw/diagrama_bloques_wrapper.xsa'.
17:34:23 INFO  : 'configparams force-mem-access 1' command is executed.
17:34:23 INFO  : Context for 'APU' is selected.
17:34:23 INFO  : Sourcing of 'D:/Proyecto-02-SEP/Vitis/GH_SW/_ide/psinit/ps7_init.tcl' is done.
17:34:24 INFO  : 'ps7_init' command is executed.
17:34:24 INFO  : 'ps7_post_config' command is executed.
17:34:24 INFO  : Context for processor 'ps7_cortexa9_0' is selected.
17:34:25 INFO  : The application 'D:/Proyecto-02-SEP/Vitis/GH_SW/Debug/GH_SW.elf' is downloaded to processor 'ps7_cortexa9_0'.
17:34:25 INFO  : 'configparams force-mem-access 0' command is executed.
17:34:25 INFO  : ----------------XSDB Script----------------
connect -url tcp:127.0.0.1:3121
targets -set -nocase -filter {name =~"APU*"}
rst -system
after 3000
targets -set -filter {jtag_cable_name =~ "Digilent Zybo Z7 210351B3FB80A" && level==0 && jtag_device_ctx=="jsn-Zybo Z7-210351B3FB80A-13722093-0"}
fpga -file D:/Proyecto-02-SEP/Vitis/GH_SW/_ide/bitstream/diagrama_bloques_wrapper.bit
targets -set -nocase -filter {name =~"APU*"}
loadhw -hw D:/Proyecto-02-SEP/Vitis/GH_HW/export/GH_HW/hw/diagrama_bloques_wrapper.xsa -mem-ranges [list {0x40000000 0xbfffffff}] -regs
configparams force-mem-access 1
targets -set -nocase -filter {name =~"APU*"}
source D:/Proyecto-02-SEP/Vitis/GH_SW/_ide/psinit/ps7_init.tcl
ps7_init
ps7_post_config
targets -set -nocase -filter {name =~ "*A9*#0"}
dow D:/Proyecto-02-SEP/Vitis/GH_SW/Debug/GH_SW.elf
configparams force-mem-access 0
----------------End of Script----------------

17:34:25 INFO  : Context for processor 'ps7_cortexa9_0' is selected.
17:34:25 INFO  : 'con' command is executed.
17:34:25 INFO  : ----------------XSDB Script (After Launch)----------------
targets -set -nocase -filter {name =~ "*A9*#0"}
con
----------------End of Script----------------

17:34:25 INFO  : Launch script is exported to file 'D:\Proyecto-02-SEP\Vitis\.sdk\launch_scripts\single_application_debug\debugger_gh_sw-default.tcl'
17:35:44 INFO  : Checking for BSP changes to sync application flags for project 'GH_SW'...
17:35:53 INFO  : Checking for BSP changes to sync application flags for project 'GH_SW'...
17:36:13 INFO  : Disconnected from the channel tcfchan#10.
17:36:14 INFO  : Connected to target on host '127.0.0.1' and port '3121'.
17:36:15 INFO  : Jtag cable 'Digilent Zybo Z7 210351B3FB80A' is selected.
17:36:15 INFO  : 'jtag frequency' command is executed.
17:36:15 INFO  : Context for 'APU' is selected.
17:36:15 INFO  : System reset is completed.
17:36:18 INFO  : 'after 3000' command is executed.
17:36:18 INFO  : 'targets -set -filter {jtag_cable_name =~ "Digilent Zybo Z7 210351B3FB80A" && level==0 && jtag_device_ctx=="jsn-Zybo Z7-210351B3FB80A-13722093-0"}' command is executed.
17:36:19 INFO  : FPGA configured successfully with bitstream "D:/Proyecto-02-SEP/Vitis/GH_SW/_ide/bitstream/diagrama_bloques_wrapper.bit"
17:36:19 INFO  : Context for 'APU' is selected.
17:36:19 INFO  : Hardware design and registers information is loaded from 'D:/Proyecto-02-SEP/Vitis/GH_HW/export/GH_HW/hw/diagrama_bloques_wrapper.xsa'.
17:36:19 INFO  : 'configparams force-mem-access 1' command is executed.
17:36:19 INFO  : Context for 'APU' is selected.
17:36:19 INFO  : Sourcing of 'D:/Proyecto-02-SEP/Vitis/GH_SW/_ide/psinit/ps7_init.tcl' is done.
17:36:20 INFO  : 'ps7_init' command is executed.
17:36:20 INFO  : 'ps7_post_config' command is executed.
17:36:20 INFO  : Context for processor 'ps7_cortexa9_0' is selected.
17:36:21 INFO  : The application 'D:/Proyecto-02-SEP/Vitis/GH_SW/Debug/GH_SW.elf' is downloaded to processor 'ps7_cortexa9_0'.
17:36:21 INFO  : 'configparams force-mem-access 0' command is executed.
17:36:21 INFO  : ----------------XSDB Script----------------
connect -url tcp:127.0.0.1:3121
targets -set -nocase -filter {name =~"APU*"}
rst -system
after 3000
targets -set -filter {jtag_cable_name =~ "Digilent Zybo Z7 210351B3FB80A" && level==0 && jtag_device_ctx=="jsn-Zybo Z7-210351B3FB80A-13722093-0"}
fpga -file D:/Proyecto-02-SEP/Vitis/GH_SW/_ide/bitstream/diagrama_bloques_wrapper.bit
targets -set -nocase -filter {name =~"APU*"}
loadhw -hw D:/Proyecto-02-SEP/Vitis/GH_HW/export/GH_HW/hw/diagrama_bloques_wrapper.xsa -mem-ranges [list {0x40000000 0xbfffffff}] -regs
configparams force-mem-access 1
targets -set -nocase -filter {name =~"APU*"}
source D:/Proyecto-02-SEP/Vitis/GH_SW/_ide/psinit/ps7_init.tcl
ps7_init
ps7_post_config
targets -set -nocase -filter {name =~ "*A9*#0"}
dow D:/Proyecto-02-SEP/Vitis/GH_SW/Debug/GH_SW.elf
configparams force-mem-access 0
----------------End of Script----------------

17:36:21 INFO  : Context for processor 'ps7_cortexa9_0' is selected.
17:36:21 INFO  : 'con' command is executed.
17:36:21 INFO  : ----------------XSDB Script (After Launch)----------------
targets -set -nocase -filter {name =~ "*A9*#0"}
con
----------------End of Script----------------

17:36:21 INFO  : Launch script is exported to file 'D:\Proyecto-02-SEP\Vitis\.sdk\launch_scripts\single_application_debug\debugger_gh_sw-default.tcl'
20:10:04 INFO  : Disconnected from the channel tcfchan#12.
15:21:19 INFO  : Launching XSCT server: xsct.bat -n  -interactive D:\Proyecto-02-SEP\Vitis\temp_xsdb_launch_script.tcl
15:21:24 INFO  : XSCT server has started successfully.
15:21:24 INFO  : plnx-install-location is set to ''
15:21:24 INFO  : Successfully done setting XSCT server connection channel  
15:21:24 INFO  : Successfully done setting workspace for the tool. 
15:21:38 INFO  : Platform repository initialization has completed.
15:21:39 INFO  : Registering command handlers for Vitis TCF services
15:21:47 INFO  : Successfully done query RDI_DATADIR 
15:26:03 INFO  : Checking for BSP changes to sync application flags for project 'GH_SW'...
15:26:13 INFO  : Checking for BSP changes to sync application flags for project 'GH_SW'...
15:26:22 ERROR : (XSDB Server)ERROR: [Hsi 55-1571] The design file D:/Proyecto-02-SEP/Vitis/GH_HW/export/GH_HW/hw/diagrama_bloques_wrapper.xsa is already opened

15:26:51 INFO  : Connected to target on host '127.0.0.1' and port '3121'.
15:26:53 INFO  : Jtag cable 'Digilent Zybo Z7 210351B3FB80A' is selected.
15:26:53 INFO  : 'jtag frequency' command is executed.
15:26:53 INFO  : Context for 'APU' is selected.
15:26:53 INFO  : System reset is completed.
15:26:56 INFO  : 'after 3000' command is executed.
15:26:56 INFO  : 'targets -set -filter {jtag_cable_name =~ "Digilent Zybo Z7 210351B3FB80A" && level==0 && jtag_device_ctx=="jsn-Zybo Z7-210351B3FB80A-13722093-0"}' command is executed.
15:26:57 INFO  : FPGA configured successfully with bitstream "D:/Proyecto-02-SEP/Vitis/GH_SW/_ide/bitstream/diagrama_bloques_wrapper.bit"
15:26:57 INFO  : Context for 'APU' is selected.
15:26:58 INFO  : Hardware design and registers information is loaded from 'D:/Proyecto-02-SEP/Vitis/GH_HW/export/GH_HW/hw/diagrama_bloques_wrapper.xsa'.
15:26:58 INFO  : 'configparams force-mem-access 1' command is executed.
15:26:58 INFO  : Context for 'APU' is selected.
15:26:58 INFO  : Sourcing of 'D:/Proyecto-02-SEP/Vitis/GH_SW/_ide/psinit/ps7_init.tcl' is done.
15:26:59 INFO  : 'ps7_init' command is executed.
15:26:59 INFO  : 'ps7_post_config' command is executed.
15:26:59 INFO  : Context for processor 'ps7_cortexa9_0' is selected.
15:26:59 INFO  : The application 'D:/Proyecto-02-SEP/Vitis/GH_SW/Debug/GH_SW.elf' is downloaded to processor 'ps7_cortexa9_0'.
15:27:00 INFO  : 'configparams force-mem-access 0' command is executed.
15:27:00 INFO  : ----------------XSDB Script----------------
connect -url tcp:127.0.0.1:3121
targets -set -nocase -filter {name =~"APU*"}
rst -system
after 3000
targets -set -filter {jtag_cable_name =~ "Digilent Zybo Z7 210351B3FB80A" && level==0 && jtag_device_ctx=="jsn-Zybo Z7-210351B3FB80A-13722093-0"}
fpga -file D:/Proyecto-02-SEP/Vitis/GH_SW/_ide/bitstream/diagrama_bloques_wrapper.bit
targets -set -nocase -filter {name =~"APU*"}
loadhw -hw D:/Proyecto-02-SEP/Vitis/GH_HW/export/GH_HW/hw/diagrama_bloques_wrapper.xsa -mem-ranges [list {0x40000000 0xbfffffff}] -regs
configparams force-mem-access 1
targets -set -nocase -filter {name =~"APU*"}
source D:/Proyecto-02-SEP/Vitis/GH_SW/_ide/psinit/ps7_init.tcl
ps7_init
ps7_post_config
targets -set -nocase -filter {name =~ "*A9*#0"}
dow D:/Proyecto-02-SEP/Vitis/GH_SW/Debug/GH_SW.elf
configparams force-mem-access 0
----------------End of Script----------------

15:27:00 INFO  : Context for processor 'ps7_cortexa9_0' is selected.
15:27:00 INFO  : 'con' command is executed.
15:27:00 INFO  : ----------------XSDB Script (After Launch)----------------
targets -set -nocase -filter {name =~ "*A9*#0"}
con
----------------End of Script----------------

15:27:00 INFO  : Launch script is exported to file 'D:\Proyecto-02-SEP\Vitis\.sdk\launch_scripts\single_application_debug\debugger_gh_sw-default.tcl'
15:27:26 INFO  : Disconnected from the channel tcfchan#2.
15:27:27 INFO  : Connected to target on host '127.0.0.1' and port '3121'.
15:27:28 INFO  : Jtag cable 'Digilent Zybo Z7 210351B3FB80A' is selected.
15:27:28 INFO  : 'jtag frequency' command is executed.
15:27:28 INFO  : Context for 'APU' is selected.
15:27:28 INFO  : System reset is completed.
15:27:31 INFO  : 'after 3000' command is executed.
15:27:31 INFO  : 'targets -set -filter {jtag_cable_name =~ "Digilent Zybo Z7 210351B3FB80A" && level==0 && jtag_device_ctx=="jsn-Zybo Z7-210351B3FB80A-13722093-0"}' command is executed.
15:27:32 INFO  : FPGA configured successfully with bitstream "D:/Proyecto-02-SEP/Vitis/GH_SW/_ide/bitstream/diagrama_bloques_wrapper.bit"
15:27:32 INFO  : Context for 'APU' is selected.
15:27:37 INFO  : Hardware design and registers information is loaded from 'D:/Proyecto-02-SEP/Vitis/GH_HW/export/GH_HW/hw/diagrama_bloques_wrapper.xsa'.
15:27:37 INFO  : 'configparams force-mem-access 1' command is executed.
15:27:37 INFO  : Context for 'APU' is selected.
15:27:37 INFO  : Sourcing of 'D:/Proyecto-02-SEP/Vitis/GH_SW/_ide/psinit/ps7_init.tcl' is done.
15:27:38 INFO  : 'ps7_init' command is executed.
15:27:38 INFO  : 'ps7_post_config' command is executed.
15:27:38 INFO  : Context for processor 'ps7_cortexa9_0' is selected.
15:27:38 INFO  : The application 'D:/Proyecto-02-SEP/Vitis/GH_SW/Debug/GH_SW.elf' is downloaded to processor 'ps7_cortexa9_0'.
15:27:38 INFO  : 'configparams force-mem-access 0' command is executed.
15:27:38 INFO  : ----------------XSDB Script----------------
connect -url tcp:127.0.0.1:3121
targets -set -nocase -filter {name =~"APU*"}
rst -system
after 3000
targets -set -filter {jtag_cable_name =~ "Digilent Zybo Z7 210351B3FB80A" && level==0 && jtag_device_ctx=="jsn-Zybo Z7-210351B3FB80A-13722093-0"}
fpga -file D:/Proyecto-02-SEP/Vitis/GH_SW/_ide/bitstream/diagrama_bloques_wrapper.bit
targets -set -nocase -filter {name =~"APU*"}
loadhw -hw D:/Proyecto-02-SEP/Vitis/GH_HW/export/GH_HW/hw/diagrama_bloques_wrapper.xsa -mem-ranges [list {0x40000000 0xbfffffff}] -regs
configparams force-mem-access 1
targets -set -nocase -filter {name =~"APU*"}
source D:/Proyecto-02-SEP/Vitis/GH_SW/_ide/psinit/ps7_init.tcl
ps7_init
ps7_post_config
targets -set -nocase -filter {name =~ "*A9*#0"}
dow D:/Proyecto-02-SEP/Vitis/GH_SW/Debug/GH_SW.elf
configparams force-mem-access 0
----------------End of Script----------------

15:27:38 INFO  : Context for processor 'ps7_cortexa9_0' is selected.
15:27:38 INFO  : 'con' command is executed.
15:27:38 INFO  : ----------------XSDB Script (After Launch)----------------
targets -set -nocase -filter {name =~ "*A9*#0"}
con
----------------End of Script----------------

15:27:38 INFO  : Launch script is exported to file 'D:\Proyecto-02-SEP\Vitis\.sdk\launch_scripts\single_application_debug\debugger_gh_sw-default.tcl'
17:29:41 INFO  : Checking for BSP changes to sync application flags for project 'GH_SW'...
17:29:56 INFO  : Checking for BSP changes to sync application flags for project 'GH_SW'...
17:30:06 ERROR : (XSDB Server)ERROR: [Hsi 55-1571] The design file D:/Proyecto-02-SEP/Vitis/GH_HW/export/GH_HW/hw/diagrama_bloques_wrapper.xsa is already opened

17:31:24 INFO  : Disconnected from the channel tcfchan#3.
17:31:25 INFO  : Connected to target on host '127.0.0.1' and port '3121'.
17:31:25 INFO  : Jtag cable 'Digilent Zybo Z7 210351B3FB80A' is selected.
17:31:25 INFO  : 'jtag frequency' command is executed.
17:31:25 INFO  : Context for 'APU' is selected.
17:31:25 INFO  : System reset is completed.
17:31:28 INFO  : 'after 3000' command is executed.
17:31:28 INFO  : 'targets -set -filter {jtag_cable_name =~ "Digilent Zybo Z7 210351B3FB80A" && level==0 && jtag_device_ctx=="jsn-Zybo Z7-210351B3FB80A-13722093-0"}' command is executed.
17:31:29 INFO  : FPGA configured successfully with bitstream "D:/Proyecto-02-SEP/Vitis/GH_SW/_ide/bitstream/diagrama_bloques_wrapper.bit"
17:31:30 INFO  : Context for 'APU' is selected.
17:31:34 INFO  : Hardware design and registers information is loaded from 'D:/Proyecto-02-SEP/Vitis/GH_HW/export/GH_HW/hw/diagrama_bloques_wrapper.xsa'.
17:31:34 INFO  : 'configparams force-mem-access 1' command is executed.
17:31:34 INFO  : Context for 'APU' is selected.
17:31:34 INFO  : Sourcing of 'D:/Proyecto-02-SEP/Vitis/GH_SW/_ide/psinit/ps7_init.tcl' is done.
17:31:35 INFO  : 'ps7_init' command is executed.
17:31:35 INFO  : 'ps7_post_config' command is executed.
17:31:35 INFO  : Context for processor 'ps7_cortexa9_0' is selected.
17:31:36 INFO  : The application 'D:/Proyecto-02-SEP/Vitis/GH_SW/Debug/GH_SW.elf' is downloaded to processor 'ps7_cortexa9_0'.
17:31:36 INFO  : 'configparams force-mem-access 0' command is executed.
17:31:36 INFO  : ----------------XSDB Script----------------
connect -url tcp:127.0.0.1:3121
targets -set -nocase -filter {name =~"APU*"}
rst -system
after 3000
targets -set -filter {jtag_cable_name =~ "Digilent Zybo Z7 210351B3FB80A" && level==0 && jtag_device_ctx=="jsn-Zybo Z7-210351B3FB80A-13722093-0"}
fpga -file D:/Proyecto-02-SEP/Vitis/GH_SW/_ide/bitstream/diagrama_bloques_wrapper.bit
targets -set -nocase -filter {name =~"APU*"}
loadhw -hw D:/Proyecto-02-SEP/Vitis/GH_HW/export/GH_HW/hw/diagrama_bloques_wrapper.xsa -mem-ranges [list {0x40000000 0xbfffffff}] -regs
configparams force-mem-access 1
targets -set -nocase -filter {name =~"APU*"}
source D:/Proyecto-02-SEP/Vitis/GH_SW/_ide/psinit/ps7_init.tcl
ps7_init
ps7_post_config
targets -set -nocase -filter {name =~ "*A9*#0"}
dow D:/Proyecto-02-SEP/Vitis/GH_SW/Debug/GH_SW.elf
configparams force-mem-access 0
----------------End of Script----------------

17:31:36 INFO  : Context for processor 'ps7_cortexa9_0' is selected.
17:31:36 INFO  : 'con' command is executed.
17:31:36 INFO  : ----------------XSDB Script (After Launch)----------------
targets -set -nocase -filter {name =~ "*A9*#0"}
con
----------------End of Script----------------

17:31:36 INFO  : Launch script is exported to file 'D:\Proyecto-02-SEP\Vitis\.sdk\launch_scripts\single_application_debug\debugger_gh_sw-default.tcl'
17:33:03 INFO  : Checking for BSP changes to sync application flags for project 'GH_SW'...
17:33:12 INFO  : Checking for BSP changes to sync application flags for project 'GH_SW'...
17:33:18 ERROR : (XSDB Server)ERROR: [Hsi 55-1571] The design file D:/Proyecto-02-SEP/Vitis/GH_HW/export/GH_HW/hw/diagrama_bloques_wrapper.xsa is already opened

17:33:45 INFO  : Disconnected from the channel tcfchan#5.
17:33:46 INFO  : Connected to target on host '127.0.0.1' and port '3121'.
17:33:46 INFO  : Jtag cable 'Digilent Zybo Z7 210351B3FB80A' is selected.
17:33:46 INFO  : 'jtag frequency' command is executed.
17:33:46 INFO  : Context for 'APU' is selected.
17:33:46 INFO  : System reset is completed.
17:33:49 INFO  : 'after 3000' command is executed.
17:33:49 INFO  : 'targets -set -filter {jtag_cable_name =~ "Digilent Zybo Z7 210351B3FB80A" && level==0 && jtag_device_ctx=="jsn-Zybo Z7-210351B3FB80A-13722093-0"}' command is executed.
17:33:51 INFO  : FPGA configured successfully with bitstream "D:/Proyecto-02-SEP/Vitis/GH_SW/_ide/bitstream/diagrama_bloques_wrapper.bit"
17:33:51 INFO  : Context for 'APU' is selected.
17:33:55 INFO  : Hardware design and registers information is loaded from 'D:/Proyecto-02-SEP/Vitis/GH_HW/export/GH_HW/hw/diagrama_bloques_wrapper.xsa'.
17:33:55 INFO  : 'configparams force-mem-access 1' command is executed.
17:33:55 INFO  : Context for 'APU' is selected.
17:33:55 INFO  : Sourcing of 'D:/Proyecto-02-SEP/Vitis/GH_SW/_ide/psinit/ps7_init.tcl' is done.
17:33:56 INFO  : 'ps7_init' command is executed.
17:33:56 INFO  : 'ps7_post_config' command is executed.
17:33:56 INFO  : Context for processor 'ps7_cortexa9_0' is selected.
17:33:57 INFO  : The application 'D:/Proyecto-02-SEP/Vitis/GH_SW/Debug/GH_SW.elf' is downloaded to processor 'ps7_cortexa9_0'.
17:33:57 INFO  : 'configparams force-mem-access 0' command is executed.
17:33:57 INFO  : ----------------XSDB Script----------------
connect -url tcp:127.0.0.1:3121
targets -set -nocase -filter {name =~"APU*"}
rst -system
after 3000
targets -set -filter {jtag_cable_name =~ "Digilent Zybo Z7 210351B3FB80A" && level==0 && jtag_device_ctx=="jsn-Zybo Z7-210351B3FB80A-13722093-0"}
fpga -file D:/Proyecto-02-SEP/Vitis/GH_SW/_ide/bitstream/diagrama_bloques_wrapper.bit
targets -set -nocase -filter {name =~"APU*"}
loadhw -hw D:/Proyecto-02-SEP/Vitis/GH_HW/export/GH_HW/hw/diagrama_bloques_wrapper.xsa -mem-ranges [list {0x40000000 0xbfffffff}] -regs
configparams force-mem-access 1
targets -set -nocase -filter {name =~"APU*"}
source D:/Proyecto-02-SEP/Vitis/GH_SW/_ide/psinit/ps7_init.tcl
ps7_init
ps7_post_config
targets -set -nocase -filter {name =~ "*A9*#0"}
dow D:/Proyecto-02-SEP/Vitis/GH_SW/Debug/GH_SW.elf
configparams force-mem-access 0
----------------End of Script----------------

17:33:57 INFO  : Context for processor 'ps7_cortexa9_0' is selected.
17:33:57 INFO  : 'con' command is executed.
17:33:57 INFO  : ----------------XSDB Script (After Launch)----------------
targets -set -nocase -filter {name =~ "*A9*#0"}
con
----------------End of Script----------------

17:33:57 INFO  : Launch script is exported to file 'D:\Proyecto-02-SEP\Vitis\.sdk\launch_scripts\single_application_debug\debugger_gh_sw-default.tcl'
20:59:20 INFO  : Disconnected from the channel tcfchan#7.
15:55:01 INFO  : Launching XSCT server: xsct.bat -n  -interactive D:\Proyecto-02-SEP\Vitis\temp_xsdb_launch_script.tcl
15:55:04 INFO  : XSCT server has started successfully.
15:55:04 INFO  : plnx-install-location is set to ''
15:55:04 INFO  : Successfully done setting XSCT server connection channel  
15:55:04 INFO  : Successfully done setting workspace for the tool. 
15:55:16 INFO  : Platform repository initialization has completed.
15:55:17 INFO  : Registering command handlers for Vitis TCF services
15:55:21 INFO  : Successfully done query RDI_DATADIR 
17:18:55 INFO  : Checking for BSP changes to sync application flags for project 'GH_SW'...
17:20:51 INFO  : Checking for BSP changes to sync application flags for project 'GH_SW'...
17:23:06 INFO  : Checking for BSP changes to sync application flags for project 'GH_SW'...
17:23:36 INFO  : Checking for BSP changes to sync application flags for project 'GH_SW'...
17:25:23 INFO  : Checking for BSP changes to sync application flags for project 'GH_SW'...
17:25:32 INFO  : Checking for BSP changes to sync application flags for project 'GH_SW'...
17:25:36 ERROR : (XSDB Server)ERROR: [Hsi 55-1571] The design file D:/Proyecto-02-SEP/Vitis/GH_HW/export/GH_HW/hw/diagrama_bloques_wrapper.xsa is already opened

17:28:25 INFO  : Connected to target on host '127.0.0.1' and port '3121'.
17:28:26 INFO  : Jtag cable 'Digilent Zybo Z7 210351B3FB80A' is selected.
17:28:26 INFO  : 'jtag frequency' command is executed.
17:28:26 INFO  : Context for 'APU' is selected.
17:28:26 INFO  : System reset is completed.
17:28:29 INFO  : 'after 3000' command is executed.
17:28:29 INFO  : 'targets -set -filter {jtag_cable_name =~ "Digilent Zybo Z7 210351B3FB80A" && level==0 && jtag_device_ctx=="jsn-Zybo Z7-210351B3FB80A-13722093-0"}' command is executed.
17:28:30 INFO  : FPGA configured successfully with bitstream "D:/Proyecto-02-SEP/Vitis/GH_SW/_ide/bitstream/diagrama_bloques_wrapper.bit"
17:28:30 INFO  : Context for 'APU' is selected.
17:28:31 INFO  : Hardware design and registers information is loaded from 'D:/Proyecto-02-SEP/Vitis/GH_HW/export/GH_HW/hw/diagrama_bloques_wrapper.xsa'.
17:28:31 INFO  : 'configparams force-mem-access 1' command is executed.
17:28:31 INFO  : Context for 'APU' is selected.
17:28:31 INFO  : Sourcing of 'D:/Proyecto-02-SEP/Vitis/GH_SW/_ide/psinit/ps7_init.tcl' is done.
17:28:31 INFO  : 'ps7_init' command is executed.
17:28:31 INFO  : 'ps7_post_config' command is executed.
17:28:31 INFO  : Context for processor 'ps7_cortexa9_0' is selected.
17:28:32 INFO  : The application 'D:/Proyecto-02-SEP/Vitis/GH_SW/Debug/GH_SW.elf' is downloaded to processor 'ps7_cortexa9_0'.
17:28:32 INFO  : 'configparams force-mem-access 0' command is executed.
17:28:32 INFO  : ----------------XSDB Script----------------
connect -url tcp:127.0.0.1:3121
targets -set -nocase -filter {name =~"APU*"}
rst -system
after 3000
targets -set -filter {jtag_cable_name =~ "Digilent Zybo Z7 210351B3FB80A" && level==0 && jtag_device_ctx=="jsn-Zybo Z7-210351B3FB80A-13722093-0"}
fpga -file D:/Proyecto-02-SEP/Vitis/GH_SW/_ide/bitstream/diagrama_bloques_wrapper.bit
targets -set -nocase -filter {name =~"APU*"}
loadhw -hw D:/Proyecto-02-SEP/Vitis/GH_HW/export/GH_HW/hw/diagrama_bloques_wrapper.xsa -mem-ranges [list {0x40000000 0xbfffffff}] -regs
configparams force-mem-access 1
targets -set -nocase -filter {name =~"APU*"}
source D:/Proyecto-02-SEP/Vitis/GH_SW/_ide/psinit/ps7_init.tcl
ps7_init
ps7_post_config
targets -set -nocase -filter {name =~ "*A9*#0"}
dow D:/Proyecto-02-SEP/Vitis/GH_SW/Debug/GH_SW.elf
configparams force-mem-access 0
----------------End of Script----------------

17:28:32 INFO  : Context for processor 'ps7_cortexa9_0' is selected.
17:28:32 INFO  : 'con' command is executed.
17:28:32 INFO  : ----------------XSDB Script (After Launch)----------------
targets -set -nocase -filter {name =~ "*A9*#0"}
con
----------------End of Script----------------

17:28:32 INFO  : Launch script is exported to file 'D:\Proyecto-02-SEP\Vitis\.sdk\launch_scripts\single_application_debug\debugger_gh_sw-default.tcl'
18:02:11 INFO  : Checking for BSP changes to sync application flags for project 'GH_SW'...
18:02:18 INFO  : Checking for BSP changes to sync application flags for project 'GH_SW'...
18:02:20 ERROR : (XSDB Server)ERROR: [Hsi 55-1571] The design file D:/Proyecto-02-SEP/Vitis/GH_HW/export/GH_HW/hw/diagrama_bloques_wrapper.xsa is already opened

18:03:02 INFO  : Disconnected from the channel tcfchan#2.
18:03:03 INFO  : Connected to target on host '127.0.0.1' and port '3121'.
18:03:03 INFO  : Jtag cable 'Digilent Zybo Z7 210351B3FB80A' is selected.
18:03:03 INFO  : 'jtag frequency' command is executed.
18:03:04 INFO  : Context for 'APU' is selected.
18:03:04 INFO  : System reset is completed.
18:03:07 INFO  : 'after 3000' command is executed.
18:03:07 INFO  : 'targets -set -filter {jtag_cable_name =~ "Digilent Zybo Z7 210351B3FB80A" && level==0 && jtag_device_ctx=="jsn-Zybo Z7-210351B3FB80A-13722093-0"}' command is executed.
18:03:08 INFO  : FPGA configured successfully with bitstream "D:/Proyecto-02-SEP/Vitis/GH_SW/_ide/bitstream/diagrama_bloques_wrapper.bit"
18:03:08 INFO  : Context for 'APU' is selected.
18:03:10 INFO  : Hardware design and registers information is loaded from 'D:/Proyecto-02-SEP/Vitis/GH_HW/export/GH_HW/hw/diagrama_bloques_wrapper.xsa'.
18:03:10 INFO  : 'configparams force-mem-access 1' command is executed.
18:03:10 INFO  : Context for 'APU' is selected.
18:03:10 INFO  : Sourcing of 'D:/Proyecto-02-SEP/Vitis/GH_SW/_ide/psinit/ps7_init.tcl' is done.
18:03:10 INFO  : 'ps7_init' command is executed.
18:03:10 INFO  : 'ps7_post_config' command is executed.
18:03:10 INFO  : Context for processor 'ps7_cortexa9_0' is selected.
18:03:11 INFO  : The application 'D:/Proyecto-02-SEP/Vitis/GH_SW/Debug/GH_SW.elf' is downloaded to processor 'ps7_cortexa9_0'.
18:03:11 INFO  : 'configparams force-mem-access 0' command is executed.
18:03:11 INFO  : ----------------XSDB Script----------------
connect -url tcp:127.0.0.1:3121
targets -set -nocase -filter {name =~"APU*"}
rst -system
after 3000
targets -set -filter {jtag_cable_name =~ "Digilent Zybo Z7 210351B3FB80A" && level==0 && jtag_device_ctx=="jsn-Zybo Z7-210351B3FB80A-13722093-0"}
fpga -file D:/Proyecto-02-SEP/Vitis/GH_SW/_ide/bitstream/diagrama_bloques_wrapper.bit
targets -set -nocase -filter {name =~"APU*"}
loadhw -hw D:/Proyecto-02-SEP/Vitis/GH_HW/export/GH_HW/hw/diagrama_bloques_wrapper.xsa -mem-ranges [list {0x40000000 0xbfffffff}] -regs
configparams force-mem-access 1
targets -set -nocase -filter {name =~"APU*"}
source D:/Proyecto-02-SEP/Vitis/GH_SW/_ide/psinit/ps7_init.tcl
ps7_init
ps7_post_config
targets -set -nocase -filter {name =~ "*A9*#0"}
dow D:/Proyecto-02-SEP/Vitis/GH_SW/Debug/GH_SW.elf
configparams force-mem-access 0
----------------End of Script----------------

18:03:11 INFO  : Context for processor 'ps7_cortexa9_0' is selected.
18:03:11 INFO  : 'con' command is executed.
18:03:11 INFO  : ----------------XSDB Script (After Launch)----------------
targets -set -nocase -filter {name =~ "*A9*#0"}
con
----------------End of Script----------------

18:03:11 INFO  : Launch script is exported to file 'D:\Proyecto-02-SEP\Vitis\.sdk\launch_scripts\single_application_debug\debugger_gh_sw-default.tcl'
18:03:27 INFO  : Disconnected from the channel tcfchan#4.
18:03:28 INFO  : Connected to target on host '127.0.0.1' and port '3121'.
18:03:28 INFO  : Jtag cable 'Digilent Zybo Z7 210351B3FB80A' is selected.
18:03:28 INFO  : 'jtag frequency' command is executed.
18:03:28 INFO  : Context for 'APU' is selected.
18:03:28 INFO  : System reset is completed.
18:03:31 INFO  : 'after 3000' command is executed.
18:03:31 INFO  : 'targets -set -filter {jtag_cable_name =~ "Digilent Zybo Z7 210351B3FB80A" && level==0 && jtag_device_ctx=="jsn-Zybo Z7-210351B3FB80A-13722093-0"}' command is executed.
18:03:33 INFO  : FPGA configured successfully with bitstream "D:/Proyecto-02-SEP/Vitis/GH_SW/_ide/bitstream/diagrama_bloques_wrapper.bit"
18:03:33 INFO  : Context for 'APU' is selected.
18:03:34 INFO  : Hardware design and registers information is loaded from 'D:/Proyecto-02-SEP/Vitis/GH_HW/export/GH_HW/hw/diagrama_bloques_wrapper.xsa'.
18:03:34 INFO  : 'configparams force-mem-access 1' command is executed.
18:03:34 INFO  : Context for 'APU' is selected.
18:03:34 INFO  : Sourcing of 'D:/Proyecto-02-SEP/Vitis/GH_SW/_ide/psinit/ps7_init.tcl' is done.
18:03:35 INFO  : 'ps7_init' command is executed.
18:03:35 INFO  : 'ps7_post_config' command is executed.
18:03:35 INFO  : Context for processor 'ps7_cortexa9_0' is selected.
18:03:36 INFO  : The application 'D:/Proyecto-02-SEP/Vitis/GH_SW/Debug/GH_SW.elf' is downloaded to processor 'ps7_cortexa9_0'.
18:03:36 INFO  : 'configparams force-mem-access 0' command is executed.
18:03:36 INFO  : ----------------XSDB Script----------------
connect -url tcp:127.0.0.1:3121
targets -set -nocase -filter {name =~"APU*"}
rst -system
after 3000
targets -set -filter {jtag_cable_name =~ "Digilent Zybo Z7 210351B3FB80A" && level==0 && jtag_device_ctx=="jsn-Zybo Z7-210351B3FB80A-13722093-0"}
fpga -file D:/Proyecto-02-SEP/Vitis/GH_SW/_ide/bitstream/diagrama_bloques_wrapper.bit
targets -set -nocase -filter {name =~"APU*"}
loadhw -hw D:/Proyecto-02-SEP/Vitis/GH_HW/export/GH_HW/hw/diagrama_bloques_wrapper.xsa -mem-ranges [list {0x40000000 0xbfffffff}] -regs
configparams force-mem-access 1
targets -set -nocase -filter {name =~"APU*"}
source D:/Proyecto-02-SEP/Vitis/GH_SW/_ide/psinit/ps7_init.tcl
ps7_init
ps7_post_config
targets -set -nocase -filter {name =~ "*A9*#0"}
dow D:/Proyecto-02-SEP/Vitis/GH_SW/Debug/GH_SW.elf
configparams force-mem-access 0
----------------End of Script----------------

18:03:36 INFO  : Context for processor 'ps7_cortexa9_0' is selected.
18:03:36 INFO  : 'con' command is executed.
18:03:36 INFO  : ----------------XSDB Script (After Launch)----------------
targets -set -nocase -filter {name =~ "*A9*#0"}
con
----------------End of Script----------------

18:03:36 INFO  : Launch script is exported to file 'D:\Proyecto-02-SEP\Vitis\.sdk\launch_scripts\single_application_debug\debugger_gh_sw-default.tcl'
18:05:09 INFO  : Disconnected from the channel tcfchan#5.
18:05:10 INFO  : Connected to target on host '127.0.0.1' and port '3121'.
18:05:10 INFO  : Jtag cable 'Digilent Zybo Z7 210351B3FB80A' is selected.
18:05:10 INFO  : 'jtag frequency' command is executed.
18:05:10 INFO  : Context for 'APU' is selected.
18:05:10 INFO  : System reset is completed.
18:05:13 INFO  : 'after 3000' command is executed.
18:05:13 INFO  : 'targets -set -filter {jtag_cable_name =~ "Digilent Zybo Z7 210351B3FB80A" && level==0 && jtag_device_ctx=="jsn-Zybo Z7-210351B3FB80A-13722093-0"}' command is executed.
18:05:14 INFO  : FPGA configured successfully with bitstream "D:/Proyecto-02-SEP/Vitis/GH_SW/_ide/bitstream/diagrama_bloques_wrapper.bit"
18:05:14 INFO  : Context for 'APU' is selected.
18:05:16 INFO  : Hardware design and registers information is loaded from 'D:/Proyecto-02-SEP/Vitis/GH_HW/export/GH_HW/hw/diagrama_bloques_wrapper.xsa'.
18:05:16 INFO  : 'configparams force-mem-access 1' command is executed.
18:05:16 INFO  : Context for 'APU' is selected.
18:05:16 INFO  : Sourcing of 'D:/Proyecto-02-SEP/Vitis/GH_SW/_ide/psinit/ps7_init.tcl' is done.
18:05:16 INFO  : 'ps7_init' command is executed.
18:05:16 INFO  : 'ps7_post_config' command is executed.
18:05:16 INFO  : Context for processor 'ps7_cortexa9_0' is selected.
18:05:17 INFO  : The application 'D:/Proyecto-02-SEP/Vitis/GH_SW/Debug/GH_SW.elf' is downloaded to processor 'ps7_cortexa9_0'.
18:05:17 INFO  : 'configparams force-mem-access 0' command is executed.
18:05:17 INFO  : ----------------XSDB Script----------------
connect -url tcp:127.0.0.1:3121
targets -set -nocase -filter {name =~"APU*"}
rst -system
after 3000
targets -set -filter {jtag_cable_name =~ "Digilent Zybo Z7 210351B3FB80A" && level==0 && jtag_device_ctx=="jsn-Zybo Z7-210351B3FB80A-13722093-0"}
fpga -file D:/Proyecto-02-SEP/Vitis/GH_SW/_ide/bitstream/diagrama_bloques_wrapper.bit
targets -set -nocase -filter {name =~"APU*"}
loadhw -hw D:/Proyecto-02-SEP/Vitis/GH_HW/export/GH_HW/hw/diagrama_bloques_wrapper.xsa -mem-ranges [list {0x40000000 0xbfffffff}] -regs
configparams force-mem-access 1
targets -set -nocase -filter {name =~"APU*"}
source D:/Proyecto-02-SEP/Vitis/GH_SW/_ide/psinit/ps7_init.tcl
ps7_init
ps7_post_config
targets -set -nocase -filter {name =~ "*A9*#0"}
dow D:/Proyecto-02-SEP/Vitis/GH_SW/Debug/GH_SW.elf
configparams force-mem-access 0
----------------End of Script----------------

18:05:17 INFO  : Context for processor 'ps7_cortexa9_0' is selected.
18:05:17 INFO  : 'con' command is executed.
18:05:17 INFO  : ----------------XSDB Script (After Launch)----------------
targets -set -nocase -filter {name =~ "*A9*#0"}
con
----------------End of Script----------------

18:05:17 INFO  : Launch script is exported to file 'D:\Proyecto-02-SEP\Vitis\.sdk\launch_scripts\single_application_debug\debugger_gh_sw-default.tcl'
18:16:24 INFO  : Checking for BSP changes to sync application flags for project 'GH_SW'...
18:16:29 INFO  : Checking for BSP changes to sync application flags for project 'GH_SW'...
18:16:31 ERROR : (XSDB Server)ERROR: [Hsi 55-1571] The design file D:/Proyecto-02-SEP/Vitis/GH_HW/export/GH_HW/hw/diagrama_bloques_wrapper.xsa is already opened

18:16:44 INFO  : Connected to target on host '127.0.0.1' and port '3121'.
18:16:45 INFO  : Jtag cable 'Digilent Zybo Z7 210351B3FB80A' is selected.
18:16:45 INFO  : 'jtag frequency' command is executed.
18:16:45 INFO  : Context for 'APU' is selected.
18:16:45 INFO  : System reset is completed.
18:16:48 INFO  : 'after 3000' command is executed.
18:16:48 INFO  : 'targets -set -filter {jtag_cable_name =~ "Digilent Zybo Z7 210351B3FB80A" && level==0 && jtag_device_ctx=="jsn-Zybo Z7-210351B3FB80A-13722093-0"}' command is executed.
18:16:49 INFO  : FPGA configured successfully with bitstream "D:/Proyecto-02-SEP/Vitis/GH_SW/_ide/bitstream/diagrama_bloques_wrapper.bit"
18:16:49 INFO  : Context for 'APU' is selected.
18:16:49 INFO  : Hardware design and registers information is loaded from 'D:/Proyecto-02-SEP/Vitis/GH_HW/export/GH_HW/hw/diagrama_bloques_wrapper.xsa'.
18:16:49 INFO  : 'configparams force-mem-access 1' command is executed.
18:16:49 INFO  : Context for 'APU' is selected.
18:16:49 INFO  : Sourcing of 'D:/Proyecto-02-SEP/Vitis/GH_SW/_ide/psinit/ps7_init.tcl' is done.
18:16:49 INFO  : 'ps7_init' command is executed.
18:16:49 INFO  : 'ps7_post_config' command is executed.
18:16:49 INFO  : Context for processor 'ps7_cortexa9_0' is selected.
18:16:50 INFO  : The application 'D:/Proyecto-02-SEP/Vitis/GH_SW/Debug/GH_SW.elf' is downloaded to processor 'ps7_cortexa9_0'.
18:16:50 INFO  : Disconnected from the channel tcfchan#6.
18:16:50 INFO  : 'configparams force-mem-access 0' command is executed.
18:16:50 INFO  : ----------------XSDB Script----------------
connect -url tcp:127.0.0.1:3121
targets -set -nocase -filter {name =~"APU*"}
rst -system
after 3000
targets -set -filter {jtag_cable_name =~ "Digilent Zybo Z7 210351B3FB80A" && level==0 && jtag_device_ctx=="jsn-Zybo Z7-210351B3FB80A-13722093-0"}
fpga -file D:/Proyecto-02-SEP/Vitis/GH_SW/_ide/bitstream/diagrama_bloques_wrapper.bit
targets -set -nocase -filter {name =~"APU*"}
loadhw -hw D:/Proyecto-02-SEP/Vitis/GH_HW/export/GH_HW/hw/diagrama_bloques_wrapper.xsa -mem-ranges [list {0x40000000 0xbfffffff}] -regs
configparams force-mem-access 1
targets -set -nocase -filter {name =~"APU*"}
source D:/Proyecto-02-SEP/Vitis/GH_SW/_ide/psinit/ps7_init.tcl
ps7_init
ps7_post_config
targets -set -nocase -filter {name =~ "*A9*#0"}
dow D:/Proyecto-02-SEP/Vitis/GH_SW/Debug/GH_SW.elf
configparams force-mem-access 0
----------------End of Script----------------

18:16:50 ERROR : Invalid target. Use "connect" command to connect to hw_server/TCF agent
18:16:50 WARN  : channel "tcfchan#6" closed
18:16:51 INFO  : Connected to target on host '127.0.0.1' and port '3121'.
18:16:51 INFO  : Jtag cable 'Digilent Zybo Z7 210351B3FB80A' is selected.
18:16:51 INFO  : 'jtag frequency' command is executed.
18:16:51 INFO  : Context for 'APU' is selected.
18:16:51 INFO  : System reset is completed.
18:16:54 INFO  : 'after 3000' command is executed.
18:16:54 INFO  : 'targets -set -filter {jtag_cable_name =~ "Digilent Zybo Z7 210351B3FB80A" && level==0 && jtag_device_ctx=="jsn-Zybo Z7-210351B3FB80A-13722093-0"}' command is executed.
18:16:55 INFO  : FPGA configured successfully with bitstream "D:/Proyecto-02-SEP/Vitis/GH_SW/_ide/bitstream/diagrama_bloques_wrapper.bit"
18:16:56 INFO  : Context for 'APU' is selected.
18:16:57 INFO  : Hardware design and registers information is loaded from 'D:/Proyecto-02-SEP/Vitis/GH_HW/export/GH_HW/hw/diagrama_bloques_wrapper.xsa'.
18:16:57 INFO  : 'configparams force-mem-access 1' command is executed.
18:16:57 INFO  : Context for 'APU' is selected.
18:16:57 INFO  : Sourcing of 'D:/Proyecto-02-SEP/Vitis/GH_SW/_ide/psinit/ps7_init.tcl' is done.
18:16:58 INFO  : 'ps7_init' command is executed.
18:16:58 INFO  : 'ps7_post_config' command is executed.
18:16:58 INFO  : Context for processor 'ps7_cortexa9_0' is selected.
18:16:59 INFO  : The application 'D:/Proyecto-02-SEP/Vitis/GH_SW/Debug/GH_SW.elf' is downloaded to processor 'ps7_cortexa9_0'.
18:16:59 INFO  : 'configparams force-mem-access 0' command is executed.
18:16:59 INFO  : ----------------XSDB Script----------------
connect -url tcp:127.0.0.1:3121
targets -set -nocase -filter {name =~"APU*"}
rst -system
after 3000
targets -set -filter {jtag_cable_name =~ "Digilent Zybo Z7 210351B3FB80A" && level==0 && jtag_device_ctx=="jsn-Zybo Z7-210351B3FB80A-13722093-0"}
fpga -file D:/Proyecto-02-SEP/Vitis/GH_SW/_ide/bitstream/diagrama_bloques_wrapper.bit
targets -set -nocase -filter {name =~"APU*"}
loadhw -hw D:/Proyecto-02-SEP/Vitis/GH_HW/export/GH_HW/hw/diagrama_bloques_wrapper.xsa -mem-ranges [list {0x40000000 0xbfffffff}] -regs
configparams force-mem-access 1
targets -set -nocase -filter {name =~"APU*"}
source D:/Proyecto-02-SEP/Vitis/GH_SW/_ide/psinit/ps7_init.tcl
ps7_init
ps7_post_config
targets -set -nocase -filter {name =~ "*A9*#0"}
dow D:/Proyecto-02-SEP/Vitis/GH_SW/Debug/GH_SW.elf
configparams force-mem-access 0
----------------End of Script----------------

18:16:59 INFO  : Context for processor 'ps7_cortexa9_0' is selected.
18:16:59 INFO  : 'con' command is executed.
18:16:59 INFO  : ----------------XSDB Script (After Launch)----------------
targets -set -nocase -filter {name =~ "*A9*#0"}
con
----------------End of Script----------------

18:16:59 INFO  : Launch script is exported to file 'D:\Proyecto-02-SEP\Vitis\.sdk\launch_scripts\single_application_debug\debugger_gh_sw-default.tcl'
18:19:36 INFO  : Checking for BSP changes to sync application flags for project 'GH_SW'...
18:19:40 INFO  : Checking for BSP changes to sync application flags for project 'GH_SW'...
18:19:43 ERROR : (XSDB Server)ERROR: [Hsi 55-1571] The design file D:/Proyecto-02-SEP/Vitis/GH_HW/export/GH_HW/hw/diagrama_bloques_wrapper.xsa is already opened

18:19:51 INFO  : Disconnected from the channel tcfchan#8.
18:19:52 INFO  : Connected to target on host '127.0.0.1' and port '3121'.
18:19:53 INFO  : Jtag cable 'Digilent Zybo Z7 210351B3FB80A' is selected.
18:19:53 INFO  : 'jtag frequency' command is executed.
18:19:53 INFO  : Context for 'APU' is selected.
18:19:53 INFO  : System reset is completed.
18:19:56 INFO  : 'after 3000' command is executed.
18:19:56 INFO  : 'targets -set -filter {jtag_cable_name =~ "Digilent Zybo Z7 210351B3FB80A" && level==0 && jtag_device_ctx=="jsn-Zybo Z7-210351B3FB80A-13722093-0"}' command is executed.
18:19:57 INFO  : FPGA configured successfully with bitstream "D:/Proyecto-02-SEP/Vitis/GH_SW/_ide/bitstream/diagrama_bloques_wrapper.bit"
18:19:57 INFO  : Context for 'APU' is selected.
18:19:59 INFO  : Hardware design and registers information is loaded from 'D:/Proyecto-02-SEP/Vitis/GH_HW/export/GH_HW/hw/diagrama_bloques_wrapper.xsa'.
18:19:59 INFO  : 'configparams force-mem-access 1' command is executed.
18:19:59 INFO  : Context for 'APU' is selected.
18:19:59 INFO  : Sourcing of 'D:/Proyecto-02-SEP/Vitis/GH_SW/_ide/psinit/ps7_init.tcl' is done.
18:19:59 INFO  : 'ps7_init' command is executed.
18:19:59 INFO  : 'ps7_post_config' command is executed.
18:19:59 INFO  : Context for processor 'ps7_cortexa9_0' is selected.
18:20:00 INFO  : The application 'D:/Proyecto-02-SEP/Vitis/GH_SW/Debug/GH_SW.elf' is downloaded to processor 'ps7_cortexa9_0'.
18:20:00 INFO  : 'configparams force-mem-access 0' command is executed.
18:20:00 INFO  : ----------------XSDB Script----------------
connect -url tcp:127.0.0.1:3121
targets -set -nocase -filter {name =~"APU*"}
rst -system
after 3000
targets -set -filter {jtag_cable_name =~ "Digilent Zybo Z7 210351B3FB80A" && level==0 && jtag_device_ctx=="jsn-Zybo Z7-210351B3FB80A-13722093-0"}
fpga -file D:/Proyecto-02-SEP/Vitis/GH_SW/_ide/bitstream/diagrama_bloques_wrapper.bit
targets -set -nocase -filter {name =~"APU*"}
loadhw -hw D:/Proyecto-02-SEP/Vitis/GH_HW/export/GH_HW/hw/diagrama_bloques_wrapper.xsa -mem-ranges [list {0x40000000 0xbfffffff}] -regs
configparams force-mem-access 1
targets -set -nocase -filter {name =~"APU*"}
source D:/Proyecto-02-SEP/Vitis/GH_SW/_ide/psinit/ps7_init.tcl
ps7_init
ps7_post_config
targets -set -nocase -filter {name =~ "*A9*#0"}
dow D:/Proyecto-02-SEP/Vitis/GH_SW/Debug/GH_SW.elf
configparams force-mem-access 0
----------------End of Script----------------

18:20:00 INFO  : Context for processor 'ps7_cortexa9_0' is selected.
18:20:00 INFO  : 'con' command is executed.
18:20:00 INFO  : ----------------XSDB Script (After Launch)----------------
targets -set -nocase -filter {name =~ "*A9*#0"}
con
----------------End of Script----------------

18:20:00 INFO  : Launch script is exported to file 'D:\Proyecto-02-SEP\Vitis\.sdk\launch_scripts\single_application_debug\debugger_gh_sw-default.tcl'
18:24:07 INFO  : Checking for BSP changes to sync application flags for project 'GH_SW'...
18:24:27 INFO  : Checking for BSP changes to sync application flags for project 'GH_SW'...
18:24:33 INFO  : Checking for BSP changes to sync application flags for project 'GH_SW'...
18:24:35 ERROR : (XSDB Server)ERROR: [Hsi 55-1571] The design file D:/Proyecto-02-SEP/Vitis/GH_HW/export/GH_HW/hw/diagrama_bloques_wrapper.xsa is already opened

18:24:43 INFO  : Disconnected from the channel tcfchan#10.
18:24:44 INFO  : Connected to target on host '127.0.0.1' and port '3121'.
18:24:44 INFO  : Jtag cable 'Digilent Zybo Z7 210351B3FB80A' is selected.
18:24:44 INFO  : 'jtag frequency' command is executed.
18:24:44 INFO  : Context for 'APU' is selected.
18:24:44 INFO  : System reset is completed.
18:24:47 INFO  : 'after 3000' command is executed.
18:24:47 INFO  : 'targets -set -filter {jtag_cable_name =~ "Digilent Zybo Z7 210351B3FB80A" && level==0 && jtag_device_ctx=="jsn-Zybo Z7-210351B3FB80A-13722093-0"}' command is executed.
18:24:48 INFO  : FPGA configured successfully with bitstream "D:/Proyecto-02-SEP/Vitis/GH_SW/_ide/bitstream/diagrama_bloques_wrapper.bit"
18:24:48 INFO  : Context for 'APU' is selected.
18:24:50 INFO  : Hardware design and registers information is loaded from 'D:/Proyecto-02-SEP/Vitis/GH_HW/export/GH_HW/hw/diagrama_bloques_wrapper.xsa'.
18:24:50 INFO  : 'configparams force-mem-access 1' command is executed.
18:24:50 INFO  : Context for 'APU' is selected.
18:24:50 INFO  : Sourcing of 'D:/Proyecto-02-SEP/Vitis/GH_SW/_ide/psinit/ps7_init.tcl' is done.
18:24:51 INFO  : 'ps7_init' command is executed.
18:24:51 INFO  : 'ps7_post_config' command is executed.
18:24:51 INFO  : Context for processor 'ps7_cortexa9_0' is selected.
18:24:51 INFO  : The application 'D:/Proyecto-02-SEP/Vitis/GH_SW/Debug/GH_SW.elf' is downloaded to processor 'ps7_cortexa9_0'.
18:24:51 INFO  : 'configparams force-mem-access 0' command is executed.
18:24:51 INFO  : ----------------XSDB Script----------------
connect -url tcp:127.0.0.1:3121
targets -set -nocase -filter {name =~"APU*"}
rst -system
after 3000
targets -set -filter {jtag_cable_name =~ "Digilent Zybo Z7 210351B3FB80A" && level==0 && jtag_device_ctx=="jsn-Zybo Z7-210351B3FB80A-13722093-0"}
fpga -file D:/Proyecto-02-SEP/Vitis/GH_SW/_ide/bitstream/diagrama_bloques_wrapper.bit
targets -set -nocase -filter {name =~"APU*"}
loadhw -hw D:/Proyecto-02-SEP/Vitis/GH_HW/export/GH_HW/hw/diagrama_bloques_wrapper.xsa -mem-ranges [list {0x40000000 0xbfffffff}] -regs
configparams force-mem-access 1
targets -set -nocase -filter {name =~"APU*"}
source D:/Proyecto-02-SEP/Vitis/GH_SW/_ide/psinit/ps7_init.tcl
ps7_init
ps7_post_config
targets -set -nocase -filter {name =~ "*A9*#0"}
dow D:/Proyecto-02-SEP/Vitis/GH_SW/Debug/GH_SW.elf
configparams force-mem-access 0
----------------End of Script----------------

18:24:52 INFO  : Context for processor 'ps7_cortexa9_0' is selected.
18:24:52 INFO  : 'con' command is executed.
18:24:52 INFO  : ----------------XSDB Script (After Launch)----------------
targets -set -nocase -filter {name =~ "*A9*#0"}
con
----------------End of Script----------------

18:24:52 INFO  : Launch script is exported to file 'D:\Proyecto-02-SEP\Vitis\.sdk\launch_scripts\single_application_debug\debugger_gh_sw-default.tcl'
18:33:49 INFO  : Checking for BSP changes to sync application flags for project 'GH_SW'...
18:33:53 INFO  : Checking for BSP changes to sync application flags for project 'GH_SW'...
18:33:56 ERROR : (XSDB Server)ERROR: [Hsi 55-1571] The design file D:/Proyecto-02-SEP/Vitis/GH_HW/export/GH_HW/hw/diagrama_bloques_wrapper.xsa is already opened

18:34:05 INFO  : Disconnected from the channel tcfchan#12.
18:34:06 INFO  : Connected to target on host '127.0.0.1' and port '3121'.
18:34:07 INFO  : Jtag cable 'Digilent Zybo Z7 210351B3FB80A' is selected.
18:34:07 INFO  : 'jtag frequency' command is executed.
18:34:07 INFO  : Context for 'APU' is selected.
18:34:07 INFO  : System reset is completed.
18:34:10 INFO  : 'after 3000' command is executed.
18:34:10 INFO  : 'targets -set -filter {jtag_cable_name =~ "Digilent Zybo Z7 210351B3FB80A" && level==0 && jtag_device_ctx=="jsn-Zybo Z7-210351B3FB80A-13722093-0"}' command is executed.
18:34:11 INFO  : FPGA configured successfully with bitstream "D:/Proyecto-02-SEP/Vitis/GH_SW/_ide/bitstream/diagrama_bloques_wrapper.bit"
18:34:11 INFO  : Context for 'APU' is selected.
18:34:13 INFO  : Hardware design and registers information is loaded from 'D:/Proyecto-02-SEP/Vitis/GH_HW/export/GH_HW/hw/diagrama_bloques_wrapper.xsa'.
18:34:13 INFO  : 'configparams force-mem-access 1' command is executed.
18:34:13 INFO  : Context for 'APU' is selected.
18:34:13 INFO  : Sourcing of 'D:/Proyecto-02-SEP/Vitis/GH_SW/_ide/psinit/ps7_init.tcl' is done.
18:34:13 INFO  : 'ps7_init' command is executed.
18:34:13 INFO  : 'ps7_post_config' command is executed.
18:34:13 INFO  : Context for processor 'ps7_cortexa9_0' is selected.
18:34:14 INFO  : The application 'D:/Proyecto-02-SEP/Vitis/GH_SW/Debug/GH_SW.elf' is downloaded to processor 'ps7_cortexa9_0'.
18:34:14 INFO  : 'configparams force-mem-access 0' command is executed.
18:34:14 INFO  : ----------------XSDB Script----------------
connect -url tcp:127.0.0.1:3121
targets -set -nocase -filter {name =~"APU*"}
rst -system
after 3000
targets -set -filter {jtag_cable_name =~ "Digilent Zybo Z7 210351B3FB80A" && level==0 && jtag_device_ctx=="jsn-Zybo Z7-210351B3FB80A-13722093-0"}
fpga -file D:/Proyecto-02-SEP/Vitis/GH_SW/_ide/bitstream/diagrama_bloques_wrapper.bit
targets -set -nocase -filter {name =~"APU*"}
loadhw -hw D:/Proyecto-02-SEP/Vitis/GH_HW/export/GH_HW/hw/diagrama_bloques_wrapper.xsa -mem-ranges [list {0x40000000 0xbfffffff}] -regs
configparams force-mem-access 1
targets -set -nocase -filter {name =~"APU*"}
source D:/Proyecto-02-SEP/Vitis/GH_SW/_ide/psinit/ps7_init.tcl
ps7_init
ps7_post_config
targets -set -nocase -filter {name =~ "*A9*#0"}
dow D:/Proyecto-02-SEP/Vitis/GH_SW/Debug/GH_SW.elf
configparams force-mem-access 0
----------------End of Script----------------

18:34:14 INFO  : Context for processor 'ps7_cortexa9_0' is selected.
18:34:14 INFO  : 'con' command is executed.
18:34:14 INFO  : ----------------XSDB Script (After Launch)----------------
targets -set -nocase -filter {name =~ "*A9*#0"}
con
----------------End of Script----------------

18:34:14 INFO  : Launch script is exported to file 'D:\Proyecto-02-SEP\Vitis\.sdk\launch_scripts\single_application_debug\debugger_gh_sw-default.tcl'
18:36:51 INFO  : Checking for BSP changes to sync application flags for project 'GH_SW'...
18:36:55 INFO  : Checking for BSP changes to sync application flags for project 'GH_SW'...
18:36:57 ERROR : (XSDB Server)ERROR: [Hsi 55-1571] The design file D:/Proyecto-02-SEP/Vitis/GH_HW/export/GH_HW/hw/diagrama_bloques_wrapper.xsa is already opened

18:37:05 INFO  : Disconnected from the channel tcfchan#14.
18:37:06 INFO  : Connected to target on host '127.0.0.1' and port '3121'.
18:37:07 INFO  : Jtag cable 'Digilent Zybo Z7 210351B3FB80A' is selected.
18:37:07 INFO  : 'jtag frequency' command is executed.
18:37:07 INFO  : Context for 'APU' is selected.
18:37:07 INFO  : System reset is completed.
18:37:10 INFO  : 'after 3000' command is executed.
18:37:10 INFO  : 'targets -set -filter {jtag_cable_name =~ "Digilent Zybo Z7 210351B3FB80A" && level==0 && jtag_device_ctx=="jsn-Zybo Z7-210351B3FB80A-13722093-0"}' command is executed.
18:37:11 INFO  : FPGA configured successfully with bitstream "D:/Proyecto-02-SEP/Vitis/GH_SW/_ide/bitstream/diagrama_bloques_wrapper.bit"
18:37:11 INFO  : Context for 'APU' is selected.
18:37:13 INFO  : Hardware design and registers information is loaded from 'D:/Proyecto-02-SEP/Vitis/GH_HW/export/GH_HW/hw/diagrama_bloques_wrapper.xsa'.
18:37:13 INFO  : 'configparams force-mem-access 1' command is executed.
18:37:13 INFO  : Context for 'APU' is selected.
18:37:13 INFO  : Sourcing of 'D:/Proyecto-02-SEP/Vitis/GH_SW/_ide/psinit/ps7_init.tcl' is done.
18:37:13 ERROR : Memory write error at 0xF8000008. Cannot flush JTAG server queue. FT_Write failed: io error
18:37:13 INFO  : ----------------XSDB Script----------------
connect -url tcp:127.0.0.1:3121
targets -set -nocase -filter {name =~"APU*"}
rst -system
after 3000
targets -set -filter {jtag_cable_name =~ "Digilent Zybo Z7 210351B3FB80A" && level==0 && jtag_device_ctx=="jsn-Zybo Z7-210351B3FB80A-13722093-0"}
fpga -file D:/Proyecto-02-SEP/Vitis/GH_SW/_ide/bitstream/diagrama_bloques_wrapper.bit
targets -set -nocase -filter {name =~"APU*"}
loadhw -hw D:/Proyecto-02-SEP/Vitis/GH_HW/export/GH_HW/hw/diagrama_bloques_wrapper.xsa -mem-ranges [list {0x40000000 0xbfffffff}] -regs
configparams force-mem-access 1
targets -set -nocase -filter {name =~"APU*"}
source D:/Proyecto-02-SEP/Vitis/GH_SW/_ide/psinit/ps7_init.tcl
ps7_init
----------------End of Script----------------

18:37:13 ERROR : Memory write error at 0xF8000008. Cannot flush JTAG server queue. FT_Write failed: io error
18:37:22 INFO  : Connected to target on host '127.0.0.1' and port '3121'.
18:37:22 INFO  : Jtag cable 'Digilent Zybo Z7 210351B3FB80A' is selected.
18:37:22 INFO  : 'jtag frequency' command is executed.
18:37:23 INFO  : Context for 'APU' is selected.
18:37:23 INFO  : System reset is completed.
18:37:26 INFO  : 'after 3000' command is executed.
18:37:26 INFO  : 'targets -set -filter {jtag_cable_name =~ "Digilent Zybo Z7 210351B3FB80A" && level==0 && jtag_device_ctx=="jsn-Zybo Z7-210351B3FB80A-13722093-0"}' command is executed.
18:37:27 INFO  : FPGA configured successfully with bitstream "D:/Proyecto-02-SEP/Vitis/GH_SW/_ide/bitstream/diagrama_bloques_wrapper.bit"
18:37:27 INFO  : Context for 'APU' is selected.
18:37:27 INFO  : Hardware design and registers information is loaded from 'D:/Proyecto-02-SEP/Vitis/GH_HW/export/GH_HW/hw/diagrama_bloques_wrapper.xsa'.
18:37:27 INFO  : 'configparams force-mem-access 1' command is executed.
18:37:27 INFO  : Context for 'APU' is selected.
18:37:27 INFO  : Sourcing of 'D:/Proyecto-02-SEP/Vitis/GH_SW/_ide/psinit/ps7_init.tcl' is done.
18:37:28 ERROR : Memory write error at 0xF8000008. Cannot flush JTAG server queue. FT_Write failed: io error
18:37:28 INFO  : ----------------XSDB Script----------------
connect -url tcp:127.0.0.1:3121
targets -set -nocase -filter {name =~"APU*"}
rst -system
after 3000
targets -set -filter {jtag_cable_name =~ "Digilent Zybo Z7 210351B3FB80A" && level==0 && jtag_device_ctx=="jsn-Zybo Z7-210351B3FB80A-13722093-0"}
fpga -file D:/Proyecto-02-SEP/Vitis/GH_SW/_ide/bitstream/diagrama_bloques_wrapper.bit
targets -set -nocase -filter {name =~"APU*"}
loadhw -hw D:/Proyecto-02-SEP/Vitis/GH_HW/export/GH_HW/hw/diagrama_bloques_wrapper.xsa -mem-ranges [list {0x40000000 0xbfffffff}] -regs
configparams force-mem-access 1
targets -set -nocase -filter {name =~"APU*"}
source D:/Proyecto-02-SEP/Vitis/GH_SW/_ide/psinit/ps7_init.tcl
ps7_init
----------------End of Script----------------

18:37:28 ERROR : Memory write error at 0xF8000008. Cannot flush JTAG server queue. FT_Write failed: io error
18:37:42 INFO  : Connected to target on host '127.0.0.1' and port '3121'.
18:37:42 INFO  : Jtag cable 'Digilent Zybo Z7 210351B3FB80A' is selected.
18:37:42 INFO  : 'jtag frequency' command is executed.
18:37:42 INFO  : Context for 'APU' is selected.
18:37:42 INFO  : System reset is completed.
18:37:46 INFO  : 'after 3000' command is executed.
18:37:46 INFO  : 'targets -set -filter {jtag_cable_name =~ "Digilent Zybo Z7 210351B3FB80A" && level==0 && jtag_device_ctx=="jsn-Zybo Z7-210351B3FB80A-13722093-0"}' command is executed.
18:37:47 INFO  : FPGA configured successfully with bitstream "D:/Proyecto-02-SEP/Vitis/GH_SW/_ide/bitstream/diagrama_bloques_wrapper.bit"
18:37:47 INFO  : Context for 'APU' is selected.
18:37:47 INFO  : Hardware design and registers information is loaded from 'D:/Proyecto-02-SEP/Vitis/GH_HW/export/GH_HW/hw/diagrama_bloques_wrapper.xsa'.
18:37:47 INFO  : 'configparams force-mem-access 1' command is executed.
18:37:47 INFO  : Context for 'APU' is selected.
18:37:47 INFO  : Sourcing of 'D:/Proyecto-02-SEP/Vitis/GH_SW/_ide/psinit/ps7_init.tcl' is done.
18:37:47 INFO  : 'ps7_init' command is executed.
18:37:47 INFO  : 'ps7_post_config' command is executed.
18:37:47 INFO  : Context for processor 'ps7_cortexa9_0' is selected.
18:37:48 INFO  : The application 'D:/Proyecto-02-SEP/Vitis/GH_SW/Debug/GH_SW.elf' is downloaded to processor 'ps7_cortexa9_0'.
18:37:48 INFO  : 'configparams force-mem-access 0' command is executed.
18:37:48 INFO  : ----------------XSDB Script----------------
connect -url tcp:127.0.0.1:3121
targets -set -nocase -filter {name =~"APU*"}
rst -system
after 3000
targets -set -filter {jtag_cable_name =~ "Digilent Zybo Z7 210351B3FB80A" && level==0 && jtag_device_ctx=="jsn-Zybo Z7-210351B3FB80A-13722093-0"}
fpga -file D:/Proyecto-02-SEP/Vitis/GH_SW/_ide/bitstream/diagrama_bloques_wrapper.bit
targets -set -nocase -filter {name =~"APU*"}
loadhw -hw D:/Proyecto-02-SEP/Vitis/GH_HW/export/GH_HW/hw/diagrama_bloques_wrapper.xsa -mem-ranges [list {0x40000000 0xbfffffff}] -regs
configparams force-mem-access 1
targets -set -nocase -filter {name =~"APU*"}
source D:/Proyecto-02-SEP/Vitis/GH_SW/_ide/psinit/ps7_init.tcl
ps7_init
ps7_post_config
targets -set -nocase -filter {name =~ "*A9*#0"}
dow D:/Proyecto-02-SEP/Vitis/GH_SW/Debug/GH_SW.elf
configparams force-mem-access 0
----------------End of Script----------------

18:37:48 INFO  : Context for processor 'ps7_cortexa9_0' is selected.
18:37:49 INFO  : 'con' command is executed.
18:37:49 INFO  : ----------------XSDB Script (After Launch)----------------
targets -set -nocase -filter {name =~ "*A9*#0"}
con
----------------End of Script----------------

18:37:49 INFO  : Launch script is exported to file 'D:\Proyecto-02-SEP\Vitis\.sdk\launch_scripts\single_application_debug\debugger_gh_sw-default.tcl'
18:38:09 INFO  : Disconnected from the channel tcfchan#16.
18:38:10 INFO  : Connected to target on host '127.0.0.1' and port '3121'.
18:38:10 INFO  : Jtag cable 'Digilent Zybo Z7 210351B3FB80A' is selected.
18:38:10 INFO  : 'jtag frequency' command is executed.
18:38:10 INFO  : Context for 'APU' is selected.
18:38:10 INFO  : System reset is completed.
18:38:13 INFO  : 'after 3000' command is executed.
18:38:13 INFO  : 'targets -set -filter {jtag_cable_name =~ "Digilent Zybo Z7 210351B3FB80A" && level==0 && jtag_device_ctx=="jsn-Zybo Z7-210351B3FB80A-13722093-0"}' command is executed.
18:38:15 INFO  : FPGA configured successfully with bitstream "D:/Proyecto-02-SEP/Vitis/GH_SW/_ide/bitstream/diagrama_bloques_wrapper.bit"
18:38:15 INFO  : Context for 'APU' is selected.
18:38:17 INFO  : Hardware design and registers information is loaded from 'D:/Proyecto-02-SEP/Vitis/GH_HW/export/GH_HW/hw/diagrama_bloques_wrapper.xsa'.
18:38:17 INFO  : 'configparams force-mem-access 1' command is executed.
18:38:17 INFO  : Context for 'APU' is selected.
18:38:17 INFO  : Sourcing of 'D:/Proyecto-02-SEP/Vitis/GH_SW/_ide/psinit/ps7_init.tcl' is done.
18:38:17 INFO  : 'ps7_init' command is executed.
18:38:17 INFO  : 'ps7_post_config' command is executed.
18:38:17 INFO  : Context for processor 'ps7_cortexa9_0' is selected.
18:38:18 INFO  : The application 'D:/Proyecto-02-SEP/Vitis/GH_SW/Debug/GH_SW.elf' is downloaded to processor 'ps7_cortexa9_0'.
18:38:18 INFO  : 'configparams force-mem-access 0' command is executed.
18:38:18 INFO  : ----------------XSDB Script----------------
connect -url tcp:127.0.0.1:3121
targets -set -nocase -filter {name =~"APU*"}
rst -system
after 3000
targets -set -filter {jtag_cable_name =~ "Digilent Zybo Z7 210351B3FB80A" && level==0 && jtag_device_ctx=="jsn-Zybo Z7-210351B3FB80A-13722093-0"}
fpga -file D:/Proyecto-02-SEP/Vitis/GH_SW/_ide/bitstream/diagrama_bloques_wrapper.bit
targets -set -nocase -filter {name =~"APU*"}
loadhw -hw D:/Proyecto-02-SEP/Vitis/GH_HW/export/GH_HW/hw/diagrama_bloques_wrapper.xsa -mem-ranges [list {0x40000000 0xbfffffff}] -regs
configparams force-mem-access 1
targets -set -nocase -filter {name =~"APU*"}
source D:/Proyecto-02-SEP/Vitis/GH_SW/_ide/psinit/ps7_init.tcl
ps7_init
ps7_post_config
targets -set -nocase -filter {name =~ "*A9*#0"}
dow D:/Proyecto-02-SEP/Vitis/GH_SW/Debug/GH_SW.elf
configparams force-mem-access 0
----------------End of Script----------------

18:38:18 INFO  : Context for processor 'ps7_cortexa9_0' is selected.
18:38:18 INFO  : 'con' command is executed.
18:38:18 INFO  : ----------------XSDB Script (After Launch)----------------
targets -set -nocase -filter {name =~ "*A9*#0"}
con
----------------End of Script----------------

18:38:18 INFO  : Launch script is exported to file 'D:\Proyecto-02-SEP\Vitis\.sdk\launch_scripts\single_application_debug\debugger_gh_sw-default.tcl'
19:13:53 INFO  : Checking for BSP changes to sync application flags for project 'GH_SW'...
19:16:06 INFO  : Checking for BSP changes to sync application flags for project 'GH_SW'...
19:16:24 INFO  : Checking for BSP changes to sync application flags for project 'GH_SW'...
19:16:44 INFO  : Checking for BSP changes to sync application flags for project 'GH_SW'...
19:17:25 INFO  : Checking for BSP changes to sync application flags for project 'GH_SW'...
19:17:53 INFO  : Checking for BSP changes to sync application flags for project 'GH_SW'...
19:17:57 INFO  : Checking for BSP changes to sync application flags for project 'GH_SW'...
19:17:59 ERROR : (XSDB Server)ERROR: [Hsi 55-1571] The design file D:/Proyecto-02-SEP/Vitis/GH_HW/export/GH_HW/hw/diagrama_bloques_wrapper.xsa is already opened

19:19:07 INFO  : Disconnected from the channel tcfchan#17.
19:19:08 INFO  : Connected to target on host '127.0.0.1' and port '3121'.
19:19:08 INFO  : Jtag cable 'Digilent Zybo Z7 210351B3FB80A' is selected.
19:19:08 INFO  : 'jtag frequency' command is executed.
19:19:08 INFO  : Context for 'APU' is selected.
19:19:08 INFO  : System reset is completed.
19:19:11 INFO  : 'after 3000' command is executed.
19:19:11 INFO  : 'targets -set -filter {jtag_cable_name =~ "Digilent Zybo Z7 210351B3FB80A" && level==0 && jtag_device_ctx=="jsn-Zybo Z7-210351B3FB80A-13722093-0"}' command is executed.
19:19:12 INFO  : FPGA configured successfully with bitstream "D:/Proyecto-02-SEP/Vitis/GH_SW/_ide/bitstream/diagrama_bloques_wrapper.bit"
19:19:12 INFO  : Context for 'APU' is selected.
19:19:14 INFO  : Hardware design and registers information is loaded from 'D:/Proyecto-02-SEP/Vitis/GH_HW/export/GH_HW/hw/diagrama_bloques_wrapper.xsa'.
19:19:14 INFO  : 'configparams force-mem-access 1' command is executed.
19:19:14 INFO  : Context for 'APU' is selected.
19:19:14 INFO  : Sourcing of 'D:/Proyecto-02-SEP/Vitis/GH_SW/_ide/psinit/ps7_init.tcl' is done.
19:19:15 INFO  : 'ps7_init' command is executed.
19:19:15 INFO  : 'ps7_post_config' command is executed.
19:19:15 INFO  : Context for processor 'ps7_cortexa9_0' is selected.
19:19:15 INFO  : The application 'D:/Proyecto-02-SEP/Vitis/GH_SW/Debug/GH_SW.elf' is downloaded to processor 'ps7_cortexa9_0'.
19:19:16 INFO  : 'configparams force-mem-access 0' command is executed.
19:19:16 INFO  : ----------------XSDB Script----------------
connect -url tcp:127.0.0.1:3121
targets -set -nocase -filter {name =~"APU*"}
rst -system
after 3000
targets -set -filter {jtag_cable_name =~ "Digilent Zybo Z7 210351B3FB80A" && level==0 && jtag_device_ctx=="jsn-Zybo Z7-210351B3FB80A-13722093-0"}
fpga -file D:/Proyecto-02-SEP/Vitis/GH_SW/_ide/bitstream/diagrama_bloques_wrapper.bit
targets -set -nocase -filter {name =~"APU*"}
loadhw -hw D:/Proyecto-02-SEP/Vitis/GH_HW/export/GH_HW/hw/diagrama_bloques_wrapper.xsa -mem-ranges [list {0x40000000 0xbfffffff}] -regs
configparams force-mem-access 1
targets -set -nocase -filter {name =~"APU*"}
source D:/Proyecto-02-SEP/Vitis/GH_SW/_ide/psinit/ps7_init.tcl
ps7_init
ps7_post_config
targets -set -nocase -filter {name =~ "*A9*#0"}
dow D:/Proyecto-02-SEP/Vitis/GH_SW/Debug/GH_SW.elf
configparams force-mem-access 0
----------------End of Script----------------

19:19:16 INFO  : Context for processor 'ps7_cortexa9_0' is selected.
19:19:16 INFO  : 'con' command is executed.
19:19:16 INFO  : ----------------XSDB Script (After Launch)----------------
targets -set -nocase -filter {name =~ "*A9*#0"}
con
----------------End of Script----------------

19:19:16 INFO  : Launch script is exported to file 'D:\Proyecto-02-SEP\Vitis\.sdk\launch_scripts\single_application_debug\debugger_gh_sw-default.tcl'
19:35:10 INFO  : Disconnected from the channel tcfchan#19.
00:35:09 INFO  : Launching XSCT server: xsct.bat -n  -interactive D:\Proyecto-02-SEP\Vitis\temp_xsdb_launch_script.tcl
00:35:13 INFO  : XSCT server has started successfully.
00:35:13 INFO  : plnx-install-location is set to ''
00:35:13 INFO  : Successfully done setting XSCT server connection channel  
00:35:13 INFO  : Successfully done setting workspace for the tool. 
00:35:27 INFO  : Platform repository initialization has completed.
00:35:27 INFO  : Registering command handlers for Vitis TCF services
00:35:32 INFO  : Successfully done query RDI_DATADIR 
00:35:57 INFO  : Hardware specification for platform project 'GH_HW' is updated.
00:36:39 INFO  : Result from executing command 'getProjects': GH_HW
00:36:39 INFO  : Result from executing command 'getPlatforms': GH_HW|D:/Proyecto-02-SEP/Vitis/GH_HW/export/GH_HW/GH_HW.xpfm
