#-----------------------------------------------------------
# Vivado v2020.1 (64-bit)
# SW Build 2902540 on Wed May 27 19:54:49 MDT 2020
# IP Build 2902112 on Wed May 27 22:43:36 MDT 2020
# Start of session at: Fri Jun 12 11:46:41 2026
# Process ID: 26700
# Current directory: D:/Proyecto-02-SEP/GUITAR_HERO_HW/GUITAR_HERO_HW
# Command line: vivado.exe -gui_launcher_event rodinguilauncherevent15308 D:\Proyecto-02-SEP\GUITAR_HERO_HW\GUITAR_HERO_HW\GUITAR_HERO_HW.xpr
# Log file: D:/Proyecto-02-SEP/GUITAR_HERO_HW/GUITAR_HERO_HW/vivado.log
# Journal file: D:/Proyecto-02-SEP/GUITAR_HERO_HW/GUITAR_HERO_HW\vivado.jou
#-----------------------------------------------------------
start_gui
open_project D:/Proyecto-02-SEP/GUITAR_HERO_HW/GUITAR_HERO_HW/GUITAR_HERO_HW.xpr
Scanning sources...
Finished scanning sources
INFO: [IP_Flow 19-234] Refreshing IP repositories
INFO: [IP_Flow 19-1700] Loaded user IP repository 'd:/Proyecto-02-SEP/IP_CORES'.
INFO: [IP_Flow 19-2313] Loaded Vivado IP repository 'C:/Xilinx/Vivado/2020.1/data/ip'.
open_project: Time (s): cpu = 00:00:17 ; elapsed = 00:00:10 . Memory (MB): peak = 1072.000 ; gain = 0.000
update_compile_order -fileset sources_1
open_bd_design {D:/Proyecto-02-SEP/GUITAR_HERO_HW/GUITAR_HERO_HW/GUITAR_HERO_HW.srcs/sources_1/bd/diagrama_bloques/diagrama_bloques.bd}
Adding component instance block -- xilinx.com:ip:processing_system7:5.5 - processing_system7_0
WARNING: [BD 41-176] The physical port 'S_AXI_GP2_rd_socket' specified in the portmap, is not found on the block! 
WARNING: [BD 41-176] The physical port 'S_AXI_GP2_wr_socket' specified in the portmap, is not found on the block! 
WARNING: [BD 41-176] The physical port 'S_AXI_GP3_rd_socket' specified in the portmap, is not found on the block! 
WARNING: [BD 41-176] The physical port 'S_AXI_GP3_wr_socket' specified in the portmap, is not found on the block! 
Adding component instance block -- xilinx.com:ip:axi_iic:2.0 - axi_iic_0
Adding component instance block -- xilinx.com:ip:axi_interconnect:2.1 - ps7_0_axi_periph
Adding component instance block -- xilinx.com:ip:axi_crossbar:2.1 - xbar
Adding component instance block -- xilinx.com:ip:axi_protocol_converter:2.1 - auto_pc
Adding component instance block -- xilinx.com:ip:proc_sys_reset:5.0 - rst_ps7_0_50M
Adding component instance block -- xilinx.com:module_ref:Debouncer:1.0 - Debouncer_0
Adding component instance block -- xilinx.com:module_ref:Debouncer:1.0 - Debouncer_1
Adding component instance block -- xilinx.com:module_ref:Debouncer:1.0 - Debouncer_2
Adding component instance block -- xilinx.com:ip:xlconcat:2.1 - xlconcat_0
Adding component instance block -- xilinx.com:ip:axi_gpio:2.0 - axi_gpio_0
Adding component instance block -- xilinx.com:user:BUZZER_AXI:1.0 - BUZZER_AXI_0
Successfully read diagram <diagrama_bloques> from BD file <D:/Proyecto-02-SEP/GUITAR_HERO_HW/GUITAR_HERO_HW/GUITAR_HERO_HW.srcs/sources_1/bd/diagrama_bloques/diagrama_bloques.bd>
open_bd_design: Time (s): cpu = 00:00:07 ; elapsed = 00:00:07 . Memory (MB): peak = 1516.422 ; gain = 24.414
startgroup
create_bd_cell -type ip -vlnv xilinx.com:ip:axi_quad_spi:3.2 axi_quad_spi_0
endgroup
INFO: [Ipptcl 7-1463] No Compatible Board Interface found. Board Tab not created in customize GUI
set_property -dict [list CONFIG.C_USE_STARTUP {0} CONFIG.C_USE_STARTUP_INT {0} CONFIG.Master_mode {1}] [get_bd_cells axi_quad_spi_0]
startgroup
make_bd_pins_external  [get_bd_pins axi_quad_spi_0/sck_o]
WARNING: [BD 41-1306] The connection to interface pin /axi_quad_spi_0/sck_o is being overridden by the user. This pin will not be connected as a part of interface connection SPI_0
endgroup
startgroup
make_bd_pins_external  [get_bd_pins axi_quad_spi_0/ss_o]
WARNING: [BD 41-1306] The connection to interface pin /axi_quad_spi_0/ss_o is being overridden by the user. This pin will not be connected as a part of interface connection SPI_0
endgroup
startgroup
make_bd_pins_external  [get_bd_pins axi_quad_spi_0/io1_o]
WARNING: [BD 41-1306] The connection to interface pin /axi_quad_spi_0/io1_o is being overridden by the user. This pin will not be connected as a part of interface connection SPI_0
endgroup
set_property name MISO [get_bd_nets axi_quad_spi_0_io1_o]
set_property name MOSI [get_bd_nets MISO]
set_property name SCLK [get_bd_nets axi_quad_spi_0_sck_o]
set_property name CS [get_bd_nets axi_quad_spi_0_ss_o]
apply_bd_automation -rule xilinx.com:bd_rule:axi4 -config { Clk_master {/processing_system7_0/FCLK_CLK0 (50 MHz)} Clk_slave {Auto} Clk_xbar {/processing_system7_0/FCLK_CLK0 (50 MHz)} Master {/processing_system7_0/M_AXI_GP0} Slave {/axi_quad_spi_0/AXI_LITE} ddr_seg {Auto} intc_ip {/ps7_0_axi_periph} master_apm {0}}  [get_bd_intf_pins axi_quad_spi_0/AXI_LITE]
Slave segment '/axi_quad_spi_0/AXI_LITE/Reg' is being assigned into address space '/processing_system7_0/Data' at <0x41E0_0000 [ 64K ]>.
regenerate_bd_layout
set_property name MOSI [get_bd_ports io1_o_0]
set_property name SCLK [get_bd_ports sck_o_0]
set_property name CS [get_bd_ports ss_o_0]
regenerate_bd_layout
startgroup
create_bd_cell -type ip -vlnv xilinx.com:ip:axi_gpio:2.0 axi_gpio_1
endgroup
startgroup
create_bd_cell -type ip -vlnv xilinx.com:ip:axi_quad_spi:3.2 axi_quad_spi_1
endgroup
INFO: [Ipptcl 7-1463] No Compatible Board Interface found. Board Tab not created in customize GUI
set_property -dict [list CONFIG.C_USE_STARTUP {0} CONFIG.C_USE_STARTUP_INT {0} CONFIG.C_NUM_TRANSFER_BITS {16} CONFIG.C_SCK_RATIO {2}] [get_bd_cells axi_quad_spi_1]
set_property -dict [list CONFIG.C_GPIO_WIDTH {1} CONFIG.C_GPIO2_WIDTH {1} CONFIG.C_IS_DUAL {1} CONFIG.C_ALL_OUTPUTS {1} CONFIG.C_ALL_OUTPUTS_2 {1}] [get_bd_cells axi_gpio_1]
startgroup
apply_bd_automation -rule xilinx.com:bd_rule:board -config { Board_Interface {btns_4bits ( 4 Buttons ) } Manual_Source {Auto}}  [get_bd_intf_pins axi_gpio_1/GPIO]
INFO: [board_rule 100-100] set_property CONFIG.USE_BOARD_FLOW true [get_bd_cells /axi_gpio_1]
INFO: [board_rule 100-100] set_property CONFIG.GPIO_BOARD_INTERFACE btns_4bits [get_bd_cells /axi_gpio_1]
INFO: [BoardRule 102-8] create_bd_intf_port -mode Master -vlnv xilinx.com:interface:gpio_rtl:1.0 btns_4bits
INFO: [BoardRule 102-9] connect_bd_intf_net /btns_4bits /axi_gpio_1/GPIO
apply_bd_automation -rule xilinx.com:bd_rule:board -config { Board_Interface {btns_4bits ( 4 Buttons ) } Manual_Source {Auto}}  [get_bd_intf_pins axi_gpio_1/GPIO2]
INFO: [board_rule 100-100] set_property CONFIG.GPIO2_BOARD_INTERFACE btns_4bits [get_bd_cells /axi_gpio_1]
ERROR: [IP_Flow 19-3478] Validation failed for parameter 'GPIO BOARD INTERFACE(GPIO_BOARD_INTERFACE)' with value 'btns_4bits' for BD Cell 'axi_gpio_1'. Board Interfaces cannot be same for both the channels.
ERROR: [IP_Flow 19-3478] Validation failed for parameter 'GPIO2 BOARD INTERFACE(GPIO2_BOARD_INTERFACE)' with value 'btns_4bits' for BD Cell 'axi_gpio_1'. Board Interfaces cannot be same for both the channels.
INFO: [IP_Flow 19-3438] Customization errors found on 'axi_gpio_1'. Restoring to previous valid configuration.
ERROR: [BD 41-245] set_property error - Validation failed for parameter 'GPIO BOARD INTERFACE(GPIO_BOARD_INTERFACE)' with value 'btns_4bits' for BD Cell 'axi_gpio_1'. Board Interfaces cannot be same for both the channels.
Validation failed for parameter 'GPIO2 BOARD INTERFACE(GPIO2_BOARD_INTERFACE)' with value 'btns_4bits' for BD Cell 'axi_gpio_1'. Board Interfaces cannot be same for both the channels.
Customization errors found on 'axi_gpio_1'. Restoring to previous valid configuration.

ERROR: [Common 17-39] 'set_property' failed due to earlier errors.
ERROR: [BD 41-2168] Errors found in procedure apply_rule:
ERROR: [Common 17-39] 'set_property' failed due to earlier errors.


INFO: [BD 5-145] Automation rule xilinx.com:bd_rule:board was not applied to object GPIO2
INFO: [Common 17-17] undo 'apply_bd_automation -rule xilinx.com:bd_rule:board -config { Board_Interface {btns_4bits ( 4 Buttons ) } Manual_Source {Auto}}  [get_bd_intf_pins axi_gpio_1/GPIO2]'
ERROR: [Common 17-39] 'apply_bd_automation' failed due to earlier errors.
endgroup
startgroup
set_property -dict [list CONFIG.C_GPIO_WIDTH {1} CONFIG.C_ALL_INPUTS {0} CONFIG.GPIO_BOARD_INTERFACE {Custom} CONFIG.C_ALL_OUTPUTS {1}] [get_bd_cells axi_gpio_1]
endgroup
startgroup
apply_bd_automation -rule xilinx.com:bd_rule:board -config { Board_Interface {btns_4bits ( 4 Buttons ) } Manual_Source {Auto}}  [get_bd_intf_pins axi_gpio_1/GPIO2]
INFO: [board_rule 100-100] set_property CONFIG.GPIO2_BOARD_INTERFACE btns_4bits [get_bd_cells /axi_gpio_1]
INFO: [BoardRule 102-8] create_bd_intf_port -mode Master -vlnv xilinx.com:interface:gpio_rtl:1.0 btns_4bits_0
INFO: [BoardRule 102-9] connect_bd_intf_net /btns_4bits_0 /axi_gpio_1/GPIO2
apply_bd_automation -rule xilinx.com:bd_rule:axi4 -config { Clk_master {/processing_system7_0/FCLK_CLK0 (50 MHz)} Clk_slave {Auto} Clk_xbar {/processing_system7_0/FCLK_CLK0 (50 MHz)} Master {/processing_system7_0/M_AXI_GP0} Slave {/axi_gpio_1/S_AXI} ddr_seg {Auto} intc_ip {/ps7_0_axi_periph} master_apm {0}}  [get_bd_intf_pins axi_gpio_1/S_AXI]
Slave segment '/axi_gpio_1/S_AXI/Reg' is being assigned into address space '/processing_system7_0/Data' at <0x4121_0000 [ 64K ]>.
apply_bd_automation -rule xilinx.com:bd_rule:axi4 -config { Clk_master {/processing_system7_0/FCLK_CLK0 (50 MHz)} Clk_slave {Auto} Clk_xbar {/processing_system7_0/FCLK_CLK0 (50 MHz)} Master {/processing_system7_0/M_AXI_GP0} Slave {/axi_quad_spi_1/AXI_LITE} ddr_seg {Auto} intc_ip {/ps7_0_axi_periph} master_apm {0}}  [get_bd_intf_pins axi_quad_spi_1/AXI_LITE]
Slave segment '/axi_quad_spi_1/AXI_LITE/Reg' is being assigned into address space '/processing_system7_0/Data' at <0x41E1_0000 [ 64K ]>.
apply_bd_automation -rule xilinx.com:bd_rule:board -config { Manual_Source {Auto}}  [get_bd_intf_pins axi_quad_spi_1/SPI_0]
INFO: [BoardRule 102-8] create_bd_intf_port -mode Master -vlnv xilinx.com:interface:spi_rtl:1.0 spi_rtl
INFO: [BoardRule 102-9] connect_bd_intf_net /spi_rtl /axi_quad_spi_1/SPI_0
WARNING: [BoardRule 102-1] Board automation did not generate location constraint for /axi_quad_spi_1/SPI_0. Users may need to specify the location constraint manually.
endgroup
regenerate_bd_layout
startgroup
set_property -dict [list CONFIG.C_GPIO2_WIDTH {1} CONFIG.GPIO2_BOARD_INTERFACE {Custom}] [get_bd_cells axi_gpio_1]
endgroup
set_property name RS [get_bd_intf_ports btns_4bits]
set_property name RST [get_bd_intf_ports btns_4bits_0]
regenerate_bd_layout
set_property location {2 591 708} [get_bd_cells ps7_0_axi_periph]
CRITICAL WARNING: [PSU-1]  Parameter : PCW_UIPARAM_DDR_DQS_TO_CLK_DELAY_0 has negative value -0.050 . PS DDR interfaces might fail when entering negative DQS skew values. 
CRITICAL WARNING: [PSU-2]  Parameter : PCW_UIPARAM_DDR_DQS_TO_CLK_DELAY_1 has negative value -0.044 . PS DDR interfaces might fail when entering negative DQS skew values. 
CRITICAL WARNING: [PSU-3]  Parameter : PCW_UIPARAM_DDR_DQS_TO_CLK_DELAY_2 has negative value -0.035 . PS DDR interfaces might fail when entering negative DQS skew values. 
CRITICAL WARNING: [PSU-4]  Parameter : PCW_UIPARAM_DDR_DQS_TO_CLK_DELAY_3 has negative value -0.100 . PS DDR interfaces might fail when entering negative DQS skew values. 
CRITICAL WARNING: [PSU-1]  Parameter : PCW_UIPARAM_DDR_DQS_TO_CLK_DELAY_0 has negative value -0.050 . PS DDR interfaces might fail when entering negative DQS skew values. 
CRITICAL WARNING: [PSU-2]  Parameter : PCW_UIPARAM_DDR_DQS_TO_CLK_DELAY_1 has negative value -0.044 . PS DDR interfaces might fail when entering negative DQS skew values. 
CRITICAL WARNING: [PSU-3]  Parameter : PCW_UIPARAM_DDR_DQS_TO_CLK_DELAY_2 has negative value -0.035 . PS DDR interfaces might fail when entering negative DQS skew values. 
CRITICAL WARNING: [PSU-4]  Parameter : PCW_UIPARAM_DDR_DQS_TO_CLK_DELAY_3 has negative value -0.100 . PS DDR interfaces might fail when entering negative DQS skew values. 
WARNING: [IP_Flow 19-474] Invalid Parameter 'Component_Name'
CRITICAL WARNING: [PSU-1]  Parameter : PCW_UIPARAM_DDR_DQS_TO_CLK_DELAY_0 has negative value -0.050 . PS DDR interfaces might fail when entering negative DQS skew values. 
CRITICAL WARNING: [PSU-2]  Parameter : PCW_UIPARAM_DDR_DQS_TO_CLK_DELAY_1 has negative value -0.044 . PS DDR interfaces might fail when entering negative DQS skew values. 
CRITICAL WARNING: [PSU-3]  Parameter : PCW_UIPARAM_DDR_DQS_TO_CLK_DELAY_2 has negative value -0.035 . PS DDR interfaces might fail when entering negative DQS skew values. 
CRITICAL WARNING: [PSU-4]  Parameter : PCW_UIPARAM_DDR_DQS_TO_CLK_DELAY_3 has negative value -0.100 . PS DDR interfaces might fail when entering negative DQS skew values. 
CRITICAL WARNING: [PSU-1]  Parameter : PCW_UIPARAM_DDR_DQS_TO_CLK_DELAY_0 has negative value -0.050 . PS DDR interfaces might fail when entering negative DQS skew values. 
CRITICAL WARNING: [PSU-2]  Parameter : PCW_UIPARAM_DDR_DQS_TO_CLK_DELAY_1 has negative value -0.044 . PS DDR interfaces might fail when entering negative DQS skew values. 
CRITICAL WARNING: [PSU-3]  Parameter : PCW_UIPARAM_DDR_DQS_TO_CLK_DELAY_2 has negative value -0.035 . PS DDR interfaces might fail when entering negative DQS skew values. 
CRITICAL WARNING: [PSU-4]  Parameter : PCW_UIPARAM_DDR_DQS_TO_CLK_DELAY_3 has negative value -0.100 . PS DDR interfaces might fail when entering negative DQS skew values. 
startgroup
set_property -dict [list CONFIG.PCW_FPGA0_PERIPHERAL_FREQMHZ {100} CONFIG.PCW_QSPI_GRP_SINGLE_SS_ENABLE {1}] [get_bd_cells processing_system7_0]
CRITICAL WARNING: [PSU-1]  Parameter : PCW_UIPARAM_DDR_DQS_TO_CLK_DELAY_0 has negative value -0.050 . PS DDR interfaces might fail when entering negative DQS skew values. 
CRITICAL WARNING: [PSU-2]  Parameter : PCW_UIPARAM_DDR_DQS_TO_CLK_DELAY_1 has negative value -0.044 . PS DDR interfaces might fail when entering negative DQS skew values. 
CRITICAL WARNING: [PSU-3]  Parameter : PCW_UIPARAM_DDR_DQS_TO_CLK_DELAY_2 has negative value -0.035 . PS DDR interfaces might fail when entering negative DQS skew values. 
CRITICAL WARNING: [PSU-4]  Parameter : PCW_UIPARAM_DDR_DQS_TO_CLK_DELAY_3 has negative value -0.100 . PS DDR interfaces might fail when entering negative DQS skew values. 
WARNING: [BD 41-176] The physical port 'S_AXI_GP2_rd_socket' specified in the portmap, is not found on the block! 
WARNING: [BD 41-176] The physical port 'S_AXI_GP2_wr_socket' specified in the portmap, is not found on the block! 
WARNING: [BD 41-176] The physical port 'S_AXI_GP3_rd_socket' specified in the portmap, is not found on the block! 
WARNING: [BD 41-176] The physical port 'S_AXI_GP3_wr_socket' specified in the portmap, is not found on the block! 
endgroup
apply_bd_automation -rule xilinx.com:bd_rule:clkrst -config { Clk {/processing_system7_0/FCLK_CLK0 (100 MHz)} Freq {100} Ref_Clk0 {} Ref_Clk1 {} Ref_Clk2 {}}  [get_bd_pins axi_quad_spi_1/ext_spi_clk]
regenerate_bd_layout
make_wrapper -files [get_files D:/Proyecto-02-SEP/GUITAR_HERO_HW/GUITAR_HERO_HW/GUITAR_HERO_HW.srcs/sources_1/bd/diagrama_bloques/diagrama_bloques.bd] -top
ERROR: [BD 41-758] The following clock pins are not connected to a valid clock source: 
/axi_quad_spi_0/ext_spi_clk

ERROR: [BD 41-1031] Hdl Generation failed for the IP Integrator design D:/Proyecto-02-SEP/GUITAR_HERO_HW/GUITAR_HERO_HW/GUITAR_HERO_HW.srcs/sources_1/bd/diagrama_bloques/diagrama_bloques.bd 
ERROR: [Common 17-39] 'make_wrapper' failed due to earlier errors.
connect_bd_net [get_bd_pins axi_quad_spi_0/ext_spi_clk] [get_bd_pins processing_system7_0/FCLK_CLK0]
make_wrapper -files [get_files D:/Proyecto-02-SEP/GUITAR_HERO_HW/GUITAR_HERO_HW/GUITAR_HERO_HW.srcs/sources_1/bd/diagrama_bloques/diagrama_bloques.bd] -top
CRITICAL WARNING: [PSU-1]  Parameter : PCW_UIPARAM_DDR_DQS_TO_CLK_DELAY_0 has negative value -0.050 . PS DDR interfaces might fail when entering negative DQS skew values. 
CRITICAL WARNING: [PSU-2]  Parameter : PCW_UIPARAM_DDR_DQS_TO_CLK_DELAY_1 has negative value -0.044 . PS DDR interfaces might fail when entering negative DQS skew values. 
CRITICAL WARNING: [PSU-3]  Parameter : PCW_UIPARAM_DDR_DQS_TO_CLK_DELAY_2 has negative value -0.035 . PS DDR interfaces might fail when entering negative DQS skew values. 
CRITICAL WARNING: [PSU-4]  Parameter : PCW_UIPARAM_DDR_DQS_TO_CLK_DELAY_3 has negative value -0.100 . PS DDR interfaces might fail when entering negative DQS skew values. 
WARNING: [BD 41-176] The physical port 'S_AXI_GP2_rd_socket' specified in the portmap, is not found on the block! 
WARNING: [BD 41-176] The physical port 'S_AXI_GP2_wr_socket' specified in the portmap, is not found on the block! 
WARNING: [BD 41-176] The physical port 'S_AXI_GP3_rd_socket' specified in the portmap, is not found on the block! 
WARNING: [BD 41-176] The physical port 'S_AXI_GP3_wr_socket' specified in the portmap, is not found on the block! 
INFO: [xilinx.com:ip:axi_quad_spi:3.2-1] /axi_quad_spi_1 
                   #######################################################################################
                   INFO: AXI Quad SPI core's AXI Lite Clock and EXT SPI CLK are synchronous to each other.
                   ########################################################################################
INFO: [xilinx.com:ip:axi_quad_spi:3.2-1] /axi_quad_spi_1 
                   #######################################################################################
                   INFO: AXI Quad SPI core's AXI Lite Clock and EXT SPI CLK are synchronous to each other.
                   ########################################################################################
INFO: [xilinx.com:ip:axi_quad_spi:3.2-1] /axi_quad_spi_0 
                   #######################################################################################
                   INFO: AXI Quad SPI core's AXI Lite Clock and EXT SPI CLK are synchronous to each other.
                   ########################################################################################
INFO: [xilinx.com:ip:axi_quad_spi:3.2-1] /axi_quad_spi_0 
                   #######################################################################################
                   INFO: AXI Quad SPI core's AXI Lite Clock and EXT SPI CLK are synchronous to each other.
                   ########################################################################################
WARNING: [BD 41-1771] Block interface /axi_iic_0/IIC has associated board param 'IIC_BOARD_INTERFACE', which is set to board part interface 'hdmi_in_ddc'. This interface is connected to an external interface /iic_rtl, whose name 'iic_rtl' does not match with the board interface name 'hdmi_in_ddc'.
This is a visual-only issue - this interface /axi_iic_0/IIC will be connected to board interface 'hdmi_in_ddc'. If desired, please change the name of this port /iic_rtl manually.
Wrote  : <D:\Proyecto-02-SEP\GUITAR_HERO_HW\GUITAR_HERO_HW\GUITAR_HERO_HW.srcs\sources_1\bd\diagrama_bloques\diagrama_bloques.bd> 
Wrote  : <D:/Proyecto-02-SEP/GUITAR_HERO_HW/GUITAR_HERO_HW/GUITAR_HERO_HW.srcs/sources_1/bd/diagrama_bloques/ui/bd_3441bf86.ui> 
VHDL Output written to : D:/Proyecto-02-SEP/GUITAR_HERO_HW/GUITAR_HERO_HW/GUITAR_HERO_HW.srcs/sources_1/bd/diagrama_bloques/synth/diagrama_bloques.vhd
VHDL Output written to : D:/Proyecto-02-SEP/GUITAR_HERO_HW/GUITAR_HERO_HW/GUITAR_HERO_HW.srcs/sources_1/bd/diagrama_bloques/sim/diagrama_bloques.vhd
VHDL Output written to : D:/Proyecto-02-SEP/GUITAR_HERO_HW/GUITAR_HERO_HW/GUITAR_HERO_HW.srcs/sources_1/bd/diagrama_bloques/hdl/diagrama_bloques_wrapper.vhd
make_wrapper: Time (s): cpu = 00:00:22 ; elapsed = 00:00:27 . Memory (MB): peak = 1574.195 ; gain = 57.773
reset_run synth_1
reset_run diagrama_bloques_axi_iic_0_0_synth_1
reset_run diagrama_bloques_rst_ps7_0_50M_0_synth_1
reset_run diagrama_bloques_xbar_0_synth_1
reset_run diagrama_bloques_processing_system7_0_0_synth_1
launch_runs impl_1 -to_step write_bitstream -jobs 6
INFO: [BD 41-1662] The design 'diagrama_bloques.bd' is already validated. Therefore parameter propagation will not be re-run.
WARNING: [BD 41-1771] Block interface /axi_iic_0/IIC has associated board param 'IIC_BOARD_INTERFACE', which is set to board part interface 'hdmi_in_ddc'. This interface is connected to an external interface /iic_rtl, whose name 'iic_rtl' does not match with the board interface name 'hdmi_in_ddc'.
This is a visual-only issue - this interface /axi_iic_0/IIC will be connected to board interface 'hdmi_in_ddc'. If desired, please change the name of this port /iic_rtl manually.
Wrote  : <D:\Proyecto-02-SEP\GUITAR_HERO_HW\GUITAR_HERO_HW\GUITAR_HERO_HW.srcs\sources_1\bd\diagrama_bloques\diagrama_bloques.bd> 
VHDL Output written to : D:/Proyecto-02-SEP/GUITAR_HERO_HW/GUITAR_HERO_HW/GUITAR_HERO_HW.srcs/sources_1/bd/diagrama_bloques/synth/diagrama_bloques.vhd
VHDL Output written to : D:/Proyecto-02-SEP/GUITAR_HERO_HW/GUITAR_HERO_HW/GUITAR_HERO_HW.srcs/sources_1/bd/diagrama_bloques/sim/diagrama_bloques.vhd
VHDL Output written to : D:/Proyecto-02-SEP/GUITAR_HERO_HW/GUITAR_HERO_HW/GUITAR_HERO_HW.srcs/sources_1/bd/diagrama_bloques/hdl/diagrama_bloques_wrapper.vhd
WARNING: [IP_Flow 19-5611] Unable to find an associated reset port for the interface 'M_AXI_GP0'. A default connection has been created.
INFO: [BD 41-1029] Generation completed for the IP Integrator block processing_system7_0 .
INFO: [BD 41-1029] Generation completed for the IP Integrator block axi_iic_0 .
INFO: [BD 41-1029] Generation completed for the IP Integrator block rst_ps7_0_50M .
INFO: [BD 41-1029] Generation completed for the IP Integrator block ps7_0_axi_periph/xbar .
WARNING: [IP_Flow 19-4994] Overwriting existing constraint file 'd:/Proyecto-02-SEP/GUITAR_HERO_HW/GUITAR_HERO_HW/GUITAR_HERO_HW.srcs/sources_1/bd/diagrama_bloques/ip/diagrama_bloques_auto_pc_0/diagrama_bloques_auto_pc_0_ooc.xdc'
INFO: [BD 41-1029] Generation completed for the IP Integrator block ps7_0_axi_periph/s00_couplers/auto_pc .
INFO: [BD 41-1029] Generation completed for the IP Integrator block axi_quad_spi_0 .
INFO: [BD 41-1029] Generation completed for the IP Integrator block axi_gpio_1 .
INFO: [BD 41-1029] Generation completed for the IP Integrator block axi_quad_spi_1 .
Exporting to file D:/Proyecto-02-SEP/GUITAR_HERO_HW/GUITAR_HERO_HW/GUITAR_HERO_HW.srcs/sources_1/bd/diagrama_bloques/hw_handoff/diagrama_bloques.hwh
Generated Block Design Tcl file D:/Proyecto-02-SEP/GUITAR_HERO_HW/GUITAR_HERO_HW/GUITAR_HERO_HW.srcs/sources_1/bd/diagrama_bloques/hw_handoff/diagrama_bloques_bd.tcl
Generated Hardware Definition File D:/Proyecto-02-SEP/GUITAR_HERO_HW/GUITAR_HERO_HW/GUITAR_HERO_HW.srcs/sources_1/bd/diagrama_bloques/synth/diagrama_bloques.hwdef
[Fri Jun 12 11:59:12 2026] Launched diagrama_bloques_axi_iic_0_0_synth_1, diagrama_bloques_rst_ps7_0_50M_0_synth_1, diagrama_bloques_xbar_0_synth_1, diagrama_bloques_processing_system7_0_0_synth_1, diagrama_bloques_auto_pc_0_synth_1, diagrama_bloques_axi_quad_spi_1_0_synth_1, diagrama_bloques_axi_gpio_1_0_synth_1, diagrama_bloques_axi_quad_spi_0_0_synth_1, synth_1...
Run output will be captured here:
diagrama_bloques_axi_iic_0_0_synth_1: D:/Proyecto-02-SEP/GUITAR_HERO_HW/GUITAR_HERO_HW/GUITAR_HERO_HW.runs/diagrama_bloques_axi_iic_0_0_synth_1/runme.log
diagrama_bloques_rst_ps7_0_50M_0_synth_1: D:/Proyecto-02-SEP/GUITAR_HERO_HW/GUITAR_HERO_HW/GUITAR_HERO_HW.runs/diagrama_bloques_rst_ps7_0_50M_0_synth_1/runme.log
diagrama_bloques_xbar_0_synth_1: D:/Proyecto-02-SEP/GUITAR_HERO_HW/GUITAR_HERO_HW/GUITAR_HERO_HW.runs/diagrama_bloques_xbar_0_synth_1/runme.log
diagrama_bloques_processing_system7_0_0_synth_1: D:/Proyecto-02-SEP/GUITAR_HERO_HW/GUITAR_HERO_HW/GUITAR_HERO_HW.runs/diagrama_bloques_processing_system7_0_0_synth_1/runme.log
diagrama_bloques_auto_pc_0_synth_1: D:/Proyecto-02-SEP/GUITAR_HERO_HW/GUITAR_HERO_HW/GUITAR_HERO_HW.runs/diagrama_bloques_auto_pc_0_synth_1/runme.log
diagrama_bloques_axi_quad_spi_1_0_synth_1: D:/Proyecto-02-SEP/GUITAR_HERO_HW/GUITAR_HERO_HW/GUITAR_HERO_HW.runs/diagrama_bloques_axi_quad_spi_1_0_synth_1/runme.log
diagrama_bloques_axi_gpio_1_0_synth_1: D:/Proyecto-02-SEP/GUITAR_HERO_HW/GUITAR_HERO_HW/GUITAR_HERO_HW.runs/diagrama_bloques_axi_gpio_1_0_synth_1/runme.log
diagrama_bloques_axi_quad_spi_0_0_synth_1: D:/Proyecto-02-SEP/GUITAR_HERO_HW/GUITAR_HERO_HW/GUITAR_HERO_HW.runs/diagrama_bloques_axi_quad_spi_0_0_synth_1/runme.log
synth_1: D:/Proyecto-02-SEP/GUITAR_HERO_HW/GUITAR_HERO_HW/GUITAR_HERO_HW.runs/synth_1/runme.log
[Fri Jun 12 11:59:13 2026] Launched impl_1...
Run output will be captured here: D:/Proyecto-02-SEP/GUITAR_HERO_HW/GUITAR_HERO_HW/GUITAR_HERO_HW.runs/impl_1/runme.log
launch_runs: Time (s): cpu = 00:00:20 ; elapsed = 00:00:26 . Memory (MB): peak = 1621.316 ; gain = 47.121
startgroup
set_property -dict [list CONFIG.C_ALL_INPUTS_2 {0} CONFIG.C_ALL_OUTPUTS_2 {1}] [get_bd_cells axi_gpio_1]
endgroup
make_wrapper -files [get_files D:/Proyecto-02-SEP/GUITAR_HERO_HW/GUITAR_HERO_HW/GUITAR_HERO_HW.srcs/sources_1/bd/diagrama_bloques/diagrama_bloques.bd] -top
delete_bd_objs: Time (s): cpu = 00:00:00 ; elapsed = 00:00:07 . Memory (MB): peak = 3713.039 ; gain = 0.000
INFO: [xilinx.com:ip:axi_quad_spi:3.2-1] /axi_quad_spi_1 
                   #######################################################################################
                   INFO: AXI Quad SPI core's AXI Lite Clock and EXT SPI CLK are synchronous to each other.
                   ########################################################################################
INFO: [xilinx.com:ip:axi_quad_spi:3.2-1] /axi_quad_spi_1 
                   #######################################################################################
                   INFO: AXI Quad SPI core's AXI Lite Clock and EXT SPI CLK are synchronous to each other.
                   ########################################################################################
INFO: [xilinx.com:ip:axi_quad_spi:3.2-1] /axi_quad_spi_0 
                   #######################################################################################
                   INFO: AXI Quad SPI core's AXI Lite Clock and EXT SPI CLK are synchronous to each other.
                   ########################################################################################
INFO: [xilinx.com:ip:axi_quad_spi:3.2-1] /axi_quad_spi_0 
                   #######################################################################################
                   INFO: AXI Quad SPI core's AXI Lite Clock and EXT SPI CLK are synchronous to each other.
                   ########################################################################################
WARNING: [BD 41-1771] Block interface /axi_iic_0/IIC has associated board param 'IIC_BOARD_INTERFACE', which is set to board part interface 'hdmi_in_ddc'. This interface is connected to an external interface /iic_rtl, whose name 'iic_rtl' does not match with the board interface name 'hdmi_in_ddc'.
This is a visual-only issue - this interface /axi_iic_0/IIC will be connected to board interface 'hdmi_in_ddc'. If desired, please change the name of this port /iic_rtl manually.
Wrote  : <D:\Proyecto-02-SEP\GUITAR_HERO_HW\GUITAR_HERO_HW\GUITAR_HERO_HW.srcs\sources_1\bd\diagrama_bloques\diagrama_bloques.bd> 
Wrote  : <D:/Proyecto-02-SEP/GUITAR_HERO_HW/GUITAR_HERO_HW/GUITAR_HERO_HW.srcs/sources_1/bd/diagrama_bloques/ui/bd_3441bf86.ui> 
VHDL Output written to : D:/Proyecto-02-SEP/GUITAR_HERO_HW/GUITAR_HERO_HW/GUITAR_HERO_HW.srcs/sources_1/bd/diagrama_bloques/synth/diagrama_bloques.vhd
VHDL Output written to : D:/Proyecto-02-SEP/GUITAR_HERO_HW/GUITAR_HERO_HW/GUITAR_HERO_HW.srcs/sources_1/bd/diagrama_bloques/sim/diagrama_bloques.vhd
VHDL Output written to : D:/Proyecto-02-SEP/GUITAR_HERO_HW/GUITAR_HERO_HW/GUITAR_HERO_HW.srcs/sources_1/bd/diagrama_bloques/hdl/diagrama_bloques_wrapper.vhd
make_wrapper: Time (s): cpu = 00:00:12 ; elapsed = 00:00:19 . Memory (MB): peak = 3728.105 ; gain = 15.066
reset_run synth_1
reset_run diagrama_bloques_axi_gpio_1_0_synth_1
launch_runs impl_1 -to_step write_bitstream -jobs 6
INFO: [BD 41-1662] The design 'diagrama_bloques.bd' is already validated. Therefore parameter propagation will not be re-run.
WARNING: [BD 41-1771] Block interface /axi_iic_0/IIC has associated board param 'IIC_BOARD_INTERFACE', which is set to board part interface 'hdmi_in_ddc'. This interface is connected to an external interface /iic_rtl, whose name 'iic_rtl' does not match with the board interface name 'hdmi_in_ddc'.
This is a visual-only issue - this interface /axi_iic_0/IIC will be connected to board interface 'hdmi_in_ddc'. If desired, please change the name of this port /iic_rtl manually.
Wrote  : <D:\Proyecto-02-SEP\GUITAR_HERO_HW\GUITAR_HERO_HW\GUITAR_HERO_HW.srcs\sources_1\bd\diagrama_bloques\diagrama_bloques.bd> 
Wrote  : <D:/Proyecto-02-SEP/GUITAR_HERO_HW/GUITAR_HERO_HW/GUITAR_HERO_HW.srcs/sources_1/bd/diagrama_bloques/ui/bd_3441bf86.ui> 
VHDL Output written to : D:/Proyecto-02-SEP/GUITAR_HERO_HW/GUITAR_HERO_HW/GUITAR_HERO_HW.srcs/sources_1/bd/diagrama_bloques/synth/diagrama_bloques.vhd
VHDL Output written to : D:/Proyecto-02-SEP/GUITAR_HERO_HW/GUITAR_HERO_HW/GUITAR_HERO_HW.srcs/sources_1/bd/diagrama_bloques/sim/diagrama_bloques.vhd
VHDL Output written to : D:/Proyecto-02-SEP/GUITAR_HERO_HW/GUITAR_HERO_HW/GUITAR_HERO_HW.srcs/sources_1/bd/diagrama_bloques/hdl/diagrama_bloques_wrapper.vhd
INFO: [BD 41-1029] Generation completed for the IP Integrator block axi_gpio_1 .
WARNING: [IP_Flow 19-4994] Overwriting existing constraint file 'd:/Proyecto-02-SEP/GUITAR_HERO_HW/GUITAR_HERO_HW/GUITAR_HERO_HW.srcs/sources_1/bd/diagrama_bloques/ip/diagrama_bloques_auto_pc_0/diagrama_bloques_auto_pc_0_ooc.xdc'
INFO: [BD 41-1029] Generation completed for the IP Integrator block ps7_0_axi_periph/s00_couplers/auto_pc .
Exporting to file D:/Proyecto-02-SEP/GUITAR_HERO_HW/GUITAR_HERO_HW/GUITAR_HERO_HW.srcs/sources_1/bd/diagrama_bloques/hw_handoff/diagrama_bloques.hwh
Generated Block Design Tcl file D:/Proyecto-02-SEP/GUITAR_HERO_HW/GUITAR_HERO_HW/GUITAR_HERO_HW.srcs/sources_1/bd/diagrama_bloques/hw_handoff/diagrama_bloques_bd.tcl
Generated Hardware Definition File D:/Proyecto-02-SEP/GUITAR_HERO_HW/GUITAR_HERO_HW/GUITAR_HERO_HW.srcs/sources_1/bd/diagrama_bloques/synth/diagrama_bloques.hwdef
INFO: [IP_Flow 19-4993] Using cached IP synthesis design for IP diagrama_bloques_auto_pc_0, cache-ID = f0066fce20473567; cache size = 11.731 MB.
[Fri Jun 12 12:09:27 2026] Launched diagrama_bloques_axi_gpio_1_0_synth_1, synth_1...
Run output will be captured here:
diagrama_bloques_axi_gpio_1_0_synth_1: D:/Proyecto-02-SEP/GUITAR_HERO_HW/GUITAR_HERO_HW/GUITAR_HERO_HW.runs/diagrama_bloques_axi_gpio_1_0_synth_1/runme.log
synth_1: D:/Proyecto-02-SEP/GUITAR_HERO_HW/GUITAR_HERO_HW/GUITAR_HERO_HW.runs/synth_1/runme.log
[Fri Jun 12 12:09:27 2026] Launched impl_1...
Run output will be captured here: D:/Proyecto-02-SEP/GUITAR_HERO_HW/GUITAR_HERO_HW/GUITAR_HERO_HW.runs/impl_1/runme.log
launch_runs: Time (s): cpu = 00:00:02 ; elapsed = 00:00:06 . Memory (MB): peak = 3739.781 ; gain = 11.676
set_property pfm_name {} [get_files -all {D:/Proyecto-02-SEP/GUITAR_HERO_HW/GUITAR_HERO_HW/GUITAR_HERO_HW.srcs/sources_1/bd/diagrama_bloques/diagrama_bloques.bd}]
write_hw_platform -fixed -include_bit -force -file D:/Proyecto-02-SEP/GUITAR_HERO_HW/GUITAR_HERO_HW/diagrama_bloques_wrapper.xsa
INFO: [Vivado 12-4895] Creating Hardware Platform: D:/Proyecto-02-SEP/GUITAR_HERO_HW/GUITAR_HERO_HW/diagrama_bloques_wrapper.xsa ...
INFO: [Hsi 55-2053] elapsed time for repository (C:/Xilinx/Vivado/2020.1/data\embeddedsw) loading 1 seconds
WARNING: [Project 1-645] Board images not set in Hardware Platform.
INFO: [Vivado 12-4896] Successfully created Hardware Platform: D:/Proyecto-02-SEP/GUITAR_HERO_HW/GUITAR_HERO_HW/diagrama_bloques_wrapper.xsa
write_hw_platform: Time (s): cpu = 00:00:06 ; elapsed = 00:00:08 . Memory (MB): peak = 3799.980 ; gain = 51.113
INFO: [Vivado 12-8231] Launching Vitis
INFO: [Vivado 12-417] Running vitis
INFO: [Vivado 12-8232] Vitis launch initiated. Please check console for any further messages.
INFO: [Vivado 12-8231] Launching Vitis
INFO: [Vivado 12-417] Running vitis
INFO: [Vivado 12-8232] Vitis launch initiated. Please check console for any further messages.
ipx::edit_ip_in_project -upgrade true -name BUZZER_AXI_v1_0_project -directory D:/Proyecto-02-SEP/GUITAR_HERO_HW/GUITAR_HERO_HW/GUITAR_HERO_HW.tmp/BUZZER_AXI_v1_0_project d:/Proyecto-02-SEP/IP_CORES/BUZZER/BUZZER_AXI_1.0/component.xml
INFO: [ProjectBase 1-489] The host OS only allows 260 characters in a normal path. The project is stored in a path with more than 80 characters. If you experience issues with IP, Block Designs, or files not being found, please consider moving the project to a location with a shorter path. Alternately consider using the OS subst command to map part of the path to a drive letter.
Current project path is 'd:/proyecto-02-sep/guitar_hero_hw/guitar_hero_hw/guitar_hero_hw.tmp/buzzer_axi_v1_0_project'
INFO: [IP_Flow 19-234] Refreshing IP repositories
INFO: [IP_Flow 19-1704] No user IP repositories specified
INFO: [IP_Flow 19-2313] Loaded Vivado IP repository 'C:/Xilinx/Vivado/2020.1/data/ip'.
INFO: [IP_Flow 19-234] Refreshing IP repositories
INFO: [IP_Flow 19-1700] Loaded user IP repository 'd:/Proyecto-02-SEP/IP_CORES'.
INFO: [IP_Flow 19-795] Syncing license key meta-data
ipx::edit_ip_in_project: Time (s): cpu = 00:00:06 ; elapsed = 00:00:05 . Memory (MB): peak = 3799.980 ; gain = 0.000
update_compile_order -fileset sources_1
ipx::merge_project_changes files [ipx::current_core]
WARNING: [IP_Flow 19-5226] Project source file 'd:/Proyecto-02-SEP/IP_CORES/BUZZER/BUZZER_AXI_1.0/component.xml' ignored by IP packager.
ipx::merge_project_changes hdl_parameters [ipx::current_core]
WARNING: [IP_Flow 19-5226] Project source file 'd:/Proyecto-02-SEP/IP_CORES/BUZZER/BUZZER_AXI_1.0/component.xml' ignored by IP packager.
WARNING: [IP_Flow 19-4300] HDL parameter 'CLK_FREQ' has its value changed from '50000000' to '100000000'.
INFO: [IP_Flow 19-3166] Bus Interface 'S00_AXI': References existing memory map 'S00_AXI'.
set_property core_revision 8 [ipx::current_core]
ipx::update_source_project_archive -component [ipx::current_core]
ipx::create_xgui_files [ipx::current_core]
ipx::update_checksums [ipx::current_core]
ipx::save_core [ipx::current_core]
current_project GUITAR_HERO_HW
update_ip_catalog -rebuild -scan_changes
INFO: [IP_Flow 19-234] Refreshing IP repositories
INFO: [IP_Flow 19-1700] Loaded user IP repository 'd:/Proyecto-02-SEP/IP_CORES'.
report_ip_status -name ip_status
current_project BUZZER_AXI_v1_0_project
current_project GUITAR_HERO_HW
upgrade_ip -vlnv xilinx.com:user:BUZZER_AXI:1.0 [get_ips  diagrama_bloques_BUZZER_AXI_0_1] -log ip_upgrade.log
Upgrading 'D:/Proyecto-02-SEP/GUITAR_HERO_HW/GUITAR_HERO_HW/GUITAR_HERO_HW.srcs/sources_1/bd/diagrama_bloques/diagrama_bloques.bd'
INFO: [IP_Flow 19-3422] Upgraded diagrama_bloques_BUZZER_AXI_0_1 (BUZZER_AXI_v1.0 1.0) from revision 7 to revision 8
Wrote  : <D:\Proyecto-02-SEP\GUITAR_HERO_HW\GUITAR_HERO_HW\GUITAR_HERO_HW.srcs\sources_1\bd\diagrama_bloques\diagrama_bloques.bd> 
Wrote  : <D:/Proyecto-02-SEP/GUITAR_HERO_HW/GUITAR_HERO_HW/GUITAR_HERO_HW.srcs/sources_1/bd/diagrama_bloques/ui/bd_3441bf86.ui> 
INFO: [Coretcl 2-1525] Wrote upgrade log to 'D:/Proyecto-02-SEP/GUITAR_HERO_HW/GUITAR_HERO_HW/ip_upgrade.log'.
export_ip_user_files -of_objects [get_ips diagrama_bloques_BUZZER_AXI_0_1] -no_script -sync -force -quiet
report_ip_status -name ip_status 
reset_run synth_1
launch_runs impl_1 -to_step write_bitstream -jobs 6
INFO: [xilinx.com:ip:axi_quad_spi:3.2-1] /axi_quad_spi_1 
                   #######################################################################################
                   INFO: AXI Quad SPI core's AXI Lite Clock and EXT SPI CLK are synchronous to each other.
                   ########################################################################################
INFO: [xilinx.com:ip:axi_quad_spi:3.2-1] /axi_quad_spi_1 
                   #######################################################################################
                   INFO: AXI Quad SPI core's AXI Lite Clock and EXT SPI CLK are synchronous to each other.
                   ########################################################################################
INFO: [xilinx.com:ip:axi_quad_spi:3.2-1] /axi_quad_spi_0 
                   #######################################################################################
                   INFO: AXI Quad SPI core's AXI Lite Clock and EXT SPI CLK are synchronous to each other.
                   ########################################################################################
INFO: [xilinx.com:ip:axi_quad_spi:3.2-1] /axi_quad_spi_0 
                   #######################################################################################
                   INFO: AXI Quad SPI core's AXI Lite Clock and EXT SPI CLK are synchronous to each other.
                   ########################################################################################
WARNING: [BD 41-1771] Block interface /axi_iic_0/IIC has associated board param 'IIC_BOARD_INTERFACE', which is set to board part interface 'hdmi_in_ddc'. This interface is connected to an external interface /iic_rtl, whose name 'iic_rtl' does not match with the board interface name 'hdmi_in_ddc'.
This is a visual-only issue - this interface /axi_iic_0/IIC will be connected to board interface 'hdmi_in_ddc'. If desired, please change the name of this port /iic_rtl manually.
Wrote  : <D:\Proyecto-02-SEP\GUITAR_HERO_HW\GUITAR_HERO_HW\GUITAR_HERO_HW.srcs\sources_1\bd\diagrama_bloques\diagrama_bloques.bd> 
VHDL Output written to : D:/Proyecto-02-SEP/GUITAR_HERO_HW/GUITAR_HERO_HW/GUITAR_HERO_HW.srcs/sources_1/bd/diagrama_bloques/synth/diagrama_bloques.vhd
VHDL Output written to : D:/Proyecto-02-SEP/GUITAR_HERO_HW/GUITAR_HERO_HW/GUITAR_HERO_HW.srcs/sources_1/bd/diagrama_bloques/sim/diagrama_bloques.vhd
VHDL Output written to : D:/Proyecto-02-SEP/GUITAR_HERO_HW/GUITAR_HERO_HW/GUITAR_HERO_HW.srcs/sources_1/bd/diagrama_bloques/hdl/diagrama_bloques_wrapper.vhd
INFO: [BD 41-1029] Generation completed for the IP Integrator block BUZZER_AXI_0 .
WARNING: [IP_Flow 19-4994] Overwriting existing constraint file 'd:/Proyecto-02-SEP/GUITAR_HERO_HW/GUITAR_HERO_HW/GUITAR_HERO_HW.srcs/sources_1/bd/diagrama_bloques/ip/diagrama_bloques_auto_pc_0/diagrama_bloques_auto_pc_0_ooc.xdc'
INFO: [BD 41-1029] Generation completed for the IP Integrator block ps7_0_axi_periph/s00_couplers/auto_pc .
Exporting to file D:/Proyecto-02-SEP/GUITAR_HERO_HW/GUITAR_HERO_HW/GUITAR_HERO_HW.srcs/sources_1/bd/diagrama_bloques/hw_handoff/diagrama_bloques.hwh
Generated Block Design Tcl file D:/Proyecto-02-SEP/GUITAR_HERO_HW/GUITAR_HERO_HW/GUITAR_HERO_HW.srcs/sources_1/bd/diagrama_bloques/hw_handoff/diagrama_bloques_bd.tcl
Generated Hardware Definition File D:/Proyecto-02-SEP/GUITAR_HERO_HW/GUITAR_HERO_HW/GUITAR_HERO_HW.srcs/sources_1/bd/diagrama_bloques/synth/diagrama_bloques.hwdef
INFO: [IP_Flow 19-4993] Using cached IP synthesis design for IP diagrama_bloques_auto_pc_0, cache-ID = f0066fce20473567; cache size = 11.875 MB.
[Fri Jun 12 12:47:47 2026] Launched diagrama_bloques_BUZZER_AXI_0_1_synth_1, synth_1...
Run output will be captured here:
diagrama_bloques_BUZZER_AXI_0_1_synth_1: D:/Proyecto-02-SEP/GUITAR_HERO_HW/GUITAR_HERO_HW/GUITAR_HERO_HW.runs/diagrama_bloques_BUZZER_AXI_0_1_synth_1/runme.log
synth_1: D:/Proyecto-02-SEP/GUITAR_HERO_HW/GUITAR_HERO_HW/GUITAR_HERO_HW.runs/synth_1/runme.log
[Fri Jun 12 12:47:48 2026] Launched impl_1...
Run output will be captured here: D:/Proyecto-02-SEP/GUITAR_HERO_HW/GUITAR_HERO_HW/GUITAR_HERO_HW.runs/impl_1/runme.log
launch_runs: Time (s): cpu = 00:00:19 ; elapsed = 00:00:23 . Memory (MB): peak = 3799.980 ; gain = 0.000
set_property pfm_name {} [get_files -all {D:/Proyecto-02-SEP/GUITAR_HERO_HW/GUITAR_HERO_HW/GUITAR_HERO_HW.srcs/sources_1/bd/diagrama_bloques/diagrama_bloques.bd}]
write_hw_platform -fixed -include_bit -force -file D:/Proyecto-02-SEP/GUITAR_HERO_HW/GUITAR_HERO_HW/diagrama_bloques_wrapper.xsa
INFO: [Vivado 12-4895] Creating Hardware Platform: D:/Proyecto-02-SEP/GUITAR_HERO_HW/GUITAR_HERO_HW/diagrama_bloques_wrapper.xsa ...
WARNING: [Project 1-645] Board images not set in Hardware Platform.
INFO: [Vivado 12-4896] Successfully created Hardware Platform: D:/Proyecto-02-SEP/GUITAR_HERO_HW/GUITAR_HERO_HW/diagrama_bloques_wrapper.xsa
write_hw_platform: Time (s): cpu = 00:00:07 ; elapsed = 00:00:06 . Memory (MB): peak = 3799.980 ; gain = 0.000
INFO: [Vivado 12-8231] Launching Vitis
INFO: [Vivado 12-417] Running vitis
INFO: [Vivado 12-8232] Vitis launch initiated. Please check console for any further messages.
