#-----------------------------------------------------------
# Vivado v2020.1 (64-bit)
# SW Build 2902540 on Wed May 27 19:54:49 MDT 2020
# IP Build 2902112 on Wed May 27 22:43:36 MDT 2020
# Start of session at: Mon Jun  1 15:19:51 2026
# Process ID: 27524
# Current directory: D:/Proyecto-02-SEP/GUITAR_HERO_HW/GUITAR_HERO_HW
# Command line: vivado.exe -gui_launcher_event rodinguilauncherevent26792 D:\Proyecto-02-SEP\GUITAR_HERO_HW\GUITAR_HERO_HW\GUITAR_HERO_HW.xpr
# Log file: D:/Proyecto-02-SEP/GUITAR_HERO_HW/GUITAR_HERO_HW/vivado.log
# Journal file: D:/Proyecto-02-SEP/GUITAR_HERO_HW/GUITAR_HERO_HW\vivado.jou
#-----------------------------------------------------------
start_gui
open_project D:/Proyecto-02-SEP/GUITAR_HERO_HW/GUITAR_HERO_HW/GUITAR_HERO_HW.xpr
Scanning sources...
Finished scanning sources
INFO: [IP_Flow 19-234] Refreshing IP repositories
INFO: [IP_Flow 19-1700] Loaded user IP repository 'd:/Proyecto-02-SEP/IP_CORES'.
INFO: [IP_Flow 19-2313] Loaded Vivado IP repository 'C:/Xilinx/Vivado/2020.1/data/ip'.
open_project: Time (s): cpu = 00:00:13 ; elapsed = 00:00:08 . Memory (MB): peak = 1080.953 ; gain = 0.000
update_compile_order -fileset sources_1
INFO: [Vivado 12-8231] Launching Vitis
INFO: [Vivado 12-417] Running vitis
INFO: [Vivado 12-8232] Vitis launch initiated. Please check console for any further messages.
INFO: [Vivado 12-8231] Launching Vitis
INFO: [Vivado 12-417] Running vitis
INFO: [Vivado 12-8232] Vitis launch initiated. Please check console for any further messages.
exit
INFO: [Common 17-206] Exiting Vivado at Mon Jun  1 16:31:48 2026...
