#-----------------------------------------------------------
# Vivado v2020.1 (64-bit)
# SW Build 2902540 on Wed May 27 19:54:49 MDT 2020
# IP Build 2902112 on Wed May 27 22:43:36 MDT 2020
# Start of session at: Tue Jun 30 10:37:16 2026
# Process ID: 8144
# Current directory: D:/Proyecto-02-SEP/GUITAR_HERO_HW/GUITAR_HERO_HW
# Command line: vivado.exe -gui_launcher_event rodinguilauncherevent17692 D:\Proyecto-02-SEP\GUITAR_HERO_HW\GUITAR_HERO_HW\GUITAR_HERO_HW.xpr
# Log file: D:/Proyecto-02-SEP/GUITAR_HERO_HW/GUITAR_HERO_HW/vivado.log
# Journal file: D:/Proyecto-02-SEP/GUITAR_HERO_HW/GUITAR_HERO_HW\vivado.jou
#-----------------------------------------------------------
start_gui
open_project D:/Proyecto-02-SEP/GUITAR_HERO_HW/GUITAR_HERO_HW/GUITAR_HERO_HW.xpr
Scanning sources...
Finished scanning sources
INFO: [IP_Flow 19-234] Refreshing IP repositories
INFO: [IP_Flow 19-1700] Loaded user IP repository 'd:/Proyecto-02-SEP/IP_CORES'.
INFO: [IP_Flow 19-2313] Loaded Vivado IP repository 'C:/Xilinx/Vivado/2020.1/data/ip'.
open_project: Time (s): cpu = 00:00:23 ; elapsed = 00:00:30 . Memory (MB): peak = 1055.461 ; gain = 0.000
INFO: [Vivado 12-8231] Launching Vitis
INFO: [Vivado 12-417] Running vitis
INFO: [Vivado 12-8232] Vitis launch initiated. Please check console for any further messages.
update_compile_order -fileset sources_1
open_bd_design {D:/Proyecto-02-SEP/GUITAR_HERO_HW/GUITAR_HERO_HW/GUITAR_HERO_HW.srcs/sources_1/bd/diagrama_bloques/diagrama_bloques.bd}
Adding component instance block -- xilinx.com:ip:processing_system7:5.5 - processing_system7_0
WARNING: [BD 41-176] The physical port 'S_AXI_GP2_rd_socket' specified in the portmap, is not found on the block! 
WARNING: [BD 41-176] The physical port 'S_AXI_GP2_wr_socket' specified in the portmap, is not found on the block! 
WARNING: [BD 41-176] The physical port 'S_AXI_GP3_rd_socket' specified in the portmap, is not found on the block! 
WARNING: [BD 41-176] The physical port 'S_AXI_GP3_wr_socket' specified in the portmap, is not found on the block! 
Adding component instance block -- xilinx.com:ip:axi_iic:2.0 - axi_iic_0
Adding component instance block -- xilinx.com:ip:axi_interconnect:2.1 - ps7_0_axi_periph
Adding component instance block -- xilinx.com:ip:axi_crossbar:2.1 - xbar
Adding component instance block -- xilinx.com:ip:axi_protocol_converter:2.1 - auto_pc
Adding component instance block -- xilinx.com:ip:proc_sys_reset:5.0 - rst_ps7_0_50M
Adding component instance block -- xilinx.com:module_ref:Debouncer:1.0 - Debouncer_0
Adding component instance block -- xilinx.com:module_ref:Debouncer:1.0 - Debouncer_1
Adding component instance block -- xilinx.com:module_ref:Debouncer:1.0 - Debouncer_2
Adding component instance block -- xilinx.com:ip:xlconcat:2.1 - xlconcat_0
Adding component instance block -- xilinx.com:ip:axi_gpio:2.0 - axi_gpio_0
Adding component instance block -- xilinx.com:ip:axi_quad_spi:3.2 - axi_quad_spi_0
Adding component instance block -- xilinx.com:ip:axi_gpio:2.0 - axi_gpio_1
Adding component instance block -- xilinx.com:ip:axi_quad_spi:3.2 - axi_quad_spi_1
Adding component instance block -- xilinx.com:user:BUZZER_AXI:1.0 - BUZZER_AXI_0
Adding component instance block -- xilinx.com:ip:axi_timer:2.0 - axi_timer_0
Adding component instance block -- xilinx.com:ip:xlconcat:2.1 - xlconcat_1
Successfully read diagram <diagrama_bloques> from BD file <D:/Proyecto-02-SEP/GUITAR_HERO_HW/GUITAR_HERO_HW/GUITAR_HERO_HW.srcs/sources_1/bd/diagrama_bloques/diagrama_bloques.bd>
open_bd_design: Time (s): cpu = 00:00:12 ; elapsed = 00:00:16 . Memory (MB): peak = 1520.352 ; gain = 0.000
startgroup
create_bd_cell -type ip -vlnv xilinx.com:ip:ila:6.2 ila_0
INFO: [xilinx.com:ip:ila:6.2-6] /ila_0: Xilinx recommends using the System ILA IP in IP Integrator. The System ILA IP is functionally equivalent to an ILA and offers additional benefits in debugging interfaces both within IP Integrator and the Hardware Manager. Consult the Programming and Debug User Guide UG908 for further details.
endgroup
set_property location {5.5 1842 250} [get_bd_cells ila_0]
WARNING: [IP_Flow 19-4067] Ignoring invalid widget type specified checkbox.Providing a default widget
set_property -dict [list CONFIG.C_NUM_OF_PROBES {4} CONFIG.C_ENABLE_ILA_AXI_MON {false} CONFIG.C_MONITOR_TYPE {Native}] [get_bd_cells ila_0]
connect_bd_net [get_bd_pins ila_0/probe0] [get_bd_pins xlconcat_0/dout]
connect_bd_net [get_bd_pins ila_0/clk] [get_bd_pins processing_system7_0/FCLK_CLK0]
WARNING: [IP_Flow 19-4067] Ignoring invalid widget type specified checkbox.Providing a default widget
startgroup
set_property -dict [list CONFIG.C_PROBE0_WIDTH {3}] [get_bd_cells ila_0]
endgroup
connect_bd_net [get_bd_pins ila_0/probe3] [get_bd_pins axi_timer_0/interrupt]
WARNING: [BD 41-1731] Type mismatch between connected pins: /axi_timer_0/interrupt(intr) and /ila_0/probe3(undef)
regenerate_bd_layout
save_bd_design
Wrote  : <D:\Proyecto-02-SEP\GUITAR_HERO_HW\GUITAR_HERO_HW\GUITAR_HERO_HW.srcs\sources_1\bd\diagrama_bloques\diagrama_bloques.bd> 
Wrote  : <D:/Proyecto-02-SEP/GUITAR_HERO_HW/GUITAR_HERO_HW/GUITAR_HERO_HW.srcs/sources_1/bd/diagrama_bloques/ui/bd_3441bf86.ui> 
exit
INFO: [Common 17-206] Exiting Vivado at Tue Jun 30 18:21:28 2026...
