#-----------------------------------------------------------
# Vivado v2020.1 (64-bit)
# SW Build 2902540 on Wed May 27 19:54:49 MDT 2020
# IP Build 2902112 on Wed May 27 22:43:36 MDT 2020
# Start of session at: Tue Jun 30 21:42:02 2026
# Process ID: 18576
# Current directory: D:/Proyecto-02-SEP/GUITAR_HERO_HW/GUITAR_HERO_HW
# Command line: vivado.exe -gui_launcher_event rodinguilauncherevent7632 D:\Proyecto-02-SEP\GUITAR_HERO_HW\GUITAR_HERO_HW\GUITAR_HERO_HW.xpr
# Log file: D:/Proyecto-02-SEP/GUITAR_HERO_HW/GUITAR_HERO_HW/vivado.log
# Journal file: D:/Proyecto-02-SEP/GUITAR_HERO_HW/GUITAR_HERO_HW\vivado.jou
#-----------------------------------------------------------
start_gui
open_project D:/Proyecto-02-SEP/GUITAR_HERO_HW/GUITAR_HERO_HW/GUITAR_HERO_HW.xpr
Scanning sources...
Finished scanning sources
INFO: [IP_Flow 19-234] Refreshing IP repositories
INFO: [IP_Flow 19-1700] Loaded user IP repository 'd:/Proyecto-02-SEP/IP_CORES'.
INFO: [IP_Flow 19-2313] Loaded Vivado IP repository 'C:/Xilinx/Vivado/2020.1/data/ip'.
open_project: Time (s): cpu = 00:00:16 ; elapsed = 00:00:13 . Memory (MB): peak = 1067.547 ; gain = 6.172
update_compile_order -fileset sources_1
open_bd_design {D:/Proyecto-02-SEP/GUITAR_HERO_HW/GUITAR_HERO_HW/GUITAR_HERO_HW.srcs/sources_1/bd/diagrama_bloques/diagrama_bloques.bd}
Adding component instance block -- xilinx.com:ip:processing_system7:5.5 - processing_system7_0
WARNING: [BD 41-176] The physical port 'S_AXI_GP2_rd_socket' specified in the portmap, is not found on the block! 
WARNING: [BD 41-176] The physical port 'S_AXI_GP2_wr_socket' specified in the portmap, is not found on the block! 
WARNING: [BD 41-176] The physical port 'S_AXI_GP3_rd_socket' specified in the portmap, is not found on the block! 
WARNING: [BD 41-176] The physical port 'S_AXI_GP3_wr_socket' specified in the portmap, is not found on the block! 
Adding component instance block -- xilinx.com:ip:axi_iic:2.0 - axi_iic_0
Adding component instance block -- xilinx.com:ip:axi_interconnect:2.1 - ps7_0_axi_periph
Adding component instance block -- xilinx.com:ip:axi_crossbar:2.1 - xbar
Adding component instance block -- xilinx.com:ip:axi_protocol_converter:2.1 - auto_pc
Adding component instance block -- xilinx.com:ip:proc_sys_reset:5.0 - rst_ps7_0_50M
Adding component instance block -- xilinx.com:module_ref:Debouncer:1.0 - Debouncer_0
Adding component instance block -- xilinx.com:module_ref:Debouncer:1.0 - Debouncer_1
Adding component instance block -- xilinx.com:module_ref:Debouncer:1.0 - Debouncer_2
Adding component instance block -- xilinx.com:ip:xlconcat:2.1 - xlconcat_0
Adding component instance block -- xilinx.com:ip:axi_gpio:2.0 - axi_gpio_0
Adding component instance block -- xilinx.com:ip:axi_quad_spi:3.2 - axi_quad_spi_0
Adding component instance block -- xilinx.com:ip:axi_gpio:2.0 - axi_gpio_1
Adding component instance block -- xilinx.com:ip:axi_quad_spi:3.2 - axi_quad_spi_1
Adding component instance block -- xilinx.com:user:BUZZER_AXI:1.0 - BUZZER_AXI_0
Adding component instance block -- xilinx.com:ip:axi_timer:2.0 - axi_timer_0
Adding component instance block -- xilinx.com:ip:xlconcat:2.1 - xlconcat_1
Adding component instance block -- xilinx.com:ip:ila:6.2 - ila_0
INFO: [xilinx.com:ip:ila:6.2-6] /ila_0: Xilinx recommends using the System ILA IP in IP Integrator. The System ILA IP is functionally equivalent to an ILA and offers additional benefits in debugging interfaces both within IP Integrator and the Hardware Manager. Consult the Programming and Debug User Guide UG908 for further details.
WARNING: [BD 41-1731] Type mismatch between connected pins: /axi_timer_0/interrupt(intr) and /ila_0/probe3(undef)
Successfully read diagram <diagrama_bloques> from BD file <D:/Proyecto-02-SEP/GUITAR_HERO_HW/GUITAR_HERO_HW/GUITAR_HERO_HW.srcs/sources_1/bd/diagrama_bloques/diagrama_bloques.bd>
open_bd_design: Time (s): cpu = 00:00:15 ; elapsed = 00:00:12 . Memory (MB): peak = 1480.039 ; gain = 0.000
WARNING: [IP_Flow 19-4067] Ignoring invalid widget type specified checkbox.Providing a default widget
startgroup
set_property -dict [list CONFIG.C_NUM_OF_PROBES {2}] [get_bd_cells ila_0]
WARNING: [BD 41-1684] Pin /ila_0/probe3 is now disabled. All connections to this pin have been removed. 
endgroup
undo
INFO: [Common 17-17] undo 'endgroup'
INFO: [Common 17-17] undo 'set_property -dict [list CONFIG.C_NUM_OF_PROBES {2}] [get_bd_cells ila_0]'
WARNING: [BD 41-1731] Type mismatch between connected pins: /axi_timer_0/interrupt(intr) and /ila_0/probe3(undef)
INFO: [Common 17-17] undo 'startgroup'
startgroup
create_bd_cell -type ip -vlnv xilinx.com:ip:axi_timer:2.0 axi_timer_1
endgroup
startgroup
set_property -dict [list CONFIG.NUM_PORTS {3}] [get_bd_cells xlconcat_1]
endgroup
connect_bd_net [get_bd_pins axi_timer_1/interrupt] [get_bd_pins xlconcat_1/In2]
apply_bd_automation -rule xilinx.com:bd_rule:axi4 -config { Clk_master {/processing_system7_0/FCLK_CLK0 (100 MHz)} Clk_slave {Auto} Clk_xbar {/processing_system7_0/FCLK_CLK0 (100 MHz)} Master {/processing_system7_0/M_AXI_GP0} Slave {/axi_timer_1/S_AXI} ddr_seg {Auto} intc_ip {/ps7_0_axi_periph} master_apm {0}}  [get_bd_intf_pins axi_timer_1/S_AXI]
Slave segment '/axi_timer_1/S_AXI/Reg' is being assigned into address space '/processing_system7_0/Data' at <0x4281_0000 [ 64K ]>.
regenerate_bd_layout
regenerate_bd_layout
connect_bd_net [get_bd_pins ila_0/probe1] [get_bd_pins axi_timer_1/interrupt]
WARNING: [BD 41-1731] Type mismatch between connected pins: /axi_timer_1/interrupt(intr) and /ila_0/probe1(undef)
connect_bd_net [get_bd_pins ila_0/probe2] [get_bd_pins axi_timer_0/interrupt]
WARNING: [BD 41-1731] Type mismatch between connected pins: /axi_timer_0/interrupt(intr) and /ila_0/probe2(undef)
WARNING: [IP_Flow 19-4067] Ignoring invalid widget type specified checkbox.Providing a default widget
startgroup
set_property -dict [list CONFIG.C_NUM_OF_PROBES {3}] [get_bd_cells ila_0]
WARNING: [BD 41-1684] Pin /ila_0/probe3 is now disabled. All connections to this pin have been removed. 
endgroup
regenerate_bd_layout
save_bd_design
Wrote  : <D:\Proyecto-02-SEP\GUITAR_HERO_HW\GUITAR_HERO_HW\GUITAR_HERO_HW.srcs\sources_1\bd\diagrama_bloques\diagrama_bloques.bd> 
Wrote  : <D:/Proyecto-02-SEP/GUITAR_HERO_HW/GUITAR_HERO_HW/GUITAR_HERO_HW.srcs/sources_1/bd/diagrama_bloques/ui/bd_3441bf86.ui> 
reset_run synth_1
reset_run diagrama_bloques_xbar_0_synth_1
make_wrapper -files [get_files D:/Proyecto-02-SEP/GUITAR_HERO_HW/GUITAR_HERO_HW/GUITAR_HERO_HW.srcs/sources_1/bd/diagrama_bloques/diagrama_bloques.bd] -top
CRITICAL WARNING: [PSU-1]  Parameter : PCW_UIPARAM_DDR_DQS_TO_CLK_DELAY_0 has negative value -0.050 . PS DDR interfaces might fail when entering negative DQS skew values. 
CRITICAL WARNING: [PSU-2]  Parameter : PCW_UIPARAM_DDR_DQS_TO_CLK_DELAY_1 has negative value -0.044 . PS DDR interfaces might fail when entering negative DQS skew values. 
CRITICAL WARNING: [PSU-3]  Parameter : PCW_UIPARAM_DDR_DQS_TO_CLK_DELAY_2 has negative value -0.035 . PS DDR interfaces might fail when entering negative DQS skew values. 
CRITICAL WARNING: [PSU-4]  Parameter : PCW_UIPARAM_DDR_DQS_TO_CLK_DELAY_3 has negative value -0.100 . PS DDR interfaces might fail when entering negative DQS skew values. 
WARNING: [BD 41-176] The physical port 'S_AXI_GP2_rd_socket' specified in the portmap, is not found on the block! 
WARNING: [BD 41-176] The physical port 'S_AXI_GP2_wr_socket' specified in the portmap, is not found on the block! 
WARNING: [BD 41-176] The physical port 'S_AXI_GP3_rd_socket' specified in the portmap, is not found on the block! 
WARNING: [BD 41-176] The physical port 'S_AXI_GP3_wr_socket' specified in the portmap, is not found on the block! 
INFO: [xilinx.com:ip:axi_quad_spi:3.2-1] /axi_quad_spi_1 
                   #######################################################################################
                   INFO: AXI Quad SPI core's AXI Lite Clock and EXT SPI CLK are synchronous to each other.
                   ########################################################################################
INFO: [xilinx.com:ip:axi_quad_spi:3.2-1] /axi_quad_spi_1 
                   #######################################################################################
                   INFO: AXI Quad SPI core's AXI Lite Clock and EXT SPI CLK are synchronous to each other.
                   ########################################################################################
INFO: [xilinx.com:ip:axi_quad_spi:3.2-1] /axi_quad_spi_0 
                   #######################################################################################
                   INFO: AXI Quad SPI core's AXI Lite Clock and EXT SPI CLK are synchronous to each other.
                   ########################################################################################
INFO: [xilinx.com:ip:axi_quad_spi:3.2-1] /axi_quad_spi_0 
                   #######################################################################################
                   INFO: AXI Quad SPI core's AXI Lite Clock and EXT SPI CLK are synchronous to each other.
                   ########################################################################################
WARNING: [BD 41-1771] Block interface /axi_iic_0/IIC has associated board param 'IIC_BOARD_INTERFACE', which is set to board part interface 'hdmi_in_ddc'. This interface is connected to an external interface /iic_rtl, whose name 'iic_rtl' does not match with the board interface name 'hdmi_in_ddc'.
This is a visual-only issue - this interface /axi_iic_0/IIC will be connected to board interface 'hdmi_in_ddc'. If desired, please change the name of this port /iic_rtl manually.
Wrote  : <D:\Proyecto-02-SEP\GUITAR_HERO_HW\GUITAR_HERO_HW\GUITAR_HERO_HW.srcs\sources_1\bd\diagrama_bloques\diagrama_bloques.bd> 
Wrote  : <D:/Proyecto-02-SEP/GUITAR_HERO_HW/GUITAR_HERO_HW/GUITAR_HERO_HW.srcs/sources_1/bd/diagrama_bloques/ui/bd_3441bf86.ui> 
VHDL Output written to : D:/Proyecto-02-SEP/GUITAR_HERO_HW/GUITAR_HERO_HW/GUITAR_HERO_HW.srcs/sources_1/bd/diagrama_bloques/synth/diagrama_bloques.vhd
VHDL Output written to : D:/Proyecto-02-SEP/GUITAR_HERO_HW/GUITAR_HERO_HW/GUITAR_HERO_HW.srcs/sources_1/bd/diagrama_bloques/sim/diagrama_bloques.vhd
VHDL Output written to : D:/Proyecto-02-SEP/GUITAR_HERO_HW/GUITAR_HERO_HW/GUITAR_HERO_HW.srcs/sources_1/bd/diagrama_bloques/hdl/diagrama_bloques_wrapper.vhd
Wrote  : <D:/Proyecto-02-SEP/GUITAR_HERO_HW/GUITAR_HERO_HW/GUITAR_HERO_HW.srcs/sources_1/bd/diagrama_bloques/ui/bd_3441bf86.ui> 
make_wrapper: Time (s): cpu = 00:00:24 ; elapsed = 00:00:34 . Memory (MB): peak = 1637.582 ; gain = 157.543
reset_run diagrama_bloques_processing_system7_0_0_synth_1
launch_runs impl_1 -to_step write_bitstream -jobs 6
INFO: [BD 41-1662] The design 'diagrama_bloques.bd' is already validated. Therefore parameter propagation will not be re-run.
WARNING: [BD 41-1771] Block interface /axi_iic_0/IIC has associated board param 'IIC_BOARD_INTERFACE', which is set to board part interface 'hdmi_in_ddc'. This interface is connected to an external interface /iic_rtl, whose name 'iic_rtl' does not match with the board interface name 'hdmi_in_ddc'.
This is a visual-only issue - this interface /axi_iic_0/IIC will be connected to board interface 'hdmi_in_ddc'. If desired, please change the name of this port /iic_rtl manually.
Wrote  : <D:\Proyecto-02-SEP\GUITAR_HERO_HW\GUITAR_HERO_HW\GUITAR_HERO_HW.srcs\sources_1\bd\diagrama_bloques\diagrama_bloques.bd> 
Wrote  : <D:/Proyecto-02-SEP/GUITAR_HERO_HW/GUITAR_HERO_HW/GUITAR_HERO_HW.srcs/sources_1/bd/diagrama_bloques/ui/bd_3441bf86.ui> 
VHDL Output written to : D:/Proyecto-02-SEP/GUITAR_HERO_HW/GUITAR_HERO_HW/GUITAR_HERO_HW.srcs/sources_1/bd/diagrama_bloques/synth/diagrama_bloques.vhd
VHDL Output written to : D:/Proyecto-02-SEP/GUITAR_HERO_HW/GUITAR_HERO_HW/GUITAR_HERO_HW.srcs/sources_1/bd/diagrama_bloques/sim/diagrama_bloques.vhd
VHDL Output written to : D:/Proyecto-02-SEP/GUITAR_HERO_HW/GUITAR_HERO_HW/GUITAR_HERO_HW.srcs/sources_1/bd/diagrama_bloques/hdl/diagrama_bloques_wrapper.vhd
WARNING: [IP_Flow 19-5611] Unable to find an associated reset port for the interface 'M_AXI_GP0'. A default connection has been created.
INFO: [BD 41-1029] Generation completed for the IP Integrator block processing_system7_0 .
INFO: [BD 41-1029] Generation completed for the IP Integrator block ps7_0_axi_periph/xbar .
INFO: [BD 41-1029] Generation completed for the IP Integrator block xlconcat_1 .
WARNING: [IP_Flow 19-4994] Overwriting existing constraint file 'd:/Proyecto-02-SEP/GUITAR_HERO_HW/GUITAR_HERO_HW/GUITAR_HERO_HW.srcs/sources_1/bd/diagrama_bloques/ip/diagrama_bloques_ila_0_0/diagrama_bloques_ila_0_0_ooc.xdc'
INFO: [BD 41-1029] Generation completed for the IP Integrator block ila_0 .
WARNING: [IP_Flow 19-4994] Overwriting existing constraint file 'd:/Proyecto-02-SEP/GUITAR_HERO_HW/GUITAR_HERO_HW/GUITAR_HERO_HW.srcs/sources_1/bd/diagrama_bloques/ip/diagrama_bloques_axi_timer_1_0/diagrama_bloques_axi_timer_1_0_ooc.xdc'
INFO: [BD 41-1029] Generation completed for the IP Integrator block axi_timer_1 .
WARNING: [IP_Flow 19-4994] Overwriting existing constraint file 'd:/Proyecto-02-SEP/GUITAR_HERO_HW/GUITAR_HERO_HW/GUITAR_HERO_HW.srcs/sources_1/bd/diagrama_bloques/ip/diagrama_bloques_auto_pc_0/diagrama_bloques_auto_pc_0_ooc.xdc'
INFO: [BD 41-1029] Generation completed for the IP Integrator block ps7_0_axi_periph/s00_couplers/auto_pc .
Exporting to file D:/Proyecto-02-SEP/GUITAR_HERO_HW/GUITAR_HERO_HW/GUITAR_HERO_HW.srcs/sources_1/bd/diagrama_bloques/hw_handoff/diagrama_bloques.hwh
Generated Block Design Tcl file D:/Proyecto-02-SEP/GUITAR_HERO_HW/GUITAR_HERO_HW/GUITAR_HERO_HW.srcs/sources_1/bd/diagrama_bloques/hw_handoff/diagrama_bloques_bd.tcl
Generated Hardware Definition File D:/Proyecto-02-SEP/GUITAR_HERO_HW/GUITAR_HERO_HW/GUITAR_HERO_HW.srcs/sources_1/bd/diagrama_bloques/synth/diagrama_bloques.hwdef
INFO: [IP_Flow 19-4993] Using cached IP synthesis design for IP diagrama_bloques_auto_pc_0, cache-ID = f0066fce20473567; cache size = 14.903 MB.
INFO: [IP_Flow 19-4993] Using cached IP synthesis design for IP diagrama_bloques_axi_timer_1_0, cache-ID = f30676ba6857027b; cache size = 14.903 MB.
[Tue Jun 30 23:31:53 2026] Launched diagrama_bloques_xbar_0_synth_1, diagrama_bloques_processing_system7_0_0_synth_1, diagrama_bloques_ila_0_0_synth_1, synth_1...
Run output will be captured here:
diagrama_bloques_xbar_0_synth_1: D:/Proyecto-02-SEP/GUITAR_HERO_HW/GUITAR_HERO_HW/GUITAR_HERO_HW.runs/diagrama_bloques_xbar_0_synth_1/runme.log
diagrama_bloques_processing_system7_0_0_synth_1: D:/Proyecto-02-SEP/GUITAR_HERO_HW/GUITAR_HERO_HW/GUITAR_HERO_HW.runs/diagrama_bloques_processing_system7_0_0_synth_1/runme.log
diagrama_bloques_ila_0_0_synth_1: D:/Proyecto-02-SEP/GUITAR_HERO_HW/GUITAR_HERO_HW/GUITAR_HERO_HW.runs/diagrama_bloques_ila_0_0_synth_1/runme.log
synth_1: D:/Proyecto-02-SEP/GUITAR_HERO_HW/GUITAR_HERO_HW/GUITAR_HERO_HW.runs/synth_1/runme.log
[Tue Jun 30 23:31:53 2026] Launched impl_1...
Run output will be captured here: D:/Proyecto-02-SEP/GUITAR_HERO_HW/GUITAR_HERO_HW/GUITAR_HERO_HW.runs/impl_1/runme.log
launch_runs: Time (s): cpu = 00:00:21 ; elapsed = 00:00:27 . Memory (MB): peak = 1687.148 ; gain = 49.566
set_property pfm_name {} [get_files -all {D:/Proyecto-02-SEP/GUITAR_HERO_HW/GUITAR_HERO_HW/GUITAR_HERO_HW.srcs/sources_1/bd/diagrama_bloques/diagrama_bloques.bd}]
write_hw_platform -fixed -include_bit -force -file D:/Proyecto-02-SEP/GUITAR_HERO_HW/GUITAR_HERO_HW/diagrama_bloques_wrapper.xsa
INFO: [Vivado 12-4895] Creating Hardware Platform: D:/Proyecto-02-SEP/GUITAR_HERO_HW/GUITAR_HERO_HW/diagrama_bloques_wrapper.xsa ...
INFO: [Hsi 55-2053] elapsed time for repository (C:/Xilinx/Vivado/2020.1/data\embeddedsw) loading 1 seconds
WARNING: [Project 1-645] Board images not set in Hardware Platform.
INFO: [Vivado 12-4896] Successfully created Hardware Platform: D:/Proyecto-02-SEP/GUITAR_HERO_HW/GUITAR_HERO_HW/diagrama_bloques_wrapper.xsa
write_hw_platform: Time (s): cpu = 00:00:08 ; elapsed = 00:00:10 . Memory (MB): peak = 1760.887 ; gain = 71.414
open_bd_design {D:/Proyecto-02-SEP/GUITAR_HERO_HW/GUITAR_HERO_HW/GUITAR_HERO_HW.srcs/sources_1/bd/diagrama_bloques/diagrama_bloques.bd}
INFO: [Vivado 12-8231] Launching Vitis
INFO: [Vivado 12-417] Running vitis
INFO: [Vivado 12-8232] Vitis launch initiated. Please check console for any further messages.
ipx::edit_ip_in_project -upgrade true -name BUZZER_AXI_v1_0_project -directory D:/Proyecto-02-SEP/GUITAR_HERO_HW/GUITAR_HERO_HW/GUITAR_HERO_HW.tmp/BUZZER_AXI_v1_0_project d:/Proyecto-02-SEP/IP_CORES/BUZZER/BUZZER_AXI_1.0/component.xml
INFO: [ProjectBase 1-489] The host OS only allows 260 characters in a normal path. The project is stored in a path with more than 80 characters. If you experience issues with IP, Block Designs, or files not being found, please consider moving the project to a location with a shorter path. Alternately consider using the OS subst command to map part of the path to a drive letter.
Current project path is 'd:/proyecto-02-sep/guitar_hero_hw/guitar_hero_hw/guitar_hero_hw.tmp/buzzer_axi_v1_0_project'
INFO: [IP_Flow 19-234] Refreshing IP repositories
INFO: [IP_Flow 19-1704] No user IP repositories specified
INFO: [IP_Flow 19-2313] Loaded Vivado IP repository 'C:/Xilinx/Vivado/2020.1/data/ip'.
INFO: [IP_Flow 19-234] Refreshing IP repositories
INFO: [IP_Flow 19-1700] Loaded user IP repository 'd:/Proyecto-02-SEP/IP_CORES'.
INFO: [IP_Flow 19-795] Syncing license key meta-data
ipx::edit_ip_in_project: Time (s): cpu = 00:00:05 ; elapsed = 00:00:05 . Memory (MB): peak = 1778.684 ; gain = 14.422
update_compile_order -fileset sources_1
startgroup
current_project GUITAR_HERO_HW
create_bd_cell -type ip -vlnv xilinx.com:ip:vio:3.0 vio_0
endgroup
set_property location {3 664 1519} [get_bd_cells vio_0]
set_property location {2 674 1375} [get_bd_cells vio_0]
set_property -dict [list CONFIG.C_EN_PROBE_IN_ACTIVITY {0} CONFIG.C_NUM_PROBE_IN {0}] [get_bd_cells vio_0]
current_project BUZZER_AXI_v1_0_project
ipx::merge_project_changes files [ipx::current_core]
WARNING: [IP_Flow 19-5226] Project source file 'd:/Proyecto-02-SEP/IP_CORES/BUZZER/BUZZER_AXI_1.0/component.xml' ignored by IP packager.
ipx::merge_project_changes hdl_parameters [ipx::current_core]
WARNING: [IP_Flow 19-5226] Project source file 'd:/Proyecto-02-SEP/IP_CORES/BUZZER/BUZZER_AXI_1.0/component.xml' ignored by IP packager.
INFO: [IP_Flow 19-3166] Bus Interface 'S00_AXI': References existing memory map 'S00_AXI'.
ipx::update_checksums [ipx::current_core]
ipx::save_core [ipx::current_core]
set_property core_revision 9 [ipx::current_core]
ipx::update_source_project_archive -component [ipx::current_core]
ipx::create_xgui_files [ipx::current_core]
ipx::update_checksums [ipx::current_core]
ipx::save_core [ipx::current_core]
current_project GUITAR_HERO_HW
apply_bd_automation -rule xilinx.com:bd_rule:clkrst -config { Clk {/processing_system7_0/FCLK_CLK0 (100 MHz)} Freq {100} Ref_Clk0 {} Ref_Clk1 {} Ref_Clk2 {}}  [get_bd_pins vio_0/clk]
update_ip_catalog -rebuild -scan_changes
INFO: [IP_Flow 19-234] Refreshing IP repositories
INFO: [IP_Flow 19-1700] Loaded user IP repository 'd:/Proyecto-02-SEP/IP_CORES'.
