#-----------------------------------------------------------
# Vivado v2020.1 (64-bit)
# SW Build 2902540 on Wed May 27 19:54:49 MDT 2020
# IP Build 2902112 on Wed May 27 22:43:36 MDT 2020
# Start of session at: Wed Jun  3 09:17:20 2026
# Process ID: 4552
# Current directory: D:/Proyecto-02-SEP/GUITAR_HERO_HW/GUITAR_HERO_HW
# Command line: vivado.exe -gui_launcher_event rodinguilauncherevent15832 D:\Proyecto-02-SEP\GUITAR_HERO_HW\GUITAR_HERO_HW\GUITAR_HERO_HW.xpr
# Log file: D:/Proyecto-02-SEP/GUITAR_HERO_HW/GUITAR_HERO_HW/vivado.log
# Journal file: D:/Proyecto-02-SEP/GUITAR_HERO_HW/GUITAR_HERO_HW\vivado.jou
#-----------------------------------------------------------
start_gui
open_project D:/Proyecto-02-SEP/GUITAR_HERO_HW/GUITAR_HERO_HW/GUITAR_HERO_HW.xpr
Scanning sources...
Finished scanning sources
INFO: [IP_Flow 19-234] Refreshing IP repositories
INFO: [IP_Flow 19-1700] Loaded user IP repository 'd:/Proyecto-02-SEP/IP_CORES'.
INFO: [IP_Flow 19-2313] Loaded Vivado IP repository 'C:/Xilinx/Vivado/2020.1/data/ip'.
open_project: Time (s): cpu = 00:00:35 ; elapsed = 00:00:30 . Memory (MB): peak = 1058.664 ; gain = 0.000
update_compile_order -fileset sources_1
exit
INFO: [Common 17-206] Exiting Vivado at Wed Jun  3 09:23:55 2026...
